INFO - 2023-08-31 06:43:46 --> Session: Class initialized using 'CodeIgniter\Session\Handlers\FileHandler' driver.
CRITICAL - 2023-08-31 06:43:46 --> Undefined variable $descper
in APPPATH\Views\user\template\template.php on line 34.
 1 APPPATH\Views\user\template\template.php(34): CodeIgniter\Debug\Exceptions->errorHandler(2, 'Undefined variable $descper', 'F:\\WIT\\Magang\\Projek CI4\\company-profile\\app\\Views\\user\\template\\template.php', 34)
 2 SYSTEMPATH\View\View.php(224): include('F:\\WIT\\Magang\\Projek CI4\\company-profile\\app\\Views\\user\\template\\template.php')
 3 SYSTEMPATH\View\View.php(227): CodeIgniter\View\View->CodeIgniter\View\{closure}()
 4 SYSTEMPATH\View\View.php(240): CodeIgniter\View\View->render('user/template/template', [], true)
 5 SYSTEMPATH\Common.php(1180): CodeIgniter\View\View->render('user/home/index', [], true)
 6 APPPATH\Controllers\user\Homectrl.php(46): view('user/home/index', [...])
 7 SYSTEMPATH\CodeIgniter.php(932): App\Controllers\user\Homectrl->index()
 8 SYSTEMPATH\CodeIgniter.php(497): CodeIgniter\CodeIgniter->runController(Object(App\Controllers\user\Homectrl))
 9 SYSTEMPATH\CodeIgniter.php(366): CodeIgniter\CodeIgniter->handleRequest(null, Object(Config\Cache), false)
10 FCPATH\index.php(67): CodeIgniter\CodeIgniter->run()
11 SYSTEMPATH\Commands\Server\rewrite.php(47): require_once('F:\\WIT\\Magang\\Projek CI4\\company-profile\\public\\index.php')
INFO - 2023-08-31 06:44:18 --> Session: Class initialized using 'CodeIgniter\Session\Handlers\FileHandler' driver.
INFO - 2023-08-31 06:44:29 --> Session: Class initialized using 'CodeIgniter\Session\Handlers\FileHandler' driver.
INFO - 2023-08-31 06:44:36 --> Session: Class initialized using 'CodeIgniter\Session\Handlers\FileHandler' driver.
INFO - 2023-08-31 06:44:39 --> Session: Class initialized using 'CodeIgniter\Session\Handlers\FileHandler' driver.
INFO - 2023-08-31 06:44:45 --> Session: Class initialized using 'CodeIgniter\Session\Handlers\FileHandler' driver.
INFO - 2023-08-31 06:46:45 --> Session: Class initialized using 'CodeIgniter\Session\Handlers\FileHandler' driver.
INFO - 2023-08-31 06:46:48 --> Session: Class initialized using 'CodeIgniter\Session\Handlers\FileHandler' driver.
INFO - 2023-08-31 06:46:57 --> Session: Class initialized using 'CodeIgniter\Session\Handlers\FileHandler' driver.
INFO - 2023-08-31 06:48:29 --> Session: Class initialized using 'CodeIgniter\Session\Handlers\FileHandler' driver.
INFO - 2023-08-31 06:48:54 --> Session: Class initialized using 'CodeIgniter\Session\Handlers\FileHandler' driver.
INFO - 2023-08-31 06:50:16 --> Session: Class initialized using 'CodeIgniter\Session\Handlers\FileHandler' driver.
INFO - 2023-08-31 06:50:59 --> Session: Class initialized using 'CodeIgniter\Session\Handlers\FileHandler' driver.
INFO - 2023-08-31 06:51:29 --> Session: Class initialized using 'CodeIgniter\Session\Handlers\FileHandler' driver.
INFO - 2023-08-31 06:51:37 --> Session: Class initialized using 'CodeIgniter\Session\Handlers\FileHandler' driver.
INFO - 2023-08-31 06:53:46 --> Session: Class initialized using 'CodeIgniter\Session\Handlers\FileHandler' driver.
INFO - 2023-08-31 08:43:47 --> Session: Class initialized using 'CodeIgniter\Session\Handlers\FileHandler' driver.
CRITICAL - 2023-08-31 08:43:47 --> Undefined variable $produk
in APPPATH\Views\user\aktivitas\index.php on line 32.
 1 APPPATH\Views\user\aktivitas\index.php(32): CodeIgniter\Debug\Exceptions->errorHandler(2, 'Undefined variable $produk', 'F:\\WIT\\Magang\\Projek CI4\\company-profile\\app\\Views\\user\\aktivitas\\index.php', 32)
 2 SYSTEMPATH\View\View.php(224): include('F:\\WIT\\Magang\\Projek CI4\\company-profile\\app\\Views\\user\\aktivitas\\index.php')
 3 SYSTEMPATH\View\View.php(227): CodeIgniter\View\View->CodeIgniter\View\{closure}()
 4 SYSTEMPATH\Common.php(1180): CodeIgniter\View\View->render('user/aktivitas/index', [], true)
 5 APPPATH\Controllers\user\Aktivitasctrl.php(55): view('user/aktivitas/index', [...])
 6 SYSTEMPATH\CodeIgniter.php(932): App\Controllers\user\Aktivitasctrl->index()
 7 SYSTEMPATH\CodeIgniter.php(497): CodeIgniter\CodeIgniter->runController(Object(App\Controllers\user\Aktivitasctrl))
 8 SYSTEMPATH\CodeIgniter.php(366): CodeIgniter\CodeIgniter->handleRequest(null, Object(Config\Cache), false)
 9 FCPATH\index.php(67): CodeIgniter\CodeIgniter->run()
10 SYSTEMPATH\Commands\Server\rewrite.php(47): require_once('F:\\WIT\\Magang\\Projek CI4\\company-profile\\public\\index.php')
INFO - 2023-08-31 08:43:55 --> Session: Class initialized using 'CodeIgniter\Session\Handlers\FileHandler' driver.
INFO - 2023-08-31 08:46:46 --> Session: Class initialized using 'CodeIgniter\Session\Handlers\FileHandler' driver.
INFO - 2023-08-31 08:46:46 --> Session: Class initialized using 'CodeIgniter\Session\Handlers\FileHandler' driver.
INFO - 2023-08-31 08:52:05 --> Session: Class initialized using 'CodeIgniter\Session\Handlers\FileHandler' driver.
CRITICAL - 2023-08-31 08:52:05 --> Undefined variable $aktivitas
in APPPATH\Views\user\aktivitas\detail.php on line 52.
 1 APPPATH\Views\user\aktivitas\detail.php(52): CodeIgniter\Debug\Exceptions->errorHandler(2, 'Undefined variable $aktivitas', 'F:\\WIT\\Magang\\Projek CI4\\company-profile\\app\\Views\\user\\aktivitas\\detail.php', 52)
 2 SYSTEMPATH\View\View.php(224): include('F:\\WIT\\Magang\\Projek CI4\\company-profile\\app\\Views\\user\\aktivitas\\detail.php')
 3 SYSTEMPATH\View\View.php(227): CodeIgniter\View\View->CodeIgniter\View\{closure}()
 4 SYSTEMPATH\Common.php(1180): CodeIgniter\View\View->render('user/aktivitas/detail', [], true)
 5 APPPATH\Controllers\user\Aktivitasctrl.php(84): view('user/aktivitas/detail', [...])
 6 SYSTEMPATH\CodeIgniter.php(932): App\Controllers\user\Aktivitasctrl->detail('1', 'Cinnamon-Export', 'Ekspor-Kayu-Manis')
 7 SYSTEMPATH\CodeIgniter.php(497): CodeIgniter\CodeIgniter->runController(Object(App\Controllers\user\Aktivitasctrl))
 8 SYSTEMPATH\CodeIgniter.php(366): CodeIgniter\CodeIgniter->handleRequest(null, Object(Config\Cache), false)
 9 FCPATH\index.php(67): CodeIgniter\CodeIgniter->run()
10 SYSTEMPATH\Commands\Server\rewrite.php(47): require_once('F:\\WIT\\Magang\\Projek CI4\\company-profile\\public\\index.php')
INFO - 2023-08-31 08:52:19 --> Session: Class initialized using 'CodeIgniter\Session\Handlers\FileHandler' driver.
INFO - 2023-08-31 08:52:39 --> Session: Class initialized using 'CodeIgniter\Session\Handlers\FileHandler' driver.
INFO - 2023-08-31 10:22:23 --> Session: Class initialized using 'CodeIgniter\Session\Handlers\FileHandler' driver.
INFO - 2023-08-31 10:22:28 --> Session: Class initialized using 'CodeIgniter\Session\Handlers\FileHandler' driver.
INFO - 2023-08-31 10:22:34 --> Session: Class initialized using 'CodeIgniter\Session\Handlers\FileHandler' driver.
INFO - 2023-08-31 10:22:34 --> Session: Class initialized using 'CodeIgniter\Session\Handlers\FileHandler' driver.
INFO - 2023-08-31 10:22:38 --> Session: Class initialized using 'CodeIgniter\Session\Handlers\FileHandler' driver.
INFO - 2023-08-31 10:22:39 --> Session: Class initialized using 'CodeIgniter\Session\Handlers\FileHandler' driver.
