ERROR - 2024-10-07 02:41:45 --> Error connecting to the database: mysqli_sql_exception: No connection could be made because the target machine actively refused it in E:\Magang 2024\Project\competent-academy\competent\system\Database\MySQLi\Connection.php:173
Stack trace:
#0 E:\Magang 2024\Project\competent-academy\competent\system\Database\MySQLi\Connection.php(173): mysqli->real_connect('localhost', 'root', Object(SensitiveParameterValue), 'company_profile', 3306, '', 0)
#1 E:\Magang 2024\Project\competent-academy\competent\system\Database\BaseConnection.php(391): CodeIgniter\Database\MySQLi\Connection->connect(false)
#2 E:\Magang 2024\Project\competent-academy\competent\system\Database\BaseConnection.php(574): CodeIgniter\Database\BaseConnection->initialize()
#3 E:\Magang 2024\Project\competent-academy\competent\system\Database\BaseBuilder.php(1616): CodeIgniter\Database\BaseConnection->query('SELECT *\nFROM `...', Array, false)
#4 E:\Magang 2024\Project\competent-academy\competent\system\Model.php(268): CodeIgniter\Database\BaseBuilder->get()
#5 E:\Magang 2024\Project\competent-academy\competent\system\BaseModel.php(656): CodeIgniter\Model->doFirst()
#6 E:\Magang 2024\Project\competent-academy\competent\app\Controllers\user\Homectrl.php(33): CodeIgniter\BaseModel->first()
#7 E:\Magang 2024\Project\competent-academy\competent\system\CodeIgniter.php(932): App\Controllers\user\Homectrl->index()
#8 E:\Magang 2024\Project\competent-academy\competent\system\CodeIgniter.php(497): CodeIgniter\CodeIgniter->runController(Object(App\Controllers\user\Homectrl))
#9 E:\Magang 2024\Project\competent-academy\competent\system\CodeIgniter.php(366): CodeIgniter\CodeIgniter->handleRequest(NULL, Object(Config\Cache), false)
#10 E:\Magang 2024\Project\competent-academy\competent\public\index.php(67): CodeIgniter\CodeIgniter->run()
#11 E:\Magang 2024\Project\competent-academy\competent\system\Commands\Server\rewrite.php(47): require_once('E:\\Magang 2024\\...')
#12 {main}

Next CodeIgniter\Database\Exceptions\DatabaseException: No connection could be made because the target machine actively refused it in E:\Magang 2024\Project\competent-academy\competent\system\Database\MySQLi\Connection.php:218
Stack trace:
#0 E:\Magang 2024\Project\competent-academy\competent\system\Database\BaseConnection.php(391): CodeIgniter\Database\MySQLi\Connection->connect(false)
#1 E:\Magang 2024\Project\competent-academy\competent\system\Database\BaseConnection.php(574): CodeIgniter\Database\BaseConnection->initialize()
#2 E:\Magang 2024\Project\competent-academy\competent\system\Database\BaseBuilder.php(1616): CodeIgniter\Database\BaseConnection->query('SELECT *\nFROM `...', Array, false)
#3 E:\Magang 2024\Project\competent-academy\competent\system\Model.php(268): CodeIgniter\Database\BaseBuilder->get()
#4 E:\Magang 2024\Project\competent-academy\competent\system\BaseModel.php(656): CodeIgniter\Model->doFirst()
#5 E:\Magang 2024\Project\competent-academy\competent\app\Controllers\user\Homectrl.php(33): CodeIgniter\BaseModel->first()
#6 E:\Magang 2024\Project\competent-academy\competent\system\CodeIgniter.php(932): App\Controllers\user\Homectrl->index()
#7 E:\Magang 2024\Project\competent-academy\competent\system\CodeIgniter.php(497): CodeIgniter\CodeIgniter->runController(Object(App\Controllers\user\Homectrl))
#8 E:\Magang 2024\Project\competent-academy\competent\system\CodeIgniter.php(366): CodeIgniter\CodeIgniter->handleRequest(NULL, Object(Config\Cache), false)
#9 E:\Magang 2024\Project\competent-academy\competent\public\index.php(67): CodeIgniter\CodeIgniter->run()
#10 E:\Magang 2024\Project\competent-academy\competent\system\Commands\Server\rewrite.php(47): require_once('E:\\Magang 2024\\...')
#11 {main}
CRITICAL - 2024-10-07 02:41:45 --> Unable to connect to the database.
Main connection [MySQLi]: No connection could be made because the target machine actively refused it
in SYSTEMPATH\Database\BaseConnection.php on line 427.
 1 SYSTEMPATH\Database\BaseConnection.php(574): CodeIgniter\Database\BaseConnection->initialize()
 2 SYSTEMPATH\Database\BaseBuilder.php(1616): CodeIgniter\Database\BaseConnection->query('SELECT *
FROM `tb_meta`
WHERE `nama_halaman` = :nama_halaman:
 LIMIT 1', [...], false)
 3 SYSTEMPATH\Model.php(268): CodeIgniter\Database\BaseBuilder->get()
 4 SYSTEMPATH\BaseModel.php(656): CodeIgniter\Model->doFirst()
 5 APPPATH\Controllers\user\Homectrl.php(33): CodeIgniter\BaseModel->first()
 6 SYSTEMPATH\CodeIgniter.php(932): App\Controllers\user\Homectrl->index()
 7 SYSTEMPATH\CodeIgniter.php(497): CodeIgniter\CodeIgniter->runController(Object(App\Controllers\user\Homectrl))
 8 SYSTEMPATH\CodeIgniter.php(366): CodeIgniter\CodeIgniter->handleRequest(null, Object(Config\Cache), false)
 9 FCPATH\index.php(67): CodeIgniter\CodeIgniter->run()
10 SYSTEMPATH\Commands\Server\rewrite.php(47): require_once('E:\\Magang 2024\\Project\\competent-academy\\competent\\public\\index.php')
ERROR - 2024-10-07 02:41:59 --> Error connecting to the database: mysqli_sql_exception: No connection could be made because the target machine actively refused it in E:\Magang 2024\Project\competent-academy\competent\system\Database\MySQLi\Connection.php:173
Stack trace:
#0 E:\Magang 2024\Project\competent-academy\competent\system\Database\MySQLi\Connection.php(173): mysqli->real_connect('localhost', 'root', Object(SensitiveParameterValue), 'company_profile', 3306, '', 0)
#1 E:\Magang 2024\Project\competent-academy\competent\system\Database\BaseConnection.php(391): CodeIgniter\Database\MySQLi\Connection->connect(false)
#2 E:\Magang 2024\Project\competent-academy\competent\system\Database\BaseConnection.php(574): CodeIgniter\Database\BaseConnection->initialize()
#3 E:\Magang 2024\Project\competent-academy\competent\system\Database\BaseBuilder.php(1616): CodeIgniter\Database\BaseConnection->query('SELECT *\nFROM `...', Array, false)
#4 E:\Magang 2024\Project\competent-academy\competent\system\Model.php(268): CodeIgniter\Database\BaseBuilder->get()
#5 E:\Magang 2024\Project\competent-academy\competent\system\BaseModel.php(656): CodeIgniter\Model->doFirst()
#6 E:\Magang 2024\Project\competent-academy\competent\app\Controllers\user\Homectrl.php(33): CodeIgniter\BaseModel->first()
#7 E:\Magang 2024\Project\competent-academy\competent\system\CodeIgniter.php(932): App\Controllers\user\Homectrl->index()
#8 E:\Magang 2024\Project\competent-academy\competent\system\CodeIgniter.php(497): CodeIgniter\CodeIgniter->runController(Object(App\Controllers\user\Homectrl))
#9 E:\Magang 2024\Project\competent-academy\competent\system\CodeIgniter.php(366): CodeIgniter\CodeIgniter->handleRequest(NULL, Object(Config\Cache), false)
#10 E:\Magang 2024\Project\competent-academy\competent\public\index.php(67): CodeIgniter\CodeIgniter->run()
#11 E:\Magang 2024\Project\competent-academy\competent\system\Commands\Server\rewrite.php(47): require_once('E:\\Magang 2024\\...')
#12 {main}

Next CodeIgniter\Database\Exceptions\DatabaseException: No connection could be made because the target machine actively refused it in E:\Magang 2024\Project\competent-academy\competent\system\Database\MySQLi\Connection.php:218
Stack trace:
#0 E:\Magang 2024\Project\competent-academy\competent\system\Database\BaseConnection.php(391): CodeIgniter\Database\MySQLi\Connection->connect(false)
#1 E:\Magang 2024\Project\competent-academy\competent\system\Database\BaseConnection.php(574): CodeIgniter\Database\BaseConnection->initialize()
#2 E:\Magang 2024\Project\competent-academy\competent\system\Database\BaseBuilder.php(1616): CodeIgniter\Database\BaseConnection->query('SELECT *\nFROM `...', Array, false)
#3 E:\Magang 2024\Project\competent-academy\competent\system\Model.php(268): CodeIgniter\Database\BaseBuilder->get()
#4 E:\Magang 2024\Project\competent-academy\competent\system\BaseModel.php(656): CodeIgniter\Model->doFirst()
#5 E:\Magang 2024\Project\competent-academy\competent\app\Controllers\user\Homectrl.php(33): CodeIgniter\BaseModel->first()
#6 E:\Magang 2024\Project\competent-academy\competent\system\CodeIgniter.php(932): App\Controllers\user\Homectrl->index()
#7 E:\Magang 2024\Project\competent-academy\competent\system\CodeIgniter.php(497): CodeIgniter\CodeIgniter->runController(Object(App\Controllers\user\Homectrl))
#8 E:\Magang 2024\Project\competent-academy\competent\system\CodeIgniter.php(366): CodeIgniter\CodeIgniter->handleRequest(NULL, Object(Config\Cache), false)
#9 E:\Magang 2024\Project\competent-academy\competent\public\index.php(67): CodeIgniter\CodeIgniter->run()
#10 E:\Magang 2024\Project\competent-academy\competent\system\Commands\Server\rewrite.php(47): require_once('E:\\Magang 2024\\...')
#11 {main}
CRITICAL - 2024-10-07 02:41:59 --> Unable to connect to the database.
Main connection [MySQLi]: No connection could be made because the target machine actively refused it
in SYSTEMPATH\Database\BaseConnection.php on line 427.
 1 SYSTEMPATH\Database\BaseConnection.php(574): CodeIgniter\Database\BaseConnection->initialize()
 2 SYSTEMPATH\Database\BaseBuilder.php(1616): CodeIgniter\Database\BaseConnection->query('SELECT *
FROM `tb_meta`
WHERE `nama_halaman` = :nama_halaman:
 LIMIT 1', [...], false)
 3 SYSTEMPATH\Model.php(268): CodeIgniter\Database\BaseBuilder->get()
 4 SYSTEMPATH\BaseModel.php(656): CodeIgniter\Model->doFirst()
 5 APPPATH\Controllers\user\Homectrl.php(33): CodeIgniter\BaseModel->first()
 6 SYSTEMPATH\CodeIgniter.php(932): App\Controllers\user\Homectrl->index()
 7 SYSTEMPATH\CodeIgniter.php(497): CodeIgniter\CodeIgniter->runController(Object(App\Controllers\user\Homectrl))
 8 SYSTEMPATH\CodeIgniter.php(366): CodeIgniter\CodeIgniter->handleRequest(null, Object(Config\Cache), false)
 9 FCPATH\index.php(67): CodeIgniter\CodeIgniter->run()
10 SYSTEMPATH\Commands\Server\rewrite.php(47): require_once('E:\\Magang 2024\\Project\\competent-academy\\competent\\public\\index.php')
CRITICAL - 2024-10-07 03:08:38 --> Undefined variable $lang
in APPPATH\Views\user\artikel\detail.php on line 110.
 1 APPPATH\Views\user\artikel\detail.php(110): CodeIgniter\Debug\Exceptions->errorHandler(2, 'Undefined variable $lang', 'E:\\Magang 2024\\Project\\competent-academy\\competent\\app\\Views\\user\\artikel\\detail.php', 110)
 2 SYSTEMPATH\View\View.php(224): include('E:\\Magang 2024\\Project\\competent-academy\\competent\\app\\Views\\user\\artikel\\detail.php')
 3 SYSTEMPATH\View\View.php(227): CodeIgniter\View\View->CodeIgniter\View\{closure}()
 4 SYSTEMPATH\Common.php(1180): CodeIgniter\View\View->render('user/artikel/detail', [], true)
 5 APPPATH\Controllers\user\Artikelctrl.php(105): view('user/artikel/detail', [...])
 6 SYSTEMPATH\CodeIgniter.php(932): App\Controllers\user\Artikelctrl->detail('sertifikasi-junior-programmer-untuk-mahasiswa-magang-di-elecomp-indonesia')
 7 SYSTEMPATH\CodeIgniter.php(497): CodeIgniter\CodeIgniter->runController(Object(App\Controllers\user\Artikelctrl))
 8 SYSTEMPATH\CodeIgniter.php(366): CodeIgniter\CodeIgniter->handleRequest(null, Object(Config\Cache), false)
 9 FCPATH\index.php(67): CodeIgniter\CodeIgniter->run()
10 SYSTEMPATH\Commands\Server\rewrite.php(47): require_once('E:\\Magang 2024\\Project\\competent-academy\\competent\\public\\index.php')
CRITICAL - 2024-10-07 03:08:41 --> Undefined variable $lang
in APPPATH\Views\user\artikel\detail.php on line 110.
 1 APPPATH\Views\user\artikel\detail.php(110): CodeIgniter\Debug\Exceptions->errorHandler(2, 'Undefined variable $lang', 'E:\\Magang 2024\\Project\\competent-academy\\competent\\app\\Views\\user\\artikel\\detail.php', 110)
 2 SYSTEMPATH\View\View.php(224): include('E:\\Magang 2024\\Project\\competent-academy\\competent\\app\\Views\\user\\artikel\\detail.php')
 3 SYSTEMPATH\View\View.php(227): CodeIgniter\View\View->CodeIgniter\View\{closure}()
 4 SYSTEMPATH\Common.php(1180): CodeIgniter\View\View->render('user/artikel/detail', [], true)
 5 APPPATH\Controllers\user\Artikelctrl.php(105): view('user/artikel/detail', [...])
 6 SYSTEMPATH\CodeIgniter.php(932): App\Controllers\user\Artikelctrl->detail('sertifikasi-junior-programmer-untuk-mahasiswa-magang-di-elecomp-indonesia')
 7 SYSTEMPATH\CodeIgniter.php(497): CodeIgniter\CodeIgniter->runController(Object(App\Controllers\user\Artikelctrl))
 8 SYSTEMPATH\CodeIgniter.php(366): CodeIgniter\CodeIgniter->handleRequest(null, Object(Config\Cache), false)
 9 FCPATH\index.php(67): CodeIgniter\CodeIgniter->run()
10 SYSTEMPATH\Commands\Server\rewrite.php(47): require_once('E:\\Magang 2024\\Project\\competent-academy\\competent\\public\\index.php')
CRITICAL - 2024-10-07 03:08:58 --> Undefined variable $lang
in APPPATH\Views\user\artikel\detail.php on line 110.
 1 APPPATH\Views\user\artikel\detail.php(110): CodeIgniter\Debug\Exceptions->errorHandler(2, 'Undefined variable $lang', 'E:\\Magang 2024\\Project\\competent-academy\\competent\\app\\Views\\user\\artikel\\detail.php', 110)
 2 SYSTEMPATH\View\View.php(224): include('E:\\Magang 2024\\Project\\competent-academy\\competent\\app\\Views\\user\\artikel\\detail.php')
 3 SYSTEMPATH\View\View.php(227): CodeIgniter\View\View->CodeIgniter\View\{closure}()
 4 SYSTEMPATH\Common.php(1180): CodeIgniter\View\View->render('user/artikel/detail', [], true)
 5 APPPATH\Controllers\user\Artikelctrl.php(105): view('user/artikel/detail', [...])
 6 SYSTEMPATH\CodeIgniter.php(932): App\Controllers\user\Artikelctrl->detail('junior-programmer-certification-for-internship-students-at-elecomp-indonesia')
 7 SYSTEMPATH\CodeIgniter.php(497): CodeIgniter\CodeIgniter->runController(Object(App\Controllers\user\Artikelctrl))
 8 SYSTEMPATH\CodeIgniter.php(366): CodeIgniter\CodeIgniter->handleRequest(null, Object(Config\Cache), false)
 9 FCPATH\index.php(67): CodeIgniter\CodeIgniter->run()
10 SYSTEMPATH\Commands\Server\rewrite.php(47): require_once('E:\\Magang 2024\\Project\\competent-academy\\competent\\public\\index.php')
CRITICAL - 2024-10-07 03:09:39 --> Undefined variable $lang
in APPPATH\Views\user\artikel\detail.php on line 110.
 1 APPPATH\Views\user\artikel\detail.php(110): CodeIgniter\Debug\Exceptions->errorHandler(2, 'Undefined variable $lang', 'E:\\Magang 2024\\Project\\competent-academy\\competent\\app\\Views\\user\\artikel\\detail.php', 110)
 2 SYSTEMPATH\View\View.php(224): include('E:\\Magang 2024\\Project\\competent-academy\\competent\\app\\Views\\user\\artikel\\detail.php')
 3 SYSTEMPATH\View\View.php(227): CodeIgniter\View\View->CodeIgniter\View\{closure}()
 4 SYSTEMPATH\Common.php(1180): CodeIgniter\View\View->render('user/artikel/detail', [], true)
 5 APPPATH\Controllers\user\Artikelctrl.php(107): view('user/artikel/detail', [...])
 6 SYSTEMPATH\CodeIgniter.php(932): App\Controllers\user\Artikelctrl->detail('junior-programmer-certification-for-internship-students-at-elecomp-indonesia')
 7 SYSTEMPATH\CodeIgniter.php(497): CodeIgniter\CodeIgniter->runController(Object(App\Controllers\user\Artikelctrl))
 8 SYSTEMPATH\CodeIgniter.php(366): CodeIgniter\CodeIgniter->handleRequest(null, Object(Config\Cache), false)
 9 FCPATH\index.php(67): CodeIgniter\CodeIgniter->run()
10 SYSTEMPATH\Commands\Server\rewrite.php(47): require_once('E:\\Magang 2024\\Project\\competent-academy\\competent\\public\\index.php')
CRITICAL - 2024-10-07 03:10:12 --> Undefined variable $language
in APPPATH\Views\user\artikel\detail.php on line 80.
 1 APPPATH\Views\user\artikel\detail.php(80): CodeIgniter\Debug\Exceptions->errorHandler(2, 'Undefined variable $language', 'E:\\Magang 2024\\Project\\competent-academy\\competent\\app\\Views\\user\\artikel\\detail.php', 80)
 2 SYSTEMPATH\View\View.php(224): include('E:\\Magang 2024\\Project\\competent-academy\\competent\\app\\Views\\user\\artikel\\detail.php')
 3 SYSTEMPATH\View\View.php(227): CodeIgniter\View\View->CodeIgniter\View\{closure}()
 4 SYSTEMPATH\Common.php(1180): CodeIgniter\View\View->render('user/artikel/detail', [], true)
 5 APPPATH\Controllers\user\Artikelctrl.php(107): view('user/artikel/detail', [...])
 6 SYSTEMPATH\CodeIgniter.php(932): App\Controllers\user\Artikelctrl->detail('junior-programmer-certification-for-internship-students-at-elecomp-indonesia')
 7 SYSTEMPATH\CodeIgniter.php(497): CodeIgniter\CodeIgniter->runController(Object(App\Controllers\user\Artikelctrl))
 8 SYSTEMPATH\CodeIgniter.php(366): CodeIgniter\CodeIgniter->handleRequest(null, Object(Config\Cache), false)
 9 FCPATH\index.php(67): CodeIgniter\CodeIgniter->run()
10 SYSTEMPATH\Commands\Server\rewrite.php(47): require_once('E:\\Magang 2024\\Project\\competent-academy\\competent\\public\\index.php')
CRITICAL - 2024-10-07 03:10:23 --> Undefined variable $judul_artikel
in APPPATH\Controllers\user\Artikelctrl.php on line 91.
 1 APPPATH\Controllers\user\Artikelctrl.php(91): CodeIgniter\Debug\Exceptions->errorHandler(2, 'Undefined variable $judul_artikel', 'E:\\Magang 2024\\Project\\competent-academy\\competent\\app\\Controllers\\user\\Artikelctrl.php', 91)
 2 SYSTEMPATH\CodeIgniter.php(932): App\Controllers\user\Artikelctrl->detail('junior-programmer-certification-for-internship-students-at-elecomp-indonesia')
 3 SYSTEMPATH\CodeIgniter.php(497): CodeIgniter\CodeIgniter->runController(Object(App\Controllers\user\Artikelctrl))
 4 SYSTEMPATH\CodeIgniter.php(366): CodeIgniter\CodeIgniter->handleRequest(null, Object(Config\Cache), false)
 5 FCPATH\index.php(67): CodeIgniter\CodeIgniter->run()
 6 SYSTEMPATH\Commands\Server\rewrite.php(47): require_once('E:\\Magang 2024\\Project\\competent-academy\\competent\\public\\index.php')
CRITICAL - 2024-10-07 03:11:23 --> Undefined variable $language
in APPPATH\Controllers\user\Artikelctrl.php on line 98.
 1 APPPATH\Controllers\user\Artikelctrl.php(98): CodeIgniter\Debug\Exceptions->errorHandler(2, 'Undefined variable $language', 'E:\\Magang 2024\\Project\\competent-academy\\competent\\app\\Controllers\\user\\Artikelctrl.php', 98)
 2 SYSTEMPATH\CodeIgniter.php(932): App\Controllers\user\Artikelctrl->detail('junior-programmer-certification-for-internship-students-at-elecomp-indonesia')
 3 SYSTEMPATH\CodeIgniter.php(497): CodeIgniter\CodeIgniter->runController(Object(App\Controllers\user\Artikelctrl))
 4 SYSTEMPATH\CodeIgniter.php(366): CodeIgniter\CodeIgniter->handleRequest(null, Object(Config\Cache), false)
 5 FCPATH\index.php(67): CodeIgniter\CodeIgniter->run()
 6 SYSTEMPATH\Commands\Server\rewrite.php(47): require_once('E:\\Magang 2024\\Project\\competent-academy\\competent\\public\\index.php')
CRITICAL - 2024-10-07 03:11:38 --> Undefined variable $language
in APPPATH\Controllers\user\Artikelctrl.php on line 98.
 1 APPPATH\Controllers\user\Artikelctrl.php(98): CodeIgniter\Debug\Exceptions->errorHandler(2, 'Undefined variable $language', 'E:\\Magang 2024\\Project\\competent-academy\\competent\\app\\Controllers\\user\\Artikelctrl.php', 98)
 2 SYSTEMPATH\CodeIgniter.php(932): App\Controllers\user\Artikelctrl->detail('junior-programmer-certification-for-internship-students-at-elecomp-indonesia')
 3 SYSTEMPATH\CodeIgniter.php(497): CodeIgniter\CodeIgniter->runController(Object(App\Controllers\user\Artikelctrl))
 4 SYSTEMPATH\CodeIgniter.php(366): CodeIgniter\CodeIgniter->handleRequest(null, Object(Config\Cache), false)
 5 FCPATH\index.php(67): CodeIgniter\CodeIgniter->run()
 6 SYSTEMPATH\Commands\Server\rewrite.php(47): require_once('E:\\Magang 2024\\Project\\competent-academy\\competent\\public\\index.php')
CRITICAL - 2024-10-07 03:12:00 --> Undefined variable $language
in APPPATH\Views\user\artikel\detail.php on line 80.
 1 APPPATH\Views\user\artikel\detail.php(80): CodeIgniter\Debug\Exceptions->errorHandler(2, 'Undefined variable $language', 'E:\\Magang 2024\\Project\\competent-academy\\competent\\app\\Views\\user\\artikel\\detail.php', 80)
 2 SYSTEMPATH\View\View.php(224): include('E:\\Magang 2024\\Project\\competent-academy\\competent\\app\\Views\\user\\artikel\\detail.php')
 3 SYSTEMPATH\View\View.php(227): CodeIgniter\View\View->CodeIgniter\View\{closure}()
 4 SYSTEMPATH\Common.php(1180): CodeIgniter\View\View->render('user/artikel/detail', [], true)
 5 APPPATH\Controllers\user\Artikelctrl.php(111): view('user/artikel/detail', [...])
 6 SYSTEMPATH\CodeIgniter.php(932): App\Controllers\user\Artikelctrl->detail('junior-programmer-certification-for-internship-students-at-elecomp-indonesia')
 7 SYSTEMPATH\CodeIgniter.php(497): CodeIgniter\CodeIgniter->runController(Object(App\Controllers\user\Artikelctrl))
 8 SYSTEMPATH\CodeIgniter.php(366): CodeIgniter\CodeIgniter->handleRequest(null, Object(Config\Cache), false)
 9 FCPATH\index.php(67): CodeIgniter\CodeIgniter->run()
10 SYSTEMPATH\Commands\Server\rewrite.php(47): require_once('E:\\Magang 2024\\Project\\competent-academy\\competent\\public\\index.php')
CRITICAL - 2024-10-07 03:14:14 --> Attempt to read property "slug_id" on null
in APPPATH\Controllers\user\Artikelctrl.php on line 73.
 1 APPPATH\Controllers\user\Artikelctrl.php(73): CodeIgniter\Debug\Exceptions->errorHandler(2, 'Attempt to read property "slug_id" on null', 'E:\\Magang 2024\\Project\\competent-academy\\competent\\app\\Controllers\\user\\Artikelctrl.php', 73)
 2 SYSTEMPATH\CodeIgniter.php(932): App\Controllers\user\Artikelctrl->detail('junior-programmer-certification-for-internship-students-at-elecomp-indonesia')
 3 SYSTEMPATH\CodeIgniter.php(497): CodeIgniter\CodeIgniter->runController(Object(App\Controllers\user\Artikelctrl))
 4 SYSTEMPATH\CodeIgniter.php(366): CodeIgniter\CodeIgniter->handleRequest(null, Object(Config\Cache), false)
 5 FCPATH\index.php(67): CodeIgniter\CodeIgniter->run()
 6 SYSTEMPATH\Commands\Server\rewrite.php(47): require_once('E:\\Magang 2024\\Project\\competent-academy\\competent\\public\\index.php')
CRITICAL - 2024-10-07 03:14:37 --> Attempt to read property "slug_id" on null
in APPPATH\Controllers\user\Artikelctrl.php on line 73.
 1 APPPATH\Controllers\user\Artikelctrl.php(73): CodeIgniter\Debug\Exceptions->errorHandler(2, 'Attempt to read property "slug_id" on null', 'E:\\Magang 2024\\Project\\competent-academy\\competent\\app\\Controllers\\user\\Artikelctrl.php', 73)
 2 SYSTEMPATH\CodeIgniter.php(932): App\Controllers\user\Artikelctrl->detail('junior-programmer-certification-for-internship-students-at-elecomp-indonesia')
 3 SYSTEMPATH\CodeIgniter.php(497): CodeIgniter\CodeIgniter->runController(Object(App\Controllers\user\Artikelctrl))
 4 SYSTEMPATH\CodeIgniter.php(366): CodeIgniter\CodeIgniter->handleRequest(null, Object(Config\Cache), false)
 5 FCPATH\index.php(67): CodeIgniter\CodeIgniter->run()
 6 SYSTEMPATH\Commands\Server\rewrite.php(47): require_once('E:\\Magang 2024\\Project\\competent-academy\\competent\\public\\index.php')
CRITICAL - 2024-10-07 03:14:52 --> Attempt to read property "slug_id" on null
in APPPATH\Controllers\user\Artikelctrl.php on line 79.
 1 APPPATH\Controllers\user\Artikelctrl.php(79): CodeIgniter\Debug\Exceptions->errorHandler(2, 'Attempt to read property "slug_id" on null', 'E:\\Magang 2024\\Project\\competent-academy\\competent\\app\\Controllers\\user\\Artikelctrl.php', 79)
 2 SYSTEMPATH\CodeIgniter.php(932): App\Controllers\user\Artikelctrl->detail('junior-programmer-certification-for-internship-students-at-elecomp-indonesia')
 3 SYSTEMPATH\CodeIgniter.php(497): CodeIgniter\CodeIgniter->runController(Object(App\Controllers\user\Artikelctrl))
 4 SYSTEMPATH\CodeIgniter.php(366): CodeIgniter\CodeIgniter->handleRequest(null, Object(Config\Cache), false)
 5 FCPATH\index.php(67): CodeIgniter\CodeIgniter->run()
 6 SYSTEMPATH\Commands\Server\rewrite.php(47): require_once('E:\\Magang 2024\\Project\\competent-academy\\competent\\public\\index.php')
CRITICAL - 2024-10-07 03:15:13 --> Attempt to read property "slug_id" on null
in APPPATH\Controllers\user\Artikelctrl.php on line 79.
 1 APPPATH\Controllers\user\Artikelctrl.php(79): CodeIgniter\Debug\Exceptions->errorHandler(2, 'Attempt to read property "slug_id" on null', 'E:\\Magang 2024\\Project\\competent-academy\\competent\\app\\Controllers\\user\\Artikelctrl.php', 79)
 2 SYSTEMPATH\CodeIgniter.php(932): App\Controllers\user\Artikelctrl->detail('junior-programmer-certification-for-internship-students-at-elecomp-indonesia')
 3 SYSTEMPATH\CodeIgniter.php(497): CodeIgniter\CodeIgniter->runController(Object(App\Controllers\user\Artikelctrl))
 4 SYSTEMPATH\CodeIgniter.php(366): CodeIgniter\CodeIgniter->handleRequest(null, Object(Config\Cache), false)
 5 FCPATH\index.php(67): CodeIgniter\CodeIgniter->run()
 6 SYSTEMPATH\Commands\Server\rewrite.php(47): require_once('E:\\Magang 2024\\Project\\competent-academy\\competent\\public\\index.php')
CRITICAL - 2024-10-07 03:33:25 --> Object of class stdClass could not be converted to string
in APPPATH\Controllers\user\Artikelctrl.php on line 78.
 1 SYSTEMPATH\CodeIgniter.php(932): App\Controllers\user\Artikelctrl->detail('sertifikasi-junior-programmer-untuk-mahasiswa-magang-di-elecomp-indonesia')
 2 SYSTEMPATH\CodeIgniter.php(497): CodeIgniter\CodeIgniter->runController(Object(App\Controllers\user\Artikelctrl))
 3 SYSTEMPATH\CodeIgniter.php(366): CodeIgniter\CodeIgniter->handleRequest(null, Object(Config\Cache), false)
 4 FCPATH\index.php(67): CodeIgniter\CodeIgniter->run()
 5 SYSTEMPATH\Commands\Server\rewrite.php(47): require_once('E:\\Magang 2024\\Project\\competent-academy\\competent\\public\\index.php')
CRITICAL - 2024-10-07 03:33:34 --> Object of class stdClass could not be converted to string
in APPPATH\Controllers\user\Artikelctrl.php on line 78.
 1 SYSTEMPATH\CodeIgniter.php(932): App\Controllers\user\Artikelctrl->detail('sertifikasi-junior-programmer-untuk-mahasiswa-magang-di-elecomp-indonesia')
 2 SYSTEMPATH\CodeIgniter.php(497): CodeIgniter\CodeIgniter->runController(Object(App\Controllers\user\Artikelctrl))
 3 SYSTEMPATH\CodeIgniter.php(366): CodeIgniter\CodeIgniter->handleRequest(null, Object(Config\Cache), false)
 4 FCPATH\index.php(67): CodeIgniter\CodeIgniter->run()
 5 SYSTEMPATH\Commands\Server\rewrite.php(47): require_once('E:\\Magang 2024\\Project\\competent-academy\\competent\\public\\index.php')
CRITICAL - 2024-10-07 03:33:39 --> Object of class stdClass could not be converted to string
in APPPATH\Controllers\user\Artikelctrl.php on line 78.
 1 SYSTEMPATH\CodeIgniter.php(932): App\Controllers\user\Artikelctrl->detail('sertifikasi-junior-programmer-untuk-mahasiswa-magang-di-elecomp-indonesia')
 2 SYSTEMPATH\CodeIgniter.php(497): CodeIgniter\CodeIgniter->runController(Object(App\Controllers\user\Artikelctrl))
 3 SYSTEMPATH\CodeIgniter.php(366): CodeIgniter\CodeIgniter->handleRequest(null, Object(Config\Cache), false)
 4 FCPATH\index.php(67): CodeIgniter\CodeIgniter->run()
 5 SYSTEMPATH\Commands\Server\rewrite.php(47): require_once('E:\\Magang 2024\\Project\\competent-academy\\competent\\public\\index.php')
