INFO - 2023-10-24 02:24:08 --> Session: Class initialized using 'CodeIgniter\Session\Handlers\FileHandler' driver.
INFO - 2023-10-24 02:41:44 --> Session: Class initialized using 'CodeIgniter\Session\Handlers\FileHandler' driver.
INFO - 2023-10-24 02:41:45 --> Session: Class initialized using 'CodeIgniter\Session\Handlers\FileHandler' driver.
INFO - 2023-10-24 02:41:48 --> Session: Class initialized using 'CodeIgniter\Session\Handlers\FileHandler' driver.
INFO - 2023-10-24 02:42:02 --> Session: Class initialized using 'CodeIgniter\Session\Handlers\FileHandler' driver.
INFO - 2023-10-24 02:42:02 --> Session: Class initialized using 'CodeIgniter\Session\Handlers\FileHandler' driver.
INFO - 2023-10-24 02:42:09 --> Session: Class initialized using 'CodeIgniter\Session\Handlers\FileHandler' driver.
INFO - 2023-10-24 02:42:15 --> Session: Class initialized using 'CodeIgniter\Session\Handlers\FileHandler' driver.
INFO - 2023-10-24 02:42:16 --> Session: Class initialized using 'CodeIgniter\Session\Handlers\FileHandler' driver.
INFO - 2023-10-24 02:42:19 --> Session: Class initialized using 'CodeIgniter\Session\Handlers\FileHandler' driver.
INFO - 2023-10-24 02:42:27 --> Session: Class initialized using 'CodeIgniter\Session\Handlers\FileHandler' driver.
INFO - 2023-10-24 02:42:27 --> Session: Class initialized using 'CodeIgniter\Session\Handlers\FileHandler' driver.
INFO - 2023-10-24 02:43:21 --> Session: Class initialized using 'CodeIgniter\Session\Handlers\FileHandler' driver.
INFO - 2023-10-24 02:46:15 --> Session: Class initialized using 'CodeIgniter\Session\Handlers\FileHandler' driver.
INFO - 2023-10-24 02:46:36 --> Session: Class initialized using 'CodeIgniter\Session\Handlers\FileHandler' driver.
INFO - 2023-10-24 02:49:08 --> Session: Class initialized using 'CodeIgniter\Session\Handlers\FileHandler' driver.
CRITICAL - 2023-10-24 02:49:08 --> Undefined variable $header
in APPPATH\Views\user\layout\header.php on line 6.
 1 APPPATH\Views\user\layout\header.php(6): CodeIgniter\Debug\Exceptions->errorHandler(2, 'Undefined variable $header', 'C:\\xampp\\htdocs\\company-profile\\app\\Views\\user\\layout\\header.php', 6)
 2 SYSTEMPATH\View\View.php(224): include('C:\\xampp\\htdocs\\company-profile\\app\\Views\\user\\layout\\header.php')
 3 SYSTEMPATH\View\View.php(227): CodeIgniter\View\View->CodeIgniter\View\{closure}()
 4 SYSTEMPATH\View\View.php(452): CodeIgniter\View\View->render('user/layout/header', null, true)
 5 APPPATH\Views\user\template\template.php(40): CodeIgniter\View\View->include('user/layout/header')
 6 SYSTEMPATH\View\View.php(224): include('C:\\xampp\\htdocs\\company-profile\\app\\Views\\user\\template\\template.php')
 7 SYSTEMPATH\View\View.php(227): CodeIgniter\View\View->CodeIgniter\View\{closure}()
 8 SYSTEMPATH\View\View.php(240): CodeIgniter\View\View->render('user/template/template', [], true)
 9 SYSTEMPATH\Common.php(1180): CodeIgniter\View\View->render('user/home/index', [], true)
10 APPPATH\Controllers\user\Homectrl.php(46): view('user/home/index', [...])
11 SYSTEMPATH\CodeIgniter.php(932): App\Controllers\user\Homectrl->index()
12 SYSTEMPATH\CodeIgniter.php(497): CodeIgniter\CodeIgniter->runController(Object(App\Controllers\user\Homectrl))
13 SYSTEMPATH\CodeIgniter.php(366): CodeIgniter\CodeIgniter->handleRequest(null, Object(Config\Cache), false)
14 FCPATH\index.php(67): CodeIgniter\CodeIgniter->run()
15 SYSTEMPATH\Commands\Server\rewrite.php(47): require_once('C:\\xampp\\htdocs\\company-profile\\public\\index.php')
INFO - 2023-10-24 02:49:37 --> Session: Class initialized using 'CodeIgniter\Session\Handlers\FileHandler' driver.
CRITICAL - 2023-10-24 02:49:37 --> Undefined variable $header
in APPPATH\Views\user\layout\header.php on line 6.
 1 APPPATH\Views\user\layout\header.php(6): CodeIgniter\Debug\Exceptions->errorHandler(2, 'Undefined variable $header', 'C:\\xampp\\htdocs\\company-profile\\app\\Views\\user\\layout\\header.php', 6)
 2 SYSTEMPATH\View\View.php(224): include('C:\\xampp\\htdocs\\company-profile\\app\\Views\\user\\layout\\header.php')
 3 SYSTEMPATH\View\View.php(227): CodeIgniter\View\View->CodeIgniter\View\{closure}()
 4 SYSTEMPATH\View\View.php(452): CodeIgniter\View\View->render('user/layout/header', null, true)
 5 APPPATH\Views\user\template\template.php(40): CodeIgniter\View\View->include('user/layout/header')
 6 SYSTEMPATH\View\View.php(224): include('C:\\xampp\\htdocs\\company-profile\\app\\Views\\user\\template\\template.php')
 7 SYSTEMPATH\View\View.php(227): CodeIgniter\View\View->CodeIgniter\View\{closure}()
 8 SYSTEMPATH\View\View.php(240): CodeIgniter\View\View->render('user/template/template', [], true)
 9 SYSTEMPATH\Common.php(1180): CodeIgniter\View\View->render('user/home/index', [], true)
10 APPPATH\Controllers\user\Homectrl.php(46): view('user/home/index', [...])
11 SYSTEMPATH\CodeIgniter.php(932): App\Controllers\user\Homectrl->index()
12 SYSTEMPATH\CodeIgniter.php(497): CodeIgniter\CodeIgniter->runController(Object(App\Controllers\user\Homectrl))
13 SYSTEMPATH\CodeIgniter.php(366): CodeIgniter\CodeIgniter->handleRequest(null, Object(Config\Cache), false)
14 FCPATH\index.php(67): CodeIgniter\CodeIgniter->run()
15 SYSTEMPATH\Commands\Server\rewrite.php(47): require_once('C:\\xampp\\htdocs\\company-profile\\public\\index.php')
INFO - 2023-10-24 02:50:53 --> Session: Class initialized using 'CodeIgniter\Session\Handlers\FileHandler' driver.
CRITICAL - 2023-10-24 02:50:53 --> Undefined variable $header
in APPPATH\Views\user\layout\header.php on line 6.
 1 APPPATH\Views\user\layout\header.php(6): CodeIgniter\Debug\Exceptions->errorHandler(2, 'Undefined variable $header', 'C:\\xampp\\htdocs\\company-profile\\app\\Views\\user\\layout\\header.php', 6)
 2 SYSTEMPATH\View\View.php(224): include('C:\\xampp\\htdocs\\company-profile\\app\\Views\\user\\layout\\header.php')
 3 SYSTEMPATH\View\View.php(227): CodeIgniter\View\View->CodeIgniter\View\{closure}()
 4 SYSTEMPATH\View\View.php(452): CodeIgniter\View\View->render('user/layout/header', null, true)
 5 APPPATH\Views\user\template\template.php(40): CodeIgniter\View\View->include('user/layout/header')
 6 SYSTEMPATH\View\View.php(224): include('C:\\xampp\\htdocs\\company-profile\\app\\Views\\user\\template\\template.php')
 7 SYSTEMPATH\View\View.php(227): CodeIgniter\View\View->CodeIgniter\View\{closure}()
 8 SYSTEMPATH\View\View.php(240): CodeIgniter\View\View->render('user/template/template', [], true)
 9 SYSTEMPATH\Common.php(1180): CodeIgniter\View\View->render('user/home/index', [], true)
10 APPPATH\Controllers\user\Homectrl.php(46): view('user/home/index', [...])
11 SYSTEMPATH\CodeIgniter.php(932): App\Controllers\user\Homectrl->index()
12 SYSTEMPATH\CodeIgniter.php(497): CodeIgniter\CodeIgniter->runController(Object(App\Controllers\user\Homectrl))
13 SYSTEMPATH\CodeIgniter.php(366): CodeIgniter\CodeIgniter->handleRequest(null, Object(Config\Cache), false)
14 FCPATH\index.php(67): CodeIgniter\CodeIgniter->run()
15 SYSTEMPATH\Commands\Server\rewrite.php(47): require_once('C:\\xampp\\htdocs\\company-profile\\public\\index.php')
INFO - 2023-10-24 02:52:03 --> Session: Class initialized using 'CodeIgniter\Session\Handlers\FileHandler' driver.
CRITICAL - 2023-10-24 02:52:04 --> Undefined variable $header
in APPPATH\Views\user\layout\header.php on line 6.
 1 APPPATH\Views\user\layout\header.php(6): CodeIgniter\Debug\Exceptions->errorHandler(2, 'Undefined variable $header', 'C:\\xampp\\htdocs\\company-profile\\app\\Views\\user\\layout\\header.php', 6)
 2 SYSTEMPATH\View\View.php(224): include('C:\\xampp\\htdocs\\company-profile\\app\\Views\\user\\layout\\header.php')
 3 SYSTEMPATH\View\View.php(227): CodeIgniter\View\View->CodeIgniter\View\{closure}()
 4 SYSTEMPATH\View\View.php(452): CodeIgniter\View\View->render('user/layout/header', null, true)
 5 APPPATH\Views\user\template\template.php(40): CodeIgniter\View\View->include('user/layout/header')
 6 SYSTEMPATH\View\View.php(224): include('C:\\xampp\\htdocs\\company-profile\\app\\Views\\user\\template\\template.php')
 7 SYSTEMPATH\View\View.php(227): CodeIgniter\View\View->CodeIgniter\View\{closure}()
 8 SYSTEMPATH\View\View.php(240): CodeIgniter\View\View->render('user/template/template', [], true)
 9 SYSTEMPATH\Common.php(1180): CodeIgniter\View\View->render('user/home/index', [], true)
10 APPPATH\Controllers\user\Homectrl.php(46): view('user/home/index', [...])
11 SYSTEMPATH\CodeIgniter.php(932): App\Controllers\user\Homectrl->index()
12 SYSTEMPATH\CodeIgniter.php(497): CodeIgniter\CodeIgniter->runController(Object(App\Controllers\user\Homectrl))
13 SYSTEMPATH\CodeIgniter.php(366): CodeIgniter\CodeIgniter->handleRequest(null, Object(Config\Cache), false)
14 FCPATH\index.php(67): CodeIgniter\CodeIgniter->run()
15 SYSTEMPATH\Commands\Server\rewrite.php(47): require_once('C:\\xampp\\htdocs\\company-profile\\public\\index.php')
INFO - 2023-10-24 02:53:17 --> Session: Class initialized using 'CodeIgniter\Session\Handlers\FileHandler' driver.
CRITICAL - 2023-10-24 02:53:17 --> Undefined variable $header
in APPPATH\Views\user\layout\header.php on line 6.
 1 APPPATH\Views\user\layout\header.php(6): CodeIgniter\Debug\Exceptions->errorHandler(2, 'Undefined variable $header', 'C:\\xampp\\htdocs\\company-profile\\app\\Views\\user\\layout\\header.php', 6)
 2 SYSTEMPATH\View\View.php(224): include('C:\\xampp\\htdocs\\company-profile\\app\\Views\\user\\layout\\header.php')
 3 SYSTEMPATH\View\View.php(227): CodeIgniter\View\View->CodeIgniter\View\{closure}()
 4 SYSTEMPATH\View\View.php(452): CodeIgniter\View\View->render('user/layout/header', null, true)
 5 APPPATH\Views\user\template\template.php(40): CodeIgniter\View\View->include('user/layout/header')
 6 SYSTEMPATH\View\View.php(224): include('C:\\xampp\\htdocs\\company-profile\\app\\Views\\user\\template\\template.php')
 7 SYSTEMPATH\View\View.php(227): CodeIgniter\View\View->CodeIgniter\View\{closure}()
 8 SYSTEMPATH\View\View.php(240): CodeIgniter\View\View->render('user/template/template', [], true)
 9 SYSTEMPATH\Common.php(1180): CodeIgniter\View\View->render('user/home/index', [], true)
10 APPPATH\Controllers\user\Homectrl.php(46): view('user/home/index', [...])
11 SYSTEMPATH\CodeIgniter.php(932): App\Controllers\user\Homectrl->index()
12 SYSTEMPATH\CodeIgniter.php(497): CodeIgniter\CodeIgniter->runController(Object(App\Controllers\user\Homectrl))
13 SYSTEMPATH\CodeIgniter.php(366): CodeIgniter\CodeIgniter->handleRequest(null, Object(Config\Cache), false)
14 FCPATH\index.php(67): CodeIgniter\CodeIgniter->run()
15 SYSTEMPATH\Commands\Server\rewrite.php(47): require_once('C:\\xampp\\htdocs\\company-profile\\public\\index.php')
INFO - 2023-10-24 02:54:11 --> Session: Class initialized using 'CodeIgniter\Session\Handlers\FileHandler' driver.
CRITICAL - 2023-10-24 02:54:11 --> Undefined variable $header
in APPPATH\Views\user\layout\header.php on line 6.
 1 APPPATH\Views\user\layout\header.php(6): CodeIgniter\Debug\Exceptions->errorHandler(2, 'Undefined variable $header', 'C:\\xampp\\htdocs\\company-profile\\app\\Views\\user\\layout\\header.php', 6)
 2 SYSTEMPATH\View\View.php(224): include('C:\\xampp\\htdocs\\company-profile\\app\\Views\\user\\layout\\header.php')
 3 SYSTEMPATH\View\View.php(227): CodeIgniter\View\View->CodeIgniter\View\{closure}()
 4 SYSTEMPATH\View\View.php(452): CodeIgniter\View\View->render('user/layout/header', null, true)
 5 APPPATH\Views\user\template\template.php(40): CodeIgniter\View\View->include('user/layout/header')
 6 SYSTEMPATH\View\View.php(224): include('C:\\xampp\\htdocs\\company-profile\\app\\Views\\user\\template\\template.php')
 7 SYSTEMPATH\View\View.php(227): CodeIgniter\View\View->CodeIgniter\View\{closure}()
 8 SYSTEMPATH\View\View.php(240): CodeIgniter\View\View->render('user/template/template', [], true)
 9 SYSTEMPATH\Common.php(1180): CodeIgniter\View\View->render('user/home/index', [], true)
10 APPPATH\Controllers\user\Homectrl.php(46): view('user/home/index', [...])
11 SYSTEMPATH\CodeIgniter.php(932): App\Controllers\user\Homectrl->index()
12 SYSTEMPATH\CodeIgniter.php(497): CodeIgniter\CodeIgniter->runController(Object(App\Controllers\user\Homectrl))
13 SYSTEMPATH\CodeIgniter.php(366): CodeIgniter\CodeIgniter->handleRequest(null, Object(Config\Cache), false)
14 FCPATH\index.php(67): CodeIgniter\CodeIgniter->run()
15 SYSTEMPATH\Commands\Server\rewrite.php(47): require_once('C:\\xampp\\htdocs\\company-profile\\public\\index.php')
INFO - 2023-10-24 02:54:23 --> Session: Class initialized using 'CodeIgniter\Session\Handlers\FileHandler' driver.
CRITICAL - 2023-10-24 02:54:23 --> Undefined variable $header
in APPPATH\Views\user\layout\header.php on line 6.
 1 APPPATH\Views\user\layout\header.php(6): CodeIgniter\Debug\Exceptions->errorHandler(2, 'Undefined variable $header', 'C:\\xampp\\htdocs\\company-profile\\app\\Views\\user\\layout\\header.php', 6)
 2 SYSTEMPATH\View\View.php(224): include('C:\\xampp\\htdocs\\company-profile\\app\\Views\\user\\layout\\header.php')
 3 SYSTEMPATH\View\View.php(227): CodeIgniter\View\View->CodeIgniter\View\{closure}()
 4 SYSTEMPATH\View\View.php(452): CodeIgniter\View\View->render('user/layout/header', null, true)
 5 APPPATH\Views\user\template\template.php(40): CodeIgniter\View\View->include('user/layout/header')
 6 SYSTEMPATH\View\View.php(224): include('C:\\xampp\\htdocs\\company-profile\\app\\Views\\user\\template\\template.php')
 7 SYSTEMPATH\View\View.php(227): CodeIgniter\View\View->CodeIgniter\View\{closure}()
 8 SYSTEMPATH\View\View.php(240): CodeIgniter\View\View->render('user/template/template', [], true)
 9 SYSTEMPATH\Common.php(1180): CodeIgniter\View\View->render('user/home/index', [], true)
10 APPPATH\Controllers\user\Homectrl.php(46): view('user/home/index', [...])
11 SYSTEMPATH\CodeIgniter.php(932): App\Controllers\user\Homectrl->index()
12 SYSTEMPATH\CodeIgniter.php(497): CodeIgniter\CodeIgniter->runController(Object(App\Controllers\user\Homectrl))
13 SYSTEMPATH\CodeIgniter.php(366): CodeIgniter\CodeIgniter->handleRequest(null, Object(Config\Cache), false)
14 FCPATH\index.php(67): CodeIgniter\CodeIgniter->run()
15 SYSTEMPATH\Commands\Server\rewrite.php(47): require_once('C:\\xampp\\htdocs\\company-profile\\public\\index.php')
INFO - 2023-10-24 02:54:42 --> Session: Class initialized using 'CodeIgniter\Session\Handlers\FileHandler' driver.
INFO - 2023-10-24 02:55:05 --> Session: Class initialized using 'CodeIgniter\Session\Handlers\FileHandler' driver.
INFO - 2023-10-24 02:56:33 --> Session: Class initialized using 'CodeIgniter\Session\Handlers\FileHandler' driver.
INFO - 2023-10-24 02:57:02 --> Session: Class initialized using 'CodeIgniter\Session\Handlers\FileHandler' driver.
INFO - 2023-10-24 02:58:11 --> Session: Class initialized using 'CodeIgniter\Session\Handlers\FileHandler' driver.
INFO - 2023-10-24 02:58:32 --> Session: Class initialized using 'CodeIgniter\Session\Handlers\FileHandler' driver.
INFO - 2023-10-24 02:59:35 --> Session: Class initialized using 'CodeIgniter\Session\Handlers\FileHandler' driver.
INFO - 2023-10-24 02:59:58 --> Session: Class initialized using 'CodeIgniter\Session\Handlers\FileHandler' driver.
INFO - 2023-10-24 03:01:45 --> Session: Class initialized using 'CodeIgniter\Session\Handlers\FileHandler' driver.
INFO - 2023-10-24 03:02:17 --> Session: Class initialized using 'CodeIgniter\Session\Handlers\FileHandler' driver.
INFO - 2023-10-24 03:03:18 --> Session: Class initialized using 'CodeIgniter\Session\Handlers\FileHandler' driver.
INFO - 2023-10-24 03:04:51 --> Session: Class initialized using 'CodeIgniter\Session\Handlers\FileHandler' driver.
INFO - 2023-10-24 03:05:30 --> Session: Class initialized using 'CodeIgniter\Session\Handlers\FileHandler' driver.
INFO - 2023-10-24 03:05:50 --> Session: Class initialized using 'CodeIgniter\Session\Handlers\FileHandler' driver.
INFO - 2023-10-24 03:08:15 --> Session: Class initialized using 'CodeIgniter\Session\Handlers\FileHandler' driver.
INFO - 2023-10-24 03:09:30 --> Session: Class initialized using 'CodeIgniter\Session\Handlers\FileHandler' driver.
INFO - 2023-10-24 03:10:18 --> Session: Class initialized using 'CodeIgniter\Session\Handlers\FileHandler' driver.
INFO - 2023-10-24 03:11:10 --> Session: Class initialized using 'CodeIgniter\Session\Handlers\FileHandler' driver.
INFO - 2023-10-24 03:11:31 --> Session: Class initialized using 'CodeIgniter\Session\Handlers\FileHandler' driver.
INFO - 2023-10-24 03:11:44 --> Session: Class initialized using 'CodeIgniter\Session\Handlers\FileHandler' driver.
INFO - 2023-10-24 03:13:19 --> Session: Class initialized using 'CodeIgniter\Session\Handlers\FileHandler' driver.
INFO - 2023-10-24 03:14:08 --> Session: Class initialized using 'CodeIgniter\Session\Handlers\FileHandler' driver.
INFO - 2023-10-24 03:14:50 --> Session: Class initialized using 'CodeIgniter\Session\Handlers\FileHandler' driver.
INFO - 2023-10-24 03:15:18 --> Session: Class initialized using 'CodeIgniter\Session\Handlers\FileHandler' driver.
INFO - 2023-10-24 03:15:45 --> Session: Class initialized using 'CodeIgniter\Session\Handlers\FileHandler' driver.
INFO - 2023-10-24 03:16:33 --> Session: Class initialized using 'CodeIgniter\Session\Handlers\FileHandler' driver.
INFO - 2023-10-24 03:16:53 --> Session: Class initialized using 'CodeIgniter\Session\Handlers\FileHandler' driver.
INFO - 2023-10-24 03:17:09 --> Session: Class initialized using 'CodeIgniter\Session\Handlers\FileHandler' driver.
INFO - 2023-10-24 03:17:23 --> Session: Class initialized using 'CodeIgniter\Session\Handlers\FileHandler' driver.
INFO - 2023-10-24 03:17:23 --> Session: Class initialized using 'CodeIgniter\Session\Handlers\FileHandler' driver.
INFO - 2023-10-24 03:17:26 --> Session: Class initialized using 'CodeIgniter\Session\Handlers\FileHandler' driver.
INFO - 2023-10-24 03:19:33 --> Session: Class initialized using 'CodeIgniter\Session\Handlers\FileHandler' driver.
INFO - 2023-10-24 03:19:38 --> Session: Class initialized using 'CodeIgniter\Session\Handlers\FileHandler' driver.
INFO - 2023-10-24 03:19:38 --> Session: Class initialized using 'CodeIgniter\Session\Handlers\FileHandler' driver.
INFO - 2023-10-24 03:20:18 --> Session: Class initialized using 'CodeIgniter\Session\Handlers\FileHandler' driver.
INFO - 2023-10-24 03:20:20 --> Session: Class initialized using 'CodeIgniter\Session\Handlers\FileHandler' driver.
INFO - 2023-10-24 03:20:22 --> Session: Class initialized using 'CodeIgniter\Session\Handlers\FileHandler' driver.
INFO - 2023-10-24 03:20:33 --> Session: Class initialized using 'CodeIgniter\Session\Handlers\FileHandler' driver.
INFO - 2023-10-24 03:20:33 --> Session: Class initialized using 'CodeIgniter\Session\Handlers\FileHandler' driver.
INFO - 2023-10-24 03:29:33 --> Session: Class initialized using 'CodeIgniter\Session\Handlers\FileHandler' driver.
INFO - 2023-10-24 03:30:41 --> Session: Class initialized using 'CodeIgniter\Session\Handlers\FileHandler' driver.
CRITICAL - 2023-10-24 03:30:42 --> Undefined variable $header
in APPPATH\Views\user\layout\nav.php on line 6.
 1 APPPATH\Views\user\layout\nav.php(6): CodeIgniter\Debug\Exceptions->errorHandler(2, 'Undefined variable $header', 'C:\\xampp\\htdocs\\company-profile\\app\\Views\\user\\layout\\nav.php', 6)
 2 SYSTEMPATH\View\View.php(224): include('C:\\xampp\\htdocs\\company-profile\\app\\Views\\user\\layout\\nav.php')
 3 SYSTEMPATH\View\View.php(227): CodeIgniter\View\View->CodeIgniter\View\{closure}()
 4 SYSTEMPATH\View\View.php(452): CodeIgniter\View\View->render('user/layout/nav', null, true)
 5 APPPATH\Views\user\template\template.php(45): CodeIgniter\View\View->include('user/layout/nav')
 6 SYSTEMPATH\View\View.php(224): include('C:\\xampp\\htdocs\\company-profile\\app\\Views\\user\\template\\template.php')
 7 SYSTEMPATH\View\View.php(227): CodeIgniter\View\View->CodeIgniter\View\{closure}()
 8 SYSTEMPATH\View\View.php(240): CodeIgniter\View\View->render('user/template/template', [], true)
 9 SYSTEMPATH\Common.php(1180): CodeIgniter\View\View->render('user/home/index', [], true)
10 APPPATH\Controllers\user\Homectrl.php(46): view('user/home/index', [...])
11 SYSTEMPATH\CodeIgniter.php(932): App\Controllers\user\Homectrl->index()
12 SYSTEMPATH\CodeIgniter.php(497): CodeIgniter\CodeIgniter->runController(Object(App\Controllers\user\Homectrl))
13 SYSTEMPATH\CodeIgniter.php(366): CodeIgniter\CodeIgniter->handleRequest(null, Object(Config\Cache), false)
14 FCPATH\index.php(67): CodeIgniter\CodeIgniter->run()
15 SYSTEMPATH\Commands\Server\rewrite.php(47): require_once('C:\\xampp\\htdocs\\company-profile\\public\\index.php')
INFO - 2023-10-24 03:31:04 --> Session: Class initialized using 'CodeIgniter\Session\Handlers\FileHandler' driver.
CRITICAL - 2023-10-24 03:31:04 --> Undefined variable $header
in APPPATH\Views\user\layout\nav.php on line 8.
 1 APPPATH\Views\user\layout\nav.php(8): CodeIgniter\Debug\Exceptions->errorHandler(2, 'Undefined variable $header', 'C:\\xampp\\htdocs\\company-profile\\app\\Views\\user\\layout\\nav.php', 8)
 2 SYSTEMPATH\View\View.php(224): include('C:\\xampp\\htdocs\\company-profile\\app\\Views\\user\\layout\\nav.php')
 3 SYSTEMPATH\View\View.php(227): CodeIgniter\View\View->CodeIgniter\View\{closure}()
 4 SYSTEMPATH\View\View.php(452): CodeIgniter\View\View->render('user/layout/nav', null, true)
 5 APPPATH\Views\user\template\template.php(45): CodeIgniter\View\View->include('user/layout/nav')
 6 SYSTEMPATH\View\View.php(224): include('C:\\xampp\\htdocs\\company-profile\\app\\Views\\user\\template\\template.php')
 7 SYSTEMPATH\View\View.php(227): CodeIgniter\View\View->CodeIgniter\View\{closure}()
 8 SYSTEMPATH\View\View.php(240): CodeIgniter\View\View->render('user/template/template', [], true)
 9 SYSTEMPATH\Common.php(1180): CodeIgniter\View\View->render('user/home/index', [], true)
10 APPPATH\Controllers\user\Homectrl.php(46): view('user/home/index', [...])
11 SYSTEMPATH\CodeIgniter.php(932): App\Controllers\user\Homectrl->index()
12 SYSTEMPATH\CodeIgniter.php(497): CodeIgniter\CodeIgniter->runController(Object(App\Controllers\user\Homectrl))
13 SYSTEMPATH\CodeIgniter.php(366): CodeIgniter\CodeIgniter->handleRequest(null, Object(Config\Cache), false)
14 FCPATH\index.php(67): CodeIgniter\CodeIgniter->run()
15 SYSTEMPATH\Commands\Server\rewrite.php(47): require_once('C:\\xampp\\htdocs\\company-profile\\public\\index.php')
INFO - 2023-10-24 03:31:33 --> Session: Class initialized using 'CodeIgniter\Session\Handlers\FileHandler' driver.
CRITICAL - 2023-10-24 03:31:33 --> Undefined variable $header
in APPPATH\Views\user\layout\nav.php on line 5.
 1 APPPATH\Views\user\layout\nav.php(5): CodeIgniter\Debug\Exceptions->errorHandler(2, 'Undefined variable $header', 'C:\\xampp\\htdocs\\company-profile\\app\\Views\\user\\layout\\nav.php', 5)
 2 SYSTEMPATH\View\View.php(224): include('C:\\xampp\\htdocs\\company-profile\\app\\Views\\user\\layout\\nav.php')
 3 SYSTEMPATH\View\View.php(227): CodeIgniter\View\View->CodeIgniter\View\{closure}()
 4 SYSTEMPATH\View\View.php(452): CodeIgniter\View\View->render('user/layout/nav', null, true)
 5 APPPATH\Views\user\template\template.php(45): CodeIgniter\View\View->include('user/layout/nav')
 6 SYSTEMPATH\View\View.php(224): include('C:\\xampp\\htdocs\\company-profile\\app\\Views\\user\\template\\template.php')
 7 SYSTEMPATH\View\View.php(227): CodeIgniter\View\View->CodeIgniter\View\{closure}()
 8 SYSTEMPATH\View\View.php(240): CodeIgniter\View\View->render('user/template/template', [], true)
 9 SYSTEMPATH\Common.php(1180): CodeIgniter\View\View->render('user/home/index', [], true)
10 APPPATH\Controllers\user\Homectrl.php(46): view('user/home/index', [...])
11 SYSTEMPATH\CodeIgniter.php(932): App\Controllers\user\Homectrl->index()
12 SYSTEMPATH\CodeIgniter.php(497): CodeIgniter\CodeIgniter->runController(Object(App\Controllers\user\Homectrl))
13 SYSTEMPATH\CodeIgniter.php(366): CodeIgniter\CodeIgniter->handleRequest(null, Object(Config\Cache), false)
14 FCPATH\index.php(67): CodeIgniter\CodeIgniter->run()
15 SYSTEMPATH\Commands\Server\rewrite.php(47): require_once('C:\\xampp\\htdocs\\company-profile\\public\\index.php')
INFO - 2023-10-24 03:32:09 --> Session: Class initialized using 'CodeIgniter\Session\Handlers\FileHandler' driver.
INFO - 2023-10-24 03:32:24 --> Session: Class initialized using 'CodeIgniter\Session\Handlers\FileHandler' driver.
INFO - 2023-10-24 03:32:24 --> Session: Class initialized using 'CodeIgniter\Session\Handlers\FileHandler' driver.
INFO - 2023-10-24 03:32:31 --> Session: Class initialized using 'CodeIgniter\Session\Handlers\FileHandler' driver.
INFO - 2023-10-24 03:32:58 --> Session: Class initialized using 'CodeIgniter\Session\Handlers\FileHandler' driver.
INFO - 2023-10-24 03:33:00 --> Session: Class initialized using 'CodeIgniter\Session\Handlers\FileHandler' driver.
INFO - 2023-10-24 03:33:03 --> Session: Class initialized using 'CodeIgniter\Session\Handlers\FileHandler' driver.
INFO - 2023-10-24 03:33:51 --> Session: Class initialized using 'CodeIgniter\Session\Handlers\FileHandler' driver.
CRITICAL - 2023-10-24 03:33:51 --> Undefined variable $header
in APPPATH\Views\user\layout\nav.php on line 5.
 1 APPPATH\Views\user\layout\nav.php(5): CodeIgniter\Debug\Exceptions->errorHandler(2, 'Undefined variable $header', 'C:\\xampp\\htdocs\\company-profile\\app\\Views\\user\\layout\\nav.php', 5)
 2 SYSTEMPATH\View\View.php(224): include('C:\\xampp\\htdocs\\company-profile\\app\\Views\\user\\layout\\nav.php')
 3 SYSTEMPATH\View\View.php(227): CodeIgniter\View\View->CodeIgniter\View\{closure}()
 4 SYSTEMPATH\View\View.php(452): CodeIgniter\View\View->render('user/layout/nav', null, true)
 5 APPPATH\Views\user\template\template.php(45): CodeIgniter\View\View->include('user/layout/nav')
 6 SYSTEMPATH\View\View.php(224): include('C:\\xampp\\htdocs\\company-profile\\app\\Views\\user\\template\\template.php')
 7 SYSTEMPATH\View\View.php(227): CodeIgniter\View\View->CodeIgniter\View\{closure}()
 8 SYSTEMPATH\View\View.php(240): CodeIgniter\View\View->render('user/template/template', [], true)
 9 SYSTEMPATH\Common.php(1180): CodeIgniter\View\View->render('user/home/index', [], true)
10 APPPATH\Controllers\user\Homectrl.php(46): view('user/home/index', [...])
11 SYSTEMPATH\CodeIgniter.php(932): App\Controllers\user\Homectrl->index()
12 SYSTEMPATH\CodeIgniter.php(497): CodeIgniter\CodeIgniter->runController(Object(App\Controllers\user\Homectrl))
13 SYSTEMPATH\CodeIgniter.php(366): CodeIgniter\CodeIgniter->handleRequest(null, Object(Config\Cache), false)
14 FCPATH\index.php(67): CodeIgniter\CodeIgniter->run()
15 SYSTEMPATH\Commands\Server\rewrite.php(47): require_once('C:\\xampp\\htdocs\\company-profile\\public\\index.php')
INFO - 2023-10-24 03:34:32 --> Session: Class initialized using 'CodeIgniter\Session\Handlers\FileHandler' driver.
CRITICAL - 2023-10-24 03:34:32 --> Undefined variable $header
in APPPATH\Views\user\layout\nav.php on line 5.
 1 APPPATH\Views\user\layout\nav.php(5): CodeIgniter\Debug\Exceptions->errorHandler(2, 'Undefined variable $header', 'C:\\xampp\\htdocs\\company-profile\\app\\Views\\user\\layout\\nav.php', 5)
 2 SYSTEMPATH\View\View.php(224): include('C:\\xampp\\htdocs\\company-profile\\app\\Views\\user\\layout\\nav.php')
 3 SYSTEMPATH\View\View.php(227): CodeIgniter\View\View->CodeIgniter\View\{closure}()
 4 SYSTEMPATH\View\View.php(452): CodeIgniter\View\View->render('user/layout/nav', null, true)
 5 APPPATH\Views\user\template\template.php(45): CodeIgniter\View\View->include('user/layout/nav')
 6 SYSTEMPATH\View\View.php(224): include('C:\\xampp\\htdocs\\company-profile\\app\\Views\\user\\template\\template.php')
 7 SYSTEMPATH\View\View.php(227): CodeIgniter\View\View->CodeIgniter\View\{closure}()
 8 SYSTEMPATH\View\View.php(240): CodeIgniter\View\View->render('user/template/template', [], true)
 9 SYSTEMPATH\Common.php(1180): CodeIgniter\View\View->render('user/home/index', [], true)
10 APPPATH\Controllers\user\Homectrl.php(46): view('user/home/index', [...])
11 SYSTEMPATH\CodeIgniter.php(932): App\Controllers\user\Homectrl->index()
12 SYSTEMPATH\CodeIgniter.php(497): CodeIgniter\CodeIgniter->runController(Object(App\Controllers\user\Homectrl))
13 SYSTEMPATH\CodeIgniter.php(366): CodeIgniter\CodeIgniter->handleRequest(null, Object(Config\Cache), false)
14 FCPATH\index.php(67): CodeIgniter\CodeIgniter->run()
15 SYSTEMPATH\Commands\Server\rewrite.php(47): require_once('C:\\xampp\\htdocs\\company-profile\\public\\index.php')
INFO - 2023-10-24 03:36:10 --> Session: Class initialized using 'CodeIgniter\Session\Handlers\FileHandler' driver.
CRITICAL - 2023-10-24 03:36:10 --> syntax error, unexpected end of file
in APPPATH\Views\user\layout\nav.php on line 34.
 1 SYSTEMPATH\View\View.php(227): CodeIgniter\View\View->CodeIgniter\View\{closure}()
 2 SYSTEMPATH\View\View.php(452): CodeIgniter\View\View->render('user/layout/nav', null, true)
 3 APPPATH\Views\user\template\template.php(45): CodeIgniter\View\View->include('user/layout/nav')
 4 SYSTEMPATH\View\View.php(224): include('C:\\xampp\\htdocs\\company-profile\\app\\Views\\user\\template\\template.php')
 5 SYSTEMPATH\View\View.php(227): CodeIgniter\View\View->CodeIgniter\View\{closure}()
 6 SYSTEMPATH\View\View.php(240): CodeIgniter\View\View->render('user/template/template', [], true)
 7 SYSTEMPATH\Common.php(1180): CodeIgniter\View\View->render('user/home/index', [], true)
 8 APPPATH\Controllers\user\Homectrl.php(46): view('user/home/index', [...])
 9 SYSTEMPATH\CodeIgniter.php(932): App\Controllers\user\Homectrl->index()
10 SYSTEMPATH\CodeIgniter.php(497): CodeIgniter\CodeIgniter->runController(Object(App\Controllers\user\Homectrl))
11 SYSTEMPATH\CodeIgniter.php(366): CodeIgniter\CodeIgniter->handleRequest(null, Object(Config\Cache), false)
12 FCPATH\index.php(67): CodeIgniter\CodeIgniter->run()
13 SYSTEMPATH\Commands\Server\rewrite.php(47): require_once('C:\\xampp\\htdocs\\company-profile\\public\\index.php')
INFO - 2023-10-24 03:36:44 --> Session: Class initialized using 'CodeIgniter\Session\Handlers\FileHandler' driver.
CRITICAL - 2023-10-24 03:36:44 --> syntax error, unexpected end of file
in APPPATH\Views\user\layout\nav.php on line 34.
 1 SYSTEMPATH\View\View.php(227): CodeIgniter\View\View->CodeIgniter\View\{closure}()
 2 SYSTEMPATH\View\View.php(452): CodeIgniter\View\View->render('user/layout/nav', null, true)
 3 APPPATH\Views\user\template\template.php(45): CodeIgniter\View\View->include('user/layout/nav')
 4 SYSTEMPATH\View\View.php(224): include('C:\\xampp\\htdocs\\company-profile\\app\\Views\\user\\template\\template.php')
 5 SYSTEMPATH\View\View.php(227): CodeIgniter\View\View->CodeIgniter\View\{closure}()
 6 SYSTEMPATH\View\View.php(240): CodeIgniter\View\View->render('user/template/template', [], true)
 7 SYSTEMPATH\Common.php(1180): CodeIgniter\View\View->render('user/home/index', [], true)
 8 APPPATH\Controllers\user\Homectrl.php(46): view('user/home/index', [...])
 9 SYSTEMPATH\CodeIgniter.php(932): App\Controllers\user\Homectrl->index()
10 SYSTEMPATH\CodeIgniter.php(497): CodeIgniter\CodeIgniter->runController(Object(App\Controllers\user\Homectrl))
11 SYSTEMPATH\CodeIgniter.php(366): CodeIgniter\CodeIgniter->handleRequest(null, Object(Config\Cache), false)
12 FCPATH\index.php(67): CodeIgniter\CodeIgniter->run()
13 SYSTEMPATH\Commands\Server\rewrite.php(47): require_once('C:\\xampp\\htdocs\\company-profile\\public\\index.php')
INFO - 2023-10-24 03:37:13 --> Session: Class initialized using 'CodeIgniter\Session\Handlers\FileHandler' driver.
CRITICAL - 2023-10-24 03:37:14 --> syntax error, unexpected end of file
in APPPATH\Views\user\layout\nav.php on line 34.
 1 SYSTEMPATH\View\View.php(227): CodeIgniter\View\View->CodeIgniter\View\{closure}()
 2 SYSTEMPATH\View\View.php(452): CodeIgniter\View\View->render('user/layout/nav', null, true)
 3 APPPATH\Views\user\template\template.php(45): CodeIgniter\View\View->include('user/layout/nav')
 4 SYSTEMPATH\View\View.php(224): include('C:\\xampp\\htdocs\\company-profile\\app\\Views\\user\\template\\template.php')
 5 SYSTEMPATH\View\View.php(227): CodeIgniter\View\View->CodeIgniter\View\{closure}()
 6 SYSTEMPATH\View\View.php(240): CodeIgniter\View\View->render('user/template/template', [], true)
 7 SYSTEMPATH\Common.php(1180): CodeIgniter\View\View->render('user/home/index', [], true)
 8 APPPATH\Controllers\user\Homectrl.php(46): view('user/home/index', [...])
 9 SYSTEMPATH\CodeIgniter.php(932): App\Controllers\user\Homectrl->index()
10 SYSTEMPATH\CodeIgniter.php(497): CodeIgniter\CodeIgniter->runController(Object(App\Controllers\user\Homectrl))
11 SYSTEMPATH\CodeIgniter.php(366): CodeIgniter\CodeIgniter->handleRequest(null, Object(Config\Cache), false)
12 FCPATH\index.php(67): CodeIgniter\CodeIgniter->run()
13 SYSTEMPATH\Commands\Server\rewrite.php(47): require_once('C:\\xampp\\htdocs\\company-profile\\public\\index.php')
INFO - 2023-10-24 03:38:31 --> Session: Class initialized using 'CodeIgniter\Session\Handlers\FileHandler' driver.
CRITICAL - 2023-10-24 03:38:31 --> syntax error, unexpected end of file
in APPPATH\Views\user\layout\nav.php on line 36.
 1 SYSTEMPATH\View\View.php(227): CodeIgniter\View\View->CodeIgniter\View\{closure}()
 2 SYSTEMPATH\View\View.php(452): CodeIgniter\View\View->render('user/layout/nav', null, true)
 3 APPPATH\Views\user\template\template.php(45): CodeIgniter\View\View->include('user/layout/nav')
 4 SYSTEMPATH\View\View.php(224): include('C:\\xampp\\htdocs\\company-profile\\app\\Views\\user\\template\\template.php')
 5 SYSTEMPATH\View\View.php(227): CodeIgniter\View\View->CodeIgniter\View\{closure}()
 6 SYSTEMPATH\View\View.php(240): CodeIgniter\View\View->render('user/template/template', [], true)
 7 SYSTEMPATH\Common.php(1180): CodeIgniter\View\View->render('user/home/index', [], true)
 8 APPPATH\Controllers\user\Homectrl.php(46): view('user/home/index', [...])
 9 SYSTEMPATH\CodeIgniter.php(932): App\Controllers\user\Homectrl->index()
10 SYSTEMPATH\CodeIgniter.php(497): CodeIgniter\CodeIgniter->runController(Object(App\Controllers\user\Homectrl))
11 SYSTEMPATH\CodeIgniter.php(366): CodeIgniter\CodeIgniter->handleRequest(null, Object(Config\Cache), false)
12 FCPATH\index.php(67): CodeIgniter\CodeIgniter->run()
13 SYSTEMPATH\Commands\Server\rewrite.php(47): require_once('C:\\xampp\\htdocs\\company-profile\\public\\index.php')
INFO - 2023-10-24 03:40:00 --> Session: Class initialized using 'CodeIgniter\Session\Handlers\FileHandler' driver.
CRITICAL - 2023-10-24 03:40:00 --> syntax error, unexpected end of file
in APPPATH\Views\user\layout\nav.php on line 36.
 1 SYSTEMPATH\View\View.php(227): CodeIgniter\View\View->CodeIgniter\View\{closure}()
 2 SYSTEMPATH\View\View.php(452): CodeIgniter\View\View->render('user/layout/nav', null, true)
 3 APPPATH\Views\user\template\template.php(45): CodeIgniter\View\View->include('user/layout/nav')
 4 SYSTEMPATH\View\View.php(224): include('C:\\xampp\\htdocs\\company-profile\\app\\Views\\user\\template\\template.php')
 5 SYSTEMPATH\View\View.php(227): CodeIgniter\View\View->CodeIgniter\View\{closure}()
 6 SYSTEMPATH\View\View.php(240): CodeIgniter\View\View->render('user/template/template', [], true)
 7 SYSTEMPATH\Common.php(1180): CodeIgniter\View\View->render('user/home/index', [], true)
 8 APPPATH\Controllers\user\Homectrl.php(46): view('user/home/index', [...])
 9 SYSTEMPATH\CodeIgniter.php(932): App\Controllers\user\Homectrl->index()
10 SYSTEMPATH\CodeIgniter.php(497): CodeIgniter\CodeIgniter->runController(Object(App\Controllers\user\Homectrl))
11 SYSTEMPATH\CodeIgniter.php(366): CodeIgniter\CodeIgniter->handleRequest(null, Object(Config\Cache), false)
12 FCPATH\index.php(67): CodeIgniter\CodeIgniter->run()
13 SYSTEMPATH\Commands\Server\rewrite.php(47): require_once('C:\\xampp\\htdocs\\company-profile\\public\\index.php')
INFO - 2023-10-24 03:40:32 --> Session: Class initialized using 'CodeIgniter\Session\Handlers\FileHandler' driver.
CRITICAL - 2023-10-24 03:40:32 --> syntax error, unexpected end of file
in APPPATH\Views\user\layout\nav.php on line 36.
 1 SYSTEMPATH\View\View.php(227): CodeIgniter\View\View->CodeIgniter\View\{closure}()
 2 SYSTEMPATH\View\View.php(452): CodeIgniter\View\View->render('user/layout/nav', null, true)
 3 APPPATH\Views\user\template\template.php(45): CodeIgniter\View\View->include('user/layout/nav')
 4 SYSTEMPATH\View\View.php(224): include('C:\\xampp\\htdocs\\company-profile\\app\\Views\\user\\template\\template.php')
 5 SYSTEMPATH\View\View.php(227): CodeIgniter\View\View->CodeIgniter\View\{closure}()
 6 SYSTEMPATH\View\View.php(240): CodeIgniter\View\View->render('user/template/template', [], true)
 7 SYSTEMPATH\Common.php(1180): CodeIgniter\View\View->render('user/home/index', [], true)
 8 APPPATH\Controllers\user\Homectrl.php(46): view('user/home/index', [...])
 9 SYSTEMPATH\CodeIgniter.php(932): App\Controllers\user\Homectrl->index()
10 SYSTEMPATH\CodeIgniter.php(497): CodeIgniter\CodeIgniter->runController(Object(App\Controllers\user\Homectrl))
11 SYSTEMPATH\CodeIgniter.php(366): CodeIgniter\CodeIgniter->handleRequest(null, Object(Config\Cache), false)
12 FCPATH\index.php(67): CodeIgniter\CodeIgniter->run()
13 SYSTEMPATH\Commands\Server\rewrite.php(47): require_once('C:\\xampp\\htdocs\\company-profile\\public\\index.php')
INFO - 2023-10-24 03:41:08 --> Session: Class initialized using 'CodeIgniter\Session\Handlers\FileHandler' driver.
CRITICAL - 2023-10-24 03:41:08 --> syntax error, unexpected end of file
in APPPATH\Views\user\layout\nav.php on line 36.
 1 SYSTEMPATH\View\View.php(227): CodeIgniter\View\View->CodeIgniter\View\{closure}()
 2 SYSTEMPATH\View\View.php(452): CodeIgniter\View\View->render('user/layout/nav', null, true)
 3 APPPATH\Views\user\template\template.php(45): CodeIgniter\View\View->include('user/layout/nav')
 4 SYSTEMPATH\View\View.php(224): include('C:\\xampp\\htdocs\\company-profile\\app\\Views\\user\\template\\template.php')
 5 SYSTEMPATH\View\View.php(227): CodeIgniter\View\View->CodeIgniter\View\{closure}()
 6 SYSTEMPATH\View\View.php(240): CodeIgniter\View\View->render('user/template/template', [], true)
 7 SYSTEMPATH\Common.php(1180): CodeIgniter\View\View->render('user/home/index', [], true)
 8 APPPATH\Controllers\user\Homectrl.php(46): view('user/home/index', [...])
 9 SYSTEMPATH\CodeIgniter.php(932): App\Controllers\user\Homectrl->index()
10 SYSTEMPATH\CodeIgniter.php(497): CodeIgniter\CodeIgniter->runController(Object(App\Controllers\user\Homectrl))
11 SYSTEMPATH\CodeIgniter.php(366): CodeIgniter\CodeIgniter->handleRequest(null, Object(Config\Cache), false)
12 FCPATH\index.php(67): CodeIgniter\CodeIgniter->run()
13 SYSTEMPATH\Commands\Server\rewrite.php(47): require_once('C:\\xampp\\htdocs\\company-profile\\public\\index.php')
INFO - 2023-10-24 03:42:27 --> Session: Class initialized using 'CodeIgniter\Session\Handlers\FileHandler' driver.
CRITICAL - 2023-10-24 03:42:27 --> syntax error, unexpected end of file
in APPPATH\Views\user\layout\nav.php on line 35.
 1 SYSTEMPATH\View\View.php(227): CodeIgniter\View\View->CodeIgniter\View\{closure}()
 2 SYSTEMPATH\View\View.php(452): CodeIgniter\View\View->render('user/layout/nav', null, true)
 3 APPPATH\Views\user\template\template.php(45): CodeIgniter\View\View->include('user/layout/nav')
 4 SYSTEMPATH\View\View.php(224): include('C:\\xampp\\htdocs\\company-profile\\app\\Views\\user\\template\\template.php')
 5 SYSTEMPATH\View\View.php(227): CodeIgniter\View\View->CodeIgniter\View\{closure}()
 6 SYSTEMPATH\View\View.php(240): CodeIgniter\View\View->render('user/template/template', [], true)
 7 SYSTEMPATH\Common.php(1180): CodeIgniter\View\View->render('user/home/index', [], true)
 8 APPPATH\Controllers\user\Homectrl.php(46): view('user/home/index', [...])
 9 SYSTEMPATH\CodeIgniter.php(932): App\Controllers\user\Homectrl->index()
10 SYSTEMPATH\CodeIgniter.php(497): CodeIgniter\CodeIgniter->runController(Object(App\Controllers\user\Homectrl))
11 SYSTEMPATH\CodeIgniter.php(366): CodeIgniter\CodeIgniter->handleRequest(null, Object(Config\Cache), false)
12 FCPATH\index.php(67): CodeIgniter\CodeIgniter->run()
13 SYSTEMPATH\Commands\Server\rewrite.php(47): require_once('C:\\xampp\\htdocs\\company-profile\\public\\index.php')
INFO - 2023-10-24 03:43:33 --> Session: Class initialized using 'CodeIgniter\Session\Handlers\FileHandler' driver.
CRITICAL - 2023-10-24 03:43:33 --> syntax error, unexpected end of file
in APPPATH\Views\user\layout\nav.php on line 34.
 1 SYSTEMPATH\View\View.php(227): CodeIgniter\View\View->CodeIgniter\View\{closure}()
 2 SYSTEMPATH\View\View.php(452): CodeIgniter\View\View->render('user/layout/nav', null, true)
 3 APPPATH\Views\user\template\template.php(45): CodeIgniter\View\View->include('user/layout/nav')
 4 SYSTEMPATH\View\View.php(224): include('C:\\xampp\\htdocs\\company-profile\\app\\Views\\user\\template\\template.php')
 5 SYSTEMPATH\View\View.php(227): CodeIgniter\View\View->CodeIgniter\View\{closure}()
 6 SYSTEMPATH\View\View.php(240): CodeIgniter\View\View->render('user/template/template', [], true)
 7 SYSTEMPATH\Common.php(1180): CodeIgniter\View\View->render('user/home/index', [], true)
 8 APPPATH\Controllers\user\Homectrl.php(46): view('user/home/index', [...])
 9 SYSTEMPATH\CodeIgniter.php(932): App\Controllers\user\Homectrl->index()
10 SYSTEMPATH\CodeIgniter.php(497): CodeIgniter\CodeIgniter->runController(Object(App\Controllers\user\Homectrl))
11 SYSTEMPATH\CodeIgniter.php(366): CodeIgniter\CodeIgniter->handleRequest(null, Object(Config\Cache), false)
12 FCPATH\index.php(67): CodeIgniter\CodeIgniter->run()
13 SYSTEMPATH\Commands\Server\rewrite.php(47): require_once('C:\\xampp\\htdocs\\company-profile\\public\\index.php')
INFO - 2023-10-24 03:45:33 --> Session: Class initialized using 'CodeIgniter\Session\Handlers\FileHandler' driver.
CRITICAL - 2023-10-24 03:45:33 --> syntax error, unexpected end of file
in APPPATH\Views\user\layout\nav.php on line 33.
 1 SYSTEMPATH\View\View.php(227): CodeIgniter\View\View->CodeIgniter\View\{closure}()
 2 SYSTEMPATH\View\View.php(452): CodeIgniter\View\View->render('user/layout/nav', null, true)
 3 APPPATH\Views\user\template\template.php(45): CodeIgniter\View\View->include('user/layout/nav')
 4 SYSTEMPATH\View\View.php(224): include('C:\\xampp\\htdocs\\company-profile\\app\\Views\\user\\template\\template.php')
 5 SYSTEMPATH\View\View.php(227): CodeIgniter\View\View->CodeIgniter\View\{closure}()
 6 SYSTEMPATH\View\View.php(240): CodeIgniter\View\View->render('user/template/template', [], true)
 7 SYSTEMPATH\Common.php(1180): CodeIgniter\View\View->render('user/home/index', [], true)
 8 APPPATH\Controllers\user\Homectrl.php(46): view('user/home/index', [...])
 9 SYSTEMPATH\CodeIgniter.php(932): App\Controllers\user\Homectrl->index()
10 SYSTEMPATH\CodeIgniter.php(497): CodeIgniter\CodeIgniter->runController(Object(App\Controllers\user\Homectrl))
11 SYSTEMPATH\CodeIgniter.php(366): CodeIgniter\CodeIgniter->handleRequest(null, Object(Config\Cache), false)
12 FCPATH\index.php(67): CodeIgniter\CodeIgniter->run()
13 SYSTEMPATH\Commands\Server\rewrite.php(47): require_once('C:\\xampp\\htdocs\\company-profile\\public\\index.php')
INFO - 2023-10-24 03:45:58 --> Session: Class initialized using 'CodeIgniter\Session\Handlers\FileHandler' driver.
CRITICAL - 2023-10-24 03:45:58 --> syntax error, unexpected end of file
in APPPATH\Views\user\layout\nav.php on line 34.
 1 SYSTEMPATH\View\View.php(227): CodeIgniter\View\View->CodeIgniter\View\{closure}()
 2 SYSTEMPATH\View\View.php(452): CodeIgniter\View\View->render('user/layout/nav', null, true)
 3 APPPATH\Views\user\template\template.php(45): CodeIgniter\View\View->include('user/layout/nav')
 4 SYSTEMPATH\View\View.php(224): include('C:\\xampp\\htdocs\\company-profile\\app\\Views\\user\\template\\template.php')
 5 SYSTEMPATH\View\View.php(227): CodeIgniter\View\View->CodeIgniter\View\{closure}()
 6 SYSTEMPATH\View\View.php(240): CodeIgniter\View\View->render('user/template/template', [], true)
 7 SYSTEMPATH\Common.php(1180): CodeIgniter\View\View->render('user/home/index', [], true)
 8 APPPATH\Controllers\user\Homectrl.php(46): view('user/home/index', [...])
 9 SYSTEMPATH\CodeIgniter.php(932): App\Controllers\user\Homectrl->index()
10 SYSTEMPATH\CodeIgniter.php(497): CodeIgniter\CodeIgniter->runController(Object(App\Controllers\user\Homectrl))
11 SYSTEMPATH\CodeIgniter.php(366): CodeIgniter\CodeIgniter->handleRequest(null, Object(Config\Cache), false)
12 FCPATH\index.php(67): CodeIgniter\CodeIgniter->run()
13 SYSTEMPATH\Commands\Server\rewrite.php(47): require_once('C:\\xampp\\htdocs\\company-profile\\public\\index.php')
INFO - 2023-10-24 03:46:47 --> Session: Class initialized using 'CodeIgniter\Session\Handlers\FileHandler' driver.
INFO - 2023-10-24 03:47:05 --> Session: Class initialized using 'CodeIgniter\Session\Handlers\FileHandler' driver.
INFO - 2023-10-24 03:47:17 --> Session: Class initialized using 'CodeIgniter\Session\Handlers\FileHandler' driver.
INFO - 2023-10-24 03:48:01 --> Session: Class initialized using 'CodeIgniter\Session\Handlers\FileHandler' driver.
INFO - 2023-10-24 03:51:19 --> Session: Class initialized using 'CodeIgniter\Session\Handlers\FileHandler' driver.
INFO - 2023-10-24 03:52:20 --> Session: Class initialized using 'CodeIgniter\Session\Handlers\FileHandler' driver.
INFO - 2023-10-24 03:53:44 --> Session: Class initialized using 'CodeIgniter\Session\Handlers\FileHandler' driver.
INFO - 2023-10-24 03:54:00 --> Session: Class initialized using 'CodeIgniter\Session\Handlers\FileHandler' driver.
INFO - 2023-10-24 03:54:04 --> Session: Class initialized using 'CodeIgniter\Session\Handlers\FileHandler' driver.
INFO - 2023-10-24 03:57:30 --> Session: Class initialized using 'CodeIgniter\Session\Handlers\FileHandler' driver.
INFO - 2023-10-24 03:59:37 --> Session: Class initialized using 'CodeIgniter\Session\Handlers\FileHandler' driver.
INFO - 2023-10-24 04:00:28 --> Session: Class initialized using 'CodeIgniter\Session\Handlers\FileHandler' driver.
INFO - 2023-10-24 04:00:51 --> Session: Class initialized using 'CodeIgniter\Session\Handlers\FileHandler' driver.
INFO - 2023-10-24 04:04:30 --> Session: Class initialized using 'CodeIgniter\Session\Handlers\FileHandler' driver.
CRITICAL - 2023-10-24 04:04:30 --> Undefined variable $descper
in APPPATH\Views\user\contact\index.php on line 61.
 1 APPPATH\Views\user\contact\index.php(61): CodeIgniter\Debug\Exceptions->errorHandler(2, 'Undefined variable $descper', 'C:\\xampp\\htdocs\\company-profile\\app\\Views\\user\\contact\\index.php', 61)
 2 SYSTEMPATH\View\View.php(224): include('C:\\xampp\\htdocs\\company-profile\\app\\Views\\user\\contact\\index.php')
 3 SYSTEMPATH\View\View.php(227): CodeIgniter\View\View->CodeIgniter\View\{closure}()
 4 SYSTEMPATH\Common.php(1180): CodeIgniter\View\View->render('user/contact/index', [], true)
 5 APPPATH\Controllers\user\Contactctrl.php(50): view('user/contact/index', [...])
 6 SYSTEMPATH\CodeIgniter.php(932): App\Controllers\user\Contactctrl->index()
 7 SYSTEMPATH\CodeIgniter.php(497): CodeIgniter\CodeIgniter->runController(Object(App\Controllers\user\Contactctrl))
 8 SYSTEMPATH\CodeIgniter.php(366): CodeIgniter\CodeIgniter->handleRequest(null, Object(Config\Cache), false)
 9 FCPATH\index.php(67): CodeIgniter\CodeIgniter->run()
10 SYSTEMPATH\Commands\Server\rewrite.php(47): require_once('C:\\xampp\\htdocs\\company-profile\\public\\index.php')
INFO - 2023-10-24 04:05:33 --> Session: Class initialized using 'CodeIgniter\Session\Handlers\FileHandler' driver.
CRITICAL - 2023-10-24 04:05:33 --> Undefined variable $descper
in APPPATH\Views\user\contact\index.php on line 61.
 1 APPPATH\Views\user\contact\index.php(61): CodeIgniter\Debug\Exceptions->errorHandler(2, 'Undefined variable $descper', 'C:\\xampp\\htdocs\\company-profile\\app\\Views\\user\\contact\\index.php', 61)
 2 SYSTEMPATH\View\View.php(224): include('C:\\xampp\\htdocs\\company-profile\\app\\Views\\user\\contact\\index.php')
 3 SYSTEMPATH\View\View.php(227): CodeIgniter\View\View->CodeIgniter\View\{closure}()
 4 SYSTEMPATH\Common.php(1180): CodeIgniter\View\View->render('user/contact/index', [], true)
 5 APPPATH\Controllers\user\Contactctrl.php(50): view('user/contact/index', [...])
 6 SYSTEMPATH\CodeIgniter.php(932): App\Controllers\user\Contactctrl->index()
 7 SYSTEMPATH\CodeIgniter.php(497): CodeIgniter\CodeIgniter->runController(Object(App\Controllers\user\Contactctrl))
 8 SYSTEMPATH\CodeIgniter.php(366): CodeIgniter\CodeIgniter->handleRequest(null, Object(Config\Cache), false)
 9 FCPATH\index.php(67): CodeIgniter\CodeIgniter->run()
10 SYSTEMPATH\Commands\Server\rewrite.php(47): require_once('C:\\xampp\\htdocs\\company-profile\\public\\index.php')
INFO - 2023-10-24 04:05:39 --> Session: Class initialized using 'CodeIgniter\Session\Handlers\FileHandler' driver.
INFO - 2023-10-24 04:08:14 --> Session: Class initialized using 'CodeIgniter\Session\Handlers\FileHandler' driver.
CRITICAL - 2023-10-24 04:08:14 --> Undefined variable $descper
in APPPATH\Views\user\contact\index.php on line 63.
 1 APPPATH\Views\user\contact\index.php(63): CodeIgniter\Debug\Exceptions->errorHandler(2, 'Undefined variable $descper', 'C:\\xampp\\htdocs\\company-profile\\app\\Views\\user\\contact\\index.php', 63)
 2 SYSTEMPATH\View\View.php(224): include('C:\\xampp\\htdocs\\company-profile\\app\\Views\\user\\contact\\index.php')
 3 SYSTEMPATH\View\View.php(227): CodeIgniter\View\View->CodeIgniter\View\{closure}()
 4 SYSTEMPATH\Common.php(1180): CodeIgniter\View\View->render('user/contact/index', [], true)
 5 APPPATH\Controllers\user\Contactctrl.php(50): view('user/contact/index', [...])
 6 SYSTEMPATH\CodeIgniter.php(932): App\Controllers\user\Contactctrl->index()
 7 SYSTEMPATH\CodeIgniter.php(497): CodeIgniter\CodeIgniter->runController(Object(App\Controllers\user\Contactctrl))
 8 SYSTEMPATH\CodeIgniter.php(366): CodeIgniter\CodeIgniter->handleRequest(null, Object(Config\Cache), false)
 9 FCPATH\index.php(67): CodeIgniter\CodeIgniter->run()
10 SYSTEMPATH\Commands\Server\rewrite.php(47): require_once('C:\\xampp\\htdocs\\company-profile\\public\\index.php')
INFO - 2023-10-24 04:15:21 --> Session: Class initialized using 'CodeIgniter\Session\Handlers\FileHandler' driver.
INFO - 2023-10-24 04:15:22 --> Session: Class initialized using 'CodeIgniter\Session\Handlers\FileHandler' driver.
CRITICAL - 2023-10-24 04:15:22 --> Undefined variable $descper
in APPPATH\Views\user\contact\index.php on line 63.
 1 APPPATH\Views\user\contact\index.php(63): CodeIgniter\Debug\Exceptions->errorHandler(2, 'Undefined variable $descper', 'C:\\xampp\\htdocs\\company-profile\\app\\Views\\user\\contact\\index.php', 63)
 2 SYSTEMPATH\View\View.php(224): include('C:\\xampp\\htdocs\\company-profile\\app\\Views\\user\\contact\\index.php')
 3 SYSTEMPATH\View\View.php(227): CodeIgniter\View\View->CodeIgniter\View\{closure}()
 4 SYSTEMPATH\Common.php(1180): CodeIgniter\View\View->render('user/contact/index', [], true)
 5 APPPATH\Controllers\user\Contactctrl.php(50): view('user/contact/index', [...])
 6 SYSTEMPATH\CodeIgniter.php(932): App\Controllers\user\Contactctrl->index()
 7 SYSTEMPATH\CodeIgniter.php(497): CodeIgniter\CodeIgniter->runController(Object(App\Controllers\user\Contactctrl))
 8 SYSTEMPATH\CodeIgniter.php(366): CodeIgniter\CodeIgniter->handleRequest(null, Object(Config\Cache), false)
 9 FCPATH\index.php(67): CodeIgniter\CodeIgniter->run()
10 SYSTEMPATH\Commands\Server\rewrite.php(47): require_once('C:\\xampp\\htdocs\\company-profile\\public\\index.php')
INFO - 2023-10-24 04:15:56 --> Session: Class initialized using 'CodeIgniter\Session\Handlers\FileHandler' driver.
INFO - 2023-10-24 04:17:16 --> Session: Class initialized using 'CodeIgniter\Session\Handlers\FileHandler' driver.
INFO - 2023-10-24 04:17:35 --> Session: Class initialized using 'CodeIgniter\Session\Handlers\FileHandler' driver.
INFO - 2023-10-24 04:17:50 --> Session: Class initialized using 'CodeIgniter\Session\Handlers\FileHandler' driver.
INFO - 2023-10-24 04:19:26 --> Session: Class initialized using 'CodeIgniter\Session\Handlers\FileHandler' driver.
INFO - 2023-10-24 04:19:52 --> Session: Class initialized using 'CodeIgniter\Session\Handlers\FileHandler' driver.
INFO - 2023-10-24 04:20:51 --> Session: Class initialized using 'CodeIgniter\Session\Handlers\FileHandler' driver.
INFO - 2023-10-24 04:22:19 --> Session: Class initialized using 'CodeIgniter\Session\Handlers\FileHandler' driver.
INFO - 2023-10-24 04:23:54 --> Session: Class initialized using 'CodeIgniter\Session\Handlers\FileHandler' driver.
INFO - 2023-10-24 04:23:58 --> Session: Class initialized using 'CodeIgniter\Session\Handlers\FileHandler' driver.
CRITICAL - 2023-10-24 04:23:58 --> syntax error, unexpected token "endfor"
in APPPATH\Views\user\home\slider.php on line 18.
 1 SYSTEMPATH\View\View.php(227): CodeIgniter\View\View->CodeIgniter\View\{closure}()
 2 SYSTEMPATH\View\View.php(452): CodeIgniter\View\View->render('user/home/slider', null, true)
 3 APPPATH\Views\user\home\index.php(5): CodeIgniter\View\View->include('user/home/slider')
 4 SYSTEMPATH\View\View.php(224): include('C:\\xampp\\htdocs\\company-profile\\app\\Views\\user\\home\\index.php')
 5 SYSTEMPATH\View\View.php(227): CodeIgniter\View\View->CodeIgniter\View\{closure}()
 6 SYSTEMPATH\Common.php(1180): CodeIgniter\View\View->render('user/home/index', [], true)
 7 APPPATH\Controllers\user\Homectrl.php(46): view('user/home/index', [...])
 8 SYSTEMPATH\CodeIgniter.php(932): App\Controllers\user\Homectrl->index()
 9 SYSTEMPATH\CodeIgniter.php(497): CodeIgniter\CodeIgniter->runController(Object(App\Controllers\user\Homectrl))
10 SYSTEMPATH\CodeIgniter.php(366): CodeIgniter\CodeIgniter->handleRequest(null, Object(Config\Cache), false)
11 FCPATH\index.php(67): CodeIgniter\CodeIgniter->run()
12 SYSTEMPATH\Commands\Server\rewrite.php(47): require_once('C:\\xampp\\htdocs\\company-profile\\public\\index.php')
INFO - 2023-10-24 04:24:23 --> Session: Class initialized using 'CodeIgniter\Session\Handlers\FileHandler' driver.
INFO - 2023-10-24 04:24:57 --> Session: Class initialized using 'CodeIgniter\Session\Handlers\FileHandler' driver.
INFO - 2023-10-24 04:25:32 --> Session: Class initialized using 'CodeIgniter\Session\Handlers\FileHandler' driver.
INFO - 2023-10-24 04:25:54 --> Session: Class initialized using 'CodeIgniter\Session\Handlers\FileHandler' driver.
INFO - 2023-10-24 04:26:39 --> Session: Class initialized using 'CodeIgniter\Session\Handlers\FileHandler' driver.
INFO - 2023-10-24 04:28:06 --> Session: Class initialized using 'CodeIgniter\Session\Handlers\FileHandler' driver.
INFO - 2023-10-24 04:28:43 --> Session: Class initialized using 'CodeIgniter\Session\Handlers\FileHandler' driver.
INFO - 2023-10-24 04:30:19 --> Session: Class initialized using 'CodeIgniter\Session\Handlers\FileHandler' driver.
CRITICAL - 2023-10-24 04:30:19 --> Undefined property: stdClass::$alt_text
in APPPATH\Views\user\home\slider.php on line 10.
 1 APPPATH\Views\user\home\slider.php(10): CodeIgniter\Debug\Exceptions->errorHandler(2, 'Undefined property: stdClass::$alt_text', 'C:\\xampp\\htdocs\\company-profile\\app\\Views\\user\\home\\slider.php', 10)
 2 SYSTEMPATH\View\View.php(224): include('C:\\xampp\\htdocs\\company-profile\\app\\Views\\user\\home\\slider.php')
 3 SYSTEMPATH\View\View.php(227): CodeIgniter\View\View->CodeIgniter\View\{closure}()
 4 SYSTEMPATH\View\View.php(452): CodeIgniter\View\View->render('user/home/slider', null, true)
 5 APPPATH\Views\user\home\index.php(5): CodeIgniter\View\View->include('user/home/slider')
 6 SYSTEMPATH\View\View.php(224): include('C:\\xampp\\htdocs\\company-profile\\app\\Views\\user\\home\\index.php')
 7 SYSTEMPATH\View\View.php(227): CodeIgniter\View\View->CodeIgniter\View\{closure}()
 8 SYSTEMPATH\Common.php(1180): CodeIgniter\View\View->render('user/home/index', [], true)
 9 APPPATH\Controllers\user\Homectrl.php(46): view('user/home/index', [...])
10 SYSTEMPATH\CodeIgniter.php(932): App\Controllers\user\Homectrl->index()
11 SYSTEMPATH\CodeIgniter.php(497): CodeIgniter\CodeIgniter->runController(Object(App\Controllers\user\Homectrl))
12 SYSTEMPATH\CodeIgniter.php(366): CodeIgniter\CodeIgniter->handleRequest(null, Object(Config\Cache), false)
13 FCPATH\index.php(67): CodeIgniter\CodeIgniter->run()
14 SYSTEMPATH\Commands\Server\rewrite.php(47): require_once('C:\\xampp\\htdocs\\company-profile\\public\\index.php')
INFO - 2023-10-24 04:30:35 --> Session: Class initialized using 'CodeIgniter\Session\Handlers\FileHandler' driver.
CRITICAL - 2023-10-24 04:30:35 --> Undefined property: stdClass::$alt_text
in APPPATH\Views\user\home\slider.php on line 10.
 1 APPPATH\Views\user\home\slider.php(10): CodeIgniter\Debug\Exceptions->errorHandler(2, 'Undefined property: stdClass::$alt_text', 'C:\\xampp\\htdocs\\company-profile\\app\\Views\\user\\home\\slider.php', 10)
 2 SYSTEMPATH\View\View.php(224): include('C:\\xampp\\htdocs\\company-profile\\app\\Views\\user\\home\\slider.php')
 3 SYSTEMPATH\View\View.php(227): CodeIgniter\View\View->CodeIgniter\View\{closure}()
 4 SYSTEMPATH\View\View.php(452): CodeIgniter\View\View->render('user/home/slider', null, true)
 5 APPPATH\Views\user\home\index.php(5): CodeIgniter\View\View->include('user/home/slider')
 6 SYSTEMPATH\View\View.php(224): include('C:\\xampp\\htdocs\\company-profile\\app\\Views\\user\\home\\index.php')
 7 SYSTEMPATH\View\View.php(227): CodeIgniter\View\View->CodeIgniter\View\{closure}()
 8 SYSTEMPATH\Common.php(1180): CodeIgniter\View\View->render('user/home/index', [], true)
 9 APPPATH\Controllers\user\Homectrl.php(46): view('user/home/index', [...])
10 SYSTEMPATH\CodeIgniter.php(932): App\Controllers\user\Homectrl->index()
11 SYSTEMPATH\CodeIgniter.php(497): CodeIgniter\CodeIgniter->runController(Object(App\Controllers\user\Homectrl))
12 SYSTEMPATH\CodeIgniter.php(366): CodeIgniter\CodeIgniter->handleRequest(null, Object(Config\Cache), false)
13 FCPATH\index.php(67): CodeIgniter\CodeIgniter->run()
14 SYSTEMPATH\Commands\Server\rewrite.php(47): require_once('C:\\xampp\\htdocs\\company-profile\\public\\index.php')
INFO - 2023-10-24 04:30:51 --> Session: Class initialized using 'CodeIgniter\Session\Handlers\FileHandler' driver.
INFO - 2023-10-24 12:58:00 --> Session: Class initialized using 'CodeIgniter\Session\Handlers\FileHandler' driver.
CRITICAL - 2023-10-24 12:58:00 --> Undefined property: stdClass::$title
in APPPATH\Views\user\home\slider.php on line 14.
 1 APPPATH\Views\user\home\slider.php(14): CodeIgniter\Debug\Exceptions->errorHandler(2, 'Undefined property: stdClass::$title', 'C:\\xampp\\htdocs\\company-profile\\app\\Views\\user\\home\\slider.php', 14)
 2 SYSTEMPATH\View\View.php(224): include('C:\\xampp\\htdocs\\company-profile\\app\\Views\\user\\home\\slider.php')
 3 SYSTEMPATH\View\View.php(227): CodeIgniter\View\View->CodeIgniter\View\{closure}()
 4 SYSTEMPATH\View\View.php(452): CodeIgniter\View\View->render('user/home/slider', null, true)
 5 APPPATH\Views\user\home\index.php(5): CodeIgniter\View\View->include('user/home/slider')
 6 SYSTEMPATH\View\View.php(224): include('C:\\xampp\\htdocs\\company-profile\\app\\Views\\user\\home\\index.php')
 7 SYSTEMPATH\View\View.php(227): CodeIgniter\View\View->CodeIgniter\View\{closure}()
 8 SYSTEMPATH\Common.php(1180): CodeIgniter\View\View->render('user/home/index', [], true)
 9 APPPATH\Controllers\user\Homectrl.php(46): view('user/home/index', [...])
10 SYSTEMPATH\CodeIgniter.php(932): App\Controllers\user\Homectrl->index()
11 SYSTEMPATH\CodeIgniter.php(497): CodeIgniter\CodeIgniter->runController(Object(App\Controllers\user\Homectrl))
12 SYSTEMPATH\CodeIgniter.php(366): CodeIgniter\CodeIgniter->handleRequest(null, Object(Config\Cache), false)
13 FCPATH\index.php(67): CodeIgniter\CodeIgniter->run()
14 SYSTEMPATH\Commands\Server\rewrite.php(47): require_once('C:\\xampp\\htdocs\\company-profile\\public\\index.php')
INFO - 2023-10-24 12:58:20 --> Session: Class initialized using 'CodeIgniter\Session\Handlers\FileHandler' driver.
INFO - 2023-10-24 13:25:34 --> Session: Class initialized using 'CodeIgniter\Session\Handlers\FileHandler' driver.
INFO - 2023-10-24 13:26:47 --> Session: Class initialized using 'CodeIgniter\Session\Handlers\FileHandler' driver.
INFO - 2023-10-24 13:28:15 --> Session: Class initialized using 'CodeIgniter\Session\Handlers\FileHandler' driver.
INFO - 2023-10-24 13:30:06 --> Session: Class initialized using 'CodeIgniter\Session\Handlers\FileHandler' driver.
CRITICAL - 2023-10-24 13:30:06 --> Undefined variable $desc
in APPPATH\Views\user\contact\index.php on line 27.
 1 APPPATH\Views\user\contact\index.php(27): CodeIgniter\Debug\Exceptions->errorHandler(2, 'Undefined variable $desc', 'C:\\xampp\\htdocs\\company-profile\\app\\Views\\user\\contact\\index.php', 27)
 2 SYSTEMPATH\View\View.php(224): include('C:\\xampp\\htdocs\\company-profile\\app\\Views\\user\\contact\\index.php')
 3 SYSTEMPATH\View\View.php(227): CodeIgniter\View\View->CodeIgniter\View\{closure}()
 4 SYSTEMPATH\Common.php(1180): CodeIgniter\View\View->render('user/contact/index', [], true)
 5 APPPATH\Controllers\user\Contactctrl.php(50): view('user/contact/index', [...])
 6 SYSTEMPATH\CodeIgniter.php(932): App\Controllers\user\Contactctrl->index()
 7 SYSTEMPATH\CodeIgniter.php(497): CodeIgniter\CodeIgniter->runController(Object(App\Controllers\user\Contactctrl))
 8 SYSTEMPATH\CodeIgniter.php(366): CodeIgniter\CodeIgniter->handleRequest(null, Object(Config\Cache), false)
 9 FCPATH\index.php(67): CodeIgniter\CodeIgniter->run()
10 SYSTEMPATH\Commands\Server\rewrite.php(47): require_once('C:\\xampp\\htdocs\\company-profile\\public\\index.php')
INFO - 2023-10-24 13:30:59 --> Session: Class initialized using 'CodeIgniter\Session\Handlers\FileHandler' driver.
CRITICAL - 2023-10-24 13:30:59 --> Undefined variable $desc
in APPPATH\Views\user\contact\index.php on line 27.
 1 APPPATH\Views\user\contact\index.php(27): CodeIgniter\Debug\Exceptions->errorHandler(2, 'Undefined variable $desc', 'C:\\xampp\\htdocs\\company-profile\\app\\Views\\user\\contact\\index.php', 27)
 2 SYSTEMPATH\View\View.php(224): include('C:\\xampp\\htdocs\\company-profile\\app\\Views\\user\\contact\\index.php')
 3 SYSTEMPATH\View\View.php(227): CodeIgniter\View\View->CodeIgniter\View\{closure}()
 4 SYSTEMPATH\Common.php(1180): CodeIgniter\View\View->render('user/contact/index', [], true)
 5 APPPATH\Controllers\user\Contactctrl.php(50): view('user/contact/index', [...])
 6 SYSTEMPATH\CodeIgniter.php(932): App\Controllers\user\Contactctrl->index()
 7 SYSTEMPATH\CodeIgniter.php(497): CodeIgniter\CodeIgniter->runController(Object(App\Controllers\user\Contactctrl))
 8 SYSTEMPATH\CodeIgniter.php(366): CodeIgniter\CodeIgniter->handleRequest(null, Object(Config\Cache), false)
 9 FCPATH\index.php(67): CodeIgniter\CodeIgniter->run()
10 SYSTEMPATH\Commands\Server\rewrite.php(47): require_once('C:\\xampp\\htdocs\\company-profile\\public\\index.php')
INFO - 2023-10-24 13:32:07 --> Session: Class initialized using 'CodeIgniter\Session\Handlers\FileHandler' driver.
INFO - 2023-10-24 13:32:28 --> Session: Class initialized using 'CodeIgniter\Session\Handlers\FileHandler' driver.
CRITICAL - 2023-10-24 13:32:28 --> Undefined variable $desc
in APPPATH\Views\user\contact\index.php on line 28.
 1 APPPATH\Views\user\contact\index.php(28): CodeIgniter\Debug\Exceptions->errorHandler(2, 'Undefined variable $desc', 'C:\\xampp\\htdocs\\company-profile\\app\\Views\\user\\contact\\index.php', 28)
 2 SYSTEMPATH\View\View.php(224): include('C:\\xampp\\htdocs\\company-profile\\app\\Views\\user\\contact\\index.php')
 3 SYSTEMPATH\View\View.php(227): CodeIgniter\View\View->CodeIgniter\View\{closure}()
 4 SYSTEMPATH\Common.php(1180): CodeIgniter\View\View->render('user/contact/index', [], true)
 5 APPPATH\Controllers\user\Contactctrl.php(50): view('user/contact/index', [...])
 6 SYSTEMPATH\CodeIgniter.php(932): App\Controllers\user\Contactctrl->index()
 7 SYSTEMPATH\CodeIgniter.php(497): CodeIgniter\CodeIgniter->runController(Object(App\Controllers\user\Contactctrl))
 8 SYSTEMPATH\CodeIgniter.php(366): CodeIgniter\CodeIgniter->handleRequest(null, Object(Config\Cache), false)
 9 FCPATH\index.php(67): CodeIgniter\CodeIgniter->run()
10 SYSTEMPATH\Commands\Server\rewrite.php(47): require_once('C:\\xampp\\htdocs\\company-profile\\public\\index.php')
INFO - 2023-10-24 13:33:41 --> Session: Class initialized using 'CodeIgniter\Session\Handlers\FileHandler' driver.
INFO - 2023-10-24 13:34:03 --> Session: Class initialized using 'CodeIgniter\Session\Handlers\FileHandler' driver.
INFO - 2023-10-24 13:35:46 --> Session: Class initialized using 'CodeIgniter\Session\Handlers\FileHandler' driver.
INFO - 2023-10-24 13:36:29 --> Session: Class initialized using 'CodeIgniter\Session\Handlers\FileHandler' driver.
INFO - 2023-10-24 13:36:55 --> Session: Class initialized using 'CodeIgniter\Session\Handlers\FileHandler' driver.
INFO - 2023-10-24 13:40:46 --> Session: Class initialized using 'CodeIgniter\Session\Handlers\FileHandler' driver.
INFO - 2023-10-24 13:41:51 --> Session: Class initialized using 'CodeIgniter\Session\Handlers\FileHandler' driver.
INFO - 2023-10-24 13:43:25 --> Session: Class initialized using 'CodeIgniter\Session\Handlers\FileHandler' driver.
INFO - 2023-10-24 13:44:27 --> Session: Class initialized using 'CodeIgniter\Session\Handlers\FileHandler' driver.
INFO - 2023-10-24 13:44:42 --> Session: Class initialized using 'CodeIgniter\Session\Handlers\FileHandler' driver.
INFO - 2023-10-24 13:46:06 --> Session: Class initialized using 'CodeIgniter\Session\Handlers\FileHandler' driver.
INFO - 2023-10-24 13:47:24 --> Session: Class initialized using 'CodeIgniter\Session\Handlers\FileHandler' driver.
INFO - 2023-10-24 13:47:54 --> Session: Class initialized using 'CodeIgniter\Session\Handlers\FileHandler' driver.
INFO - 2023-10-24 13:50:09 --> Session: Class initialized using 'CodeIgniter\Session\Handlers\FileHandler' driver.
INFO - 2023-10-24 13:52:34 --> Session: Class initialized using 'CodeIgniter\Session\Handlers\FileHandler' driver.
INFO - 2023-10-24 13:57:21 --> Session: Class initialized using 'CodeIgniter\Session\Handlers\FileHandler' driver.
INFO - 2023-10-24 13:57:43 --> Session: Class initialized using 'CodeIgniter\Session\Handlers\FileHandler' driver.
INFO - 2023-10-24 13:59:10 --> Session: Class initialized using 'CodeIgniter\Session\Handlers\FileHandler' driver.
