INFO - 2024-07-12 04:00:29 --> Session: Class initialized using 'CodeIgniter\Session\Handlers\FileHandler' driver.
ERROR - 2024-07-12 04:00:33 --> Error connecting to the database: mysqli_sql_exception: No connection could be made because the target machine actively refused it in C:\Users\ACER NITRO 5\Penyimpanan Utama\Documents\PKL\Web Code\7_marhab.kadinkotamalang.com\7\system\Database\MySQLi\Connection.php:173
Stack trace:
#0 C:\Users\ACER NITRO 5\Penyimpanan Utama\Documents\PKL\Web Code\7_marhab.kadinkotamalang.com\7\system\Database\MySQLi\Connection.php(173): mysqli->real_connect('localhost', 'root', Object(SensitiveParameterValue), 'u1658729_tujuh', 3306, '', 0)
#1 C:\Users\ACER NITRO 5\Penyimpanan Utama\Documents\PKL\Web Code\7_marhab.kadinkotamalang.com\7\system\Database\BaseConnection.php(391): CodeIgniter\Database\MySQLi\Connection->connect(false)
#2 C:\Users\ACER NITRO 5\Penyimpanan Utama\Documents\PKL\Web Code\7_marhab.kadinkotamalang.com\7\system\Database\BaseConnection.php(574): CodeIgniter\Database\BaseConnection->initialize()
#3 C:\Users\ACER NITRO 5\Penyimpanan Utama\Documents\PKL\Web Code\7_marhab.kadinkotamalang.com\7\system\Database\BaseBuilder.php(1616): CodeIgniter\Database\BaseConnection->query('SELECT *\nFROM `...', Array, false)
#4 C:\Users\ACER NITRO 5\Penyimpanan Utama\Documents\PKL\Web Code\7_marhab.kadinkotamalang.com\7\system\Model.php(241): CodeIgniter\Database\BaseBuilder->get()
#5 C:\Users\ACER NITRO 5\Penyimpanan Utama\Documents\PKL\Web Code\7_marhab.kadinkotamalang.com\7\system\BaseModel.php(618): CodeIgniter\Model->doFindAll(0, 0)
#6 C:\Users\ACER NITRO 5\Penyimpanan Utama\Documents\PKL\Web Code\7_marhab.kadinkotamalang.com\7\app\Controllers\user\Homectrl.php(28): CodeIgniter\BaseModel->findAll()
#7 C:\Users\ACER NITRO 5\Penyimpanan Utama\Documents\PKL\Web Code\7_marhab.kadinkotamalang.com\7\system\CodeIgniter.php(932): App\Controllers\user\Homectrl->index()
#8 C:\Users\ACER NITRO 5\Penyimpanan Utama\Documents\PKL\Web Code\7_marhab.kadinkotamalang.com\7\system\CodeIgniter.php(497): CodeIgniter\CodeIgniter->runController(Object(App\Controllers\user\Homectrl))
#9 C:\Users\ACER NITRO 5\Penyimpanan Utama\Documents\PKL\Web Code\7_marhab.kadinkotamalang.com\7\system\CodeIgniter.php(366): CodeIgniter\CodeIgniter->handleRequest(NULL, Object(Config\Cache), false)
#10 C:\Users\ACER NITRO 5\Penyimpanan Utama\Documents\PKL\Web Code\7_marhab.kadinkotamalang.com\7\public\index.php(67): CodeIgniter\CodeIgniter->run()
#11 C:\Users\ACER NITRO 5\Penyimpanan Utama\Documents\PKL\Web Code\7_marhab.kadinkotamalang.com\7\system\Commands\Server\rewrite.php(47): require_once('C:\\Users\\ACER N...')
#12 {main}

Next CodeIgniter\Database\Exceptions\DatabaseException: No connection could be made because the target machine actively refused it in C:\Users\ACER NITRO 5\Penyimpanan Utama\Documents\PKL\Web Code\7_marhab.kadinkotamalang.com\7\system\Database\MySQLi\Connection.php:218
Stack trace:
#0 C:\Users\ACER NITRO 5\Penyimpanan Utama\Documents\PKL\Web Code\7_marhab.kadinkotamalang.com\7\system\Database\BaseConnection.php(391): CodeIgniter\Database\MySQLi\Connection->connect(false)
#1 C:\Users\ACER NITRO 5\Penyimpanan Utama\Documents\PKL\Web Code\7_marhab.kadinkotamalang.com\7\system\Database\BaseConnection.php(574): CodeIgniter\Database\BaseConnection->initialize()
#2 C:\Users\ACER NITRO 5\Penyimpanan Utama\Documents\PKL\Web Code\7_marhab.kadinkotamalang.com\7\system\Database\BaseBuilder.php(1616): CodeIgniter\Database\BaseConnection->query('SELECT *\nFROM `...', Array, false)
#3 C:\Users\ACER NITRO 5\Penyimpanan Utama\Documents\PKL\Web Code\7_marhab.kadinkotamalang.com\7\system\Model.php(241): CodeIgniter\Database\BaseBuilder->get()
#4 C:\Users\ACER NITRO 5\Penyimpanan Utama\Documents\PKL\Web Code\7_marhab.kadinkotamalang.com\7\system\BaseModel.php(618): CodeIgniter\Model->doFindAll(0, 0)
#5 C:\Users\ACER NITRO 5\Penyimpanan Utama\Documents\PKL\Web Code\7_marhab.kadinkotamalang.com\7\app\Controllers\user\Homectrl.php(28): CodeIgniter\BaseModel->findAll()
#6 C:\Users\ACER NITRO 5\Penyimpanan Utama\Documents\PKL\Web Code\7_marhab.kadinkotamalang.com\7\system\CodeIgniter.php(932): App\Controllers\user\Homectrl->index()
#7 C:\Users\ACER NITRO 5\Penyimpanan Utama\Documents\PKL\Web Code\7_marhab.kadinkotamalang.com\7\system\CodeIgniter.php(497): CodeIgniter\CodeIgniter->runController(Object(App\Controllers\user\Homectrl))
#8 C:\Users\ACER NITRO 5\Penyimpanan Utama\Documents\PKL\Web Code\7_marhab.kadinkotamalang.com\7\system\CodeIgniter.php(366): CodeIgniter\CodeIgniter->handleRequest(NULL, Object(Config\Cache), false)
#9 C:\Users\ACER NITRO 5\Penyimpanan Utama\Documents\PKL\Web Code\7_marhab.kadinkotamalang.com\7\public\index.php(67): CodeIgniter\CodeIgniter->run()
#10 C:\Users\ACER NITRO 5\Penyimpanan Utama\Documents\PKL\Web Code\7_marhab.kadinkotamalang.com\7\system\Commands\Server\rewrite.php(47): require_once('C:\\Users\\ACER N...')
#11 {main}
CRITICAL - 2024-07-12 04:00:33 --> Unable to connect to the database.
Main connection [MySQLi]: No connection could be made because the target machine actively refused it
in SYSTEMPATH\Database\BaseConnection.php on line 427.
 1 SYSTEMPATH\Database\BaseConnection.php(574): CodeIgniter\Database\BaseConnection->initialize()
 2 SYSTEMPATH\Database\BaseBuilder.php(1616): CodeIgniter\Database\BaseConnection->query('SELECT *
FROM `tb_profil`', [], false)
 3 SYSTEMPATH\Model.php(241): CodeIgniter\Database\BaseBuilder->get()
 4 SYSTEMPATH\BaseModel.php(618): CodeIgniter\Model->doFindAll(0, 0)
 5 APPPATH\Controllers\user\Homectrl.php(28): CodeIgniter\BaseModel->findAll()
 6 SYSTEMPATH\CodeIgniter.php(932): App\Controllers\user\Homectrl->index()
 7 SYSTEMPATH\CodeIgniter.php(497): CodeIgniter\CodeIgniter->runController(Object(App\Controllers\user\Homectrl))
 8 SYSTEMPATH\CodeIgniter.php(366): CodeIgniter\CodeIgniter->handleRequest(null, Object(Config\Cache), false)
 9 FCPATH\index.php(67): CodeIgniter\CodeIgniter->run()
10 SYSTEMPATH\Commands\Server\rewrite.php(47): require_once('C:\\Users\\ACER NITRO 5\\Penyimpanan Utama\\Documents\\PKL\\Web Code\\7_marhab.kadinkotamalang.com\\7\\public\\index.php')
INFO - 2024-07-12 04:00:45 --> Session: Class initialized using 'CodeIgniter\Session\Handlers\FileHandler' driver.
ERROR - 2024-07-12 04:00:49 --> Error connecting to the database: mysqli_sql_exception: No connection could be made because the target machine actively refused it in C:\Users\ACER NITRO 5\Penyimpanan Utama\Documents\PKL\Web Code\7_marhab.kadinkotamalang.com\7\system\Database\MySQLi\Connection.php:173
Stack trace:
#0 C:\Users\ACER NITRO 5\Penyimpanan Utama\Documents\PKL\Web Code\7_marhab.kadinkotamalang.com\7\system\Database\MySQLi\Connection.php(173): mysqli->real_connect('localhost', 'root', Object(SensitiveParameterValue), 'u1658729_tujuh', 3306, '', 0)
#1 C:\Users\ACER NITRO 5\Penyimpanan Utama\Documents\PKL\Web Code\7_marhab.kadinkotamalang.com\7\system\Database\BaseConnection.php(391): CodeIgniter\Database\MySQLi\Connection->connect(false)
#2 C:\Users\ACER NITRO 5\Penyimpanan Utama\Documents\PKL\Web Code\7_marhab.kadinkotamalang.com\7\system\Database\BaseConnection.php(574): CodeIgniter\Database\BaseConnection->initialize()
#3 C:\Users\ACER NITRO 5\Penyimpanan Utama\Documents\PKL\Web Code\7_marhab.kadinkotamalang.com\7\system\Database\BaseBuilder.php(1616): CodeIgniter\Database\BaseConnection->query('SELECT *\nFROM `...', Array, false)
#4 C:\Users\ACER NITRO 5\Penyimpanan Utama\Documents\PKL\Web Code\7_marhab.kadinkotamalang.com\7\system\Model.php(241): CodeIgniter\Database\BaseBuilder->get()
#5 C:\Users\ACER NITRO 5\Penyimpanan Utama\Documents\PKL\Web Code\7_marhab.kadinkotamalang.com\7\system\BaseModel.php(618): CodeIgniter\Model->doFindAll(0, 0)
#6 C:\Users\ACER NITRO 5\Penyimpanan Utama\Documents\PKL\Web Code\7_marhab.kadinkotamalang.com\7\app\Controllers\user\Homectrl.php(28): CodeIgniter\BaseModel->findAll()
#7 C:\Users\ACER NITRO 5\Penyimpanan Utama\Documents\PKL\Web Code\7_marhab.kadinkotamalang.com\7\system\CodeIgniter.php(932): App\Controllers\user\Homectrl->index()
#8 C:\Users\ACER NITRO 5\Penyimpanan Utama\Documents\PKL\Web Code\7_marhab.kadinkotamalang.com\7\system\CodeIgniter.php(497): CodeIgniter\CodeIgniter->runController(Object(App\Controllers\user\Homectrl))
#9 C:\Users\ACER NITRO 5\Penyimpanan Utama\Documents\PKL\Web Code\7_marhab.kadinkotamalang.com\7\system\CodeIgniter.php(366): CodeIgniter\CodeIgniter->handleRequest(NULL, Object(Config\Cache), false)
#10 C:\Users\ACER NITRO 5\Penyimpanan Utama\Documents\PKL\Web Code\7_marhab.kadinkotamalang.com\7\public\index.php(67): CodeIgniter\CodeIgniter->run()
#11 C:\Users\ACER NITRO 5\Penyimpanan Utama\Documents\PKL\Web Code\7_marhab.kadinkotamalang.com\7\system\Commands\Server\rewrite.php(47): require_once('C:\\Users\\ACER N...')
#12 {main}

Next CodeIgniter\Database\Exceptions\DatabaseException: No connection could be made because the target machine actively refused it in C:\Users\ACER NITRO 5\Penyimpanan Utama\Documents\PKL\Web Code\7_marhab.kadinkotamalang.com\7\system\Database\MySQLi\Connection.php:218
Stack trace:
#0 C:\Users\ACER NITRO 5\Penyimpanan Utama\Documents\PKL\Web Code\7_marhab.kadinkotamalang.com\7\system\Database\BaseConnection.php(391): CodeIgniter\Database\MySQLi\Connection->connect(false)
#1 C:\Users\ACER NITRO 5\Penyimpanan Utama\Documents\PKL\Web Code\7_marhab.kadinkotamalang.com\7\system\Database\BaseConnection.php(574): CodeIgniter\Database\BaseConnection->initialize()
#2 C:\Users\ACER NITRO 5\Penyimpanan Utama\Documents\PKL\Web Code\7_marhab.kadinkotamalang.com\7\system\Database\BaseBuilder.php(1616): CodeIgniter\Database\BaseConnection->query('SELECT *\nFROM `...', Array, false)
#3 C:\Users\ACER NITRO 5\Penyimpanan Utama\Documents\PKL\Web Code\7_marhab.kadinkotamalang.com\7\system\Model.php(241): CodeIgniter\Database\BaseBuilder->get()
#4 C:\Users\ACER NITRO 5\Penyimpanan Utama\Documents\PKL\Web Code\7_marhab.kadinkotamalang.com\7\system\BaseModel.php(618): CodeIgniter\Model->doFindAll(0, 0)
#5 C:\Users\ACER NITRO 5\Penyimpanan Utama\Documents\PKL\Web Code\7_marhab.kadinkotamalang.com\7\app\Controllers\user\Homectrl.php(28): CodeIgniter\BaseModel->findAll()
#6 C:\Users\ACER NITRO 5\Penyimpanan Utama\Documents\PKL\Web Code\7_marhab.kadinkotamalang.com\7\system\CodeIgniter.php(932): App\Controllers\user\Homectrl->index()
#7 C:\Users\ACER NITRO 5\Penyimpanan Utama\Documents\PKL\Web Code\7_marhab.kadinkotamalang.com\7\system\CodeIgniter.php(497): CodeIgniter\CodeIgniter->runController(Object(App\Controllers\user\Homectrl))
#8 C:\Users\ACER NITRO 5\Penyimpanan Utama\Documents\PKL\Web Code\7_marhab.kadinkotamalang.com\7\system\CodeIgniter.php(366): CodeIgniter\CodeIgniter->handleRequest(NULL, Object(Config\Cache), false)
#9 C:\Users\ACER NITRO 5\Penyimpanan Utama\Documents\PKL\Web Code\7_marhab.kadinkotamalang.com\7\public\index.php(67): CodeIgniter\CodeIgniter->run()
#10 C:\Users\ACER NITRO 5\Penyimpanan Utama\Documents\PKL\Web Code\7_marhab.kadinkotamalang.com\7\system\Commands\Server\rewrite.php(47): require_once('C:\\Users\\ACER N...')
#11 {main}
CRITICAL - 2024-07-12 04:00:49 --> Unable to connect to the database.
Main connection [MySQLi]: No connection could be made because the target machine actively refused it
in SYSTEMPATH\Database\BaseConnection.php on line 427.
 1 SYSTEMPATH\Database\BaseConnection.php(574): CodeIgniter\Database\BaseConnection->initialize()
 2 SYSTEMPATH\Database\BaseBuilder.php(1616): CodeIgniter\Database\BaseConnection->query('SELECT *
FROM `tb_profil`', [], false)
 3 SYSTEMPATH\Model.php(241): CodeIgniter\Database\BaseBuilder->get()
 4 SYSTEMPATH\BaseModel.php(618): CodeIgniter\Model->doFindAll(0, 0)
 5 APPPATH\Controllers\user\Homectrl.php(28): CodeIgniter\BaseModel->findAll()
 6 SYSTEMPATH\CodeIgniter.php(932): App\Controllers\user\Homectrl->index()
 7 SYSTEMPATH\CodeIgniter.php(497): CodeIgniter\CodeIgniter->runController(Object(App\Controllers\user\Homectrl))
 8 SYSTEMPATH\CodeIgniter.php(366): CodeIgniter\CodeIgniter->handleRequest(null, Object(Config\Cache), false)
 9 FCPATH\index.php(67): CodeIgniter\CodeIgniter->run()
10 SYSTEMPATH\Commands\Server\rewrite.php(47): require_once('C:\\Users\\ACER NITRO 5\\Penyimpanan Utama\\Documents\\PKL\\Web Code\\7_marhab.kadinkotamalang.com\\7\\public\\index.php')
INFO - 2024-07-12 04:00:49 --> Session: Class initialized using 'CodeIgniter\Session\Handlers\FileHandler' driver.
ERROR - 2024-07-12 04:00:53 --> Error connecting to the database: mysqli_sql_exception: No connection could be made because the target machine actively refused it in C:\Users\ACER NITRO 5\Penyimpanan Utama\Documents\PKL\Web Code\7_marhab.kadinkotamalang.com\7\system\Database\MySQLi\Connection.php:173
Stack trace:
#0 C:\Users\ACER NITRO 5\Penyimpanan Utama\Documents\PKL\Web Code\7_marhab.kadinkotamalang.com\7\system\Database\MySQLi\Connection.php(173): mysqli->real_connect('localhost', 'root', Object(SensitiveParameterValue), 'u1658729_tujuh', 3306, '', 0)
#1 C:\Users\ACER NITRO 5\Penyimpanan Utama\Documents\PKL\Web Code\7_marhab.kadinkotamalang.com\7\system\Database\BaseConnection.php(391): CodeIgniter\Database\MySQLi\Connection->connect(false)
#2 C:\Users\ACER NITRO 5\Penyimpanan Utama\Documents\PKL\Web Code\7_marhab.kadinkotamalang.com\7\system\Database\BaseConnection.php(574): CodeIgniter\Database\BaseConnection->initialize()
#3 C:\Users\ACER NITRO 5\Penyimpanan Utama\Documents\PKL\Web Code\7_marhab.kadinkotamalang.com\7\system\Database\BaseBuilder.php(1616): CodeIgniter\Database\BaseConnection->query('SELECT *\nFROM `...', Array, false)
#4 C:\Users\ACER NITRO 5\Penyimpanan Utama\Documents\PKL\Web Code\7_marhab.kadinkotamalang.com\7\system\Model.php(241): CodeIgniter\Database\BaseBuilder->get()
#5 C:\Users\ACER NITRO 5\Penyimpanan Utama\Documents\PKL\Web Code\7_marhab.kadinkotamalang.com\7\system\BaseModel.php(618): CodeIgniter\Model->doFindAll(0, 0)
#6 C:\Users\ACER NITRO 5\Penyimpanan Utama\Documents\PKL\Web Code\7_marhab.kadinkotamalang.com\7\app\Controllers\user\Homectrl.php(28): CodeIgniter\BaseModel->findAll()
#7 C:\Users\ACER NITRO 5\Penyimpanan Utama\Documents\PKL\Web Code\7_marhab.kadinkotamalang.com\7\system\CodeIgniter.php(932): App\Controllers\user\Homectrl->index()
#8 C:\Users\ACER NITRO 5\Penyimpanan Utama\Documents\PKL\Web Code\7_marhab.kadinkotamalang.com\7\system\CodeIgniter.php(497): CodeIgniter\CodeIgniter->runController(Object(App\Controllers\user\Homectrl))
#9 C:\Users\ACER NITRO 5\Penyimpanan Utama\Documents\PKL\Web Code\7_marhab.kadinkotamalang.com\7\system\CodeIgniter.php(366): CodeIgniter\CodeIgniter->handleRequest(NULL, Object(Config\Cache), false)
#10 C:\Users\ACER NITRO 5\Penyimpanan Utama\Documents\PKL\Web Code\7_marhab.kadinkotamalang.com\7\public\index.php(67): CodeIgniter\CodeIgniter->run()
#11 C:\Users\ACER NITRO 5\Penyimpanan Utama\Documents\PKL\Web Code\7_marhab.kadinkotamalang.com\7\system\Commands\Server\rewrite.php(47): require_once('C:\\Users\\ACER N...')
#12 {main}

Next CodeIgniter\Database\Exceptions\DatabaseException: No connection could be made because the target machine actively refused it in C:\Users\ACER NITRO 5\Penyimpanan Utama\Documents\PKL\Web Code\7_marhab.kadinkotamalang.com\7\system\Database\MySQLi\Connection.php:218
Stack trace:
#0 C:\Users\ACER NITRO 5\Penyimpanan Utama\Documents\PKL\Web Code\7_marhab.kadinkotamalang.com\7\system\Database\BaseConnection.php(391): CodeIgniter\Database\MySQLi\Connection->connect(false)
#1 C:\Users\ACER NITRO 5\Penyimpanan Utama\Documents\PKL\Web Code\7_marhab.kadinkotamalang.com\7\system\Database\BaseConnection.php(574): CodeIgniter\Database\BaseConnection->initialize()
#2 C:\Users\ACER NITRO 5\Penyimpanan Utama\Documents\PKL\Web Code\7_marhab.kadinkotamalang.com\7\system\Database\BaseBuilder.php(1616): CodeIgniter\Database\BaseConnection->query('SELECT *\nFROM `...', Array, false)
#3 C:\Users\ACER NITRO 5\Penyimpanan Utama\Documents\PKL\Web Code\7_marhab.kadinkotamalang.com\7\system\Model.php(241): CodeIgniter\Database\BaseBuilder->get()
#4 C:\Users\ACER NITRO 5\Penyimpanan Utama\Documents\PKL\Web Code\7_marhab.kadinkotamalang.com\7\system\BaseModel.php(618): CodeIgniter\Model->doFindAll(0, 0)
#5 C:\Users\ACER NITRO 5\Penyimpanan Utama\Documents\PKL\Web Code\7_marhab.kadinkotamalang.com\7\app\Controllers\user\Homectrl.php(28): CodeIgniter\BaseModel->findAll()
#6 C:\Users\ACER NITRO 5\Penyimpanan Utama\Documents\PKL\Web Code\7_marhab.kadinkotamalang.com\7\system\CodeIgniter.php(932): App\Controllers\user\Homectrl->index()
#7 C:\Users\ACER NITRO 5\Penyimpanan Utama\Documents\PKL\Web Code\7_marhab.kadinkotamalang.com\7\system\CodeIgniter.php(497): CodeIgniter\CodeIgniter->runController(Object(App\Controllers\user\Homectrl))
#8 C:\Users\ACER NITRO 5\Penyimpanan Utama\Documents\PKL\Web Code\7_marhab.kadinkotamalang.com\7\system\CodeIgniter.php(366): CodeIgniter\CodeIgniter->handleRequest(NULL, Object(Config\Cache), false)
#9 C:\Users\ACER NITRO 5\Penyimpanan Utama\Documents\PKL\Web Code\7_marhab.kadinkotamalang.com\7\public\index.php(67): CodeIgniter\CodeIgniter->run()
#10 C:\Users\ACER NITRO 5\Penyimpanan Utama\Documents\PKL\Web Code\7_marhab.kadinkotamalang.com\7\system\Commands\Server\rewrite.php(47): require_once('C:\\Users\\ACER N...')
#11 {main}
CRITICAL - 2024-07-12 04:00:53 --> Unable to connect to the database.
Main connection [MySQLi]: No connection could be made because the target machine actively refused it
in SYSTEMPATH\Database\BaseConnection.php on line 427.
 1 SYSTEMPATH\Database\BaseConnection.php(574): CodeIgniter\Database\BaseConnection->initialize()
 2 SYSTEMPATH\Database\BaseBuilder.php(1616): CodeIgniter\Database\BaseConnection->query('SELECT *
FROM `tb_profil`', [], false)
 3 SYSTEMPATH\Model.php(241): CodeIgniter\Database\BaseBuilder->get()
 4 SYSTEMPATH\BaseModel.php(618): CodeIgniter\Model->doFindAll(0, 0)
 5 APPPATH\Controllers\user\Homectrl.php(28): CodeIgniter\BaseModel->findAll()
 6 SYSTEMPATH\CodeIgniter.php(932): App\Controllers\user\Homectrl->index()
 7 SYSTEMPATH\CodeIgniter.php(497): CodeIgniter\CodeIgniter->runController(Object(App\Controllers\user\Homectrl))
 8 SYSTEMPATH\CodeIgniter.php(366): CodeIgniter\CodeIgniter->handleRequest(null, Object(Config\Cache), false)
 9 FCPATH\index.php(67): CodeIgniter\CodeIgniter->run()
10 SYSTEMPATH\Commands\Server\rewrite.php(47): require_once('C:\\Users\\ACER NITRO 5\\Penyimpanan Utama\\Documents\\PKL\\Web Code\\7_marhab.kadinkotamalang.com\\7\\public\\index.php')
INFO - 2024-07-12 04:01:00 --> Session: Class initialized using 'CodeIgniter\Session\Handlers\FileHandler' driver.
INFO - 2024-07-12 04:01:21 --> Session: Class initialized using 'CodeIgniter\Session\Handlers\FileHandler' driver.
INFO - 2024-07-12 04:01:22 --> Session: Class initialized using 'CodeIgniter\Session\Handlers\FileHandler' driver.
INFO - 2024-07-12 04:01:25 --> Session: Class initialized using 'CodeIgniter\Session\Handlers\FileHandler' driver.
INFO - 2024-07-12 04:02:20 --> Session: Class initialized using 'CodeIgniter\Session\Handlers\FileHandler' driver.
INFO - 2024-07-12 04:06:16 --> Session: Class initialized using 'CodeIgniter\Session\Handlers\FileHandler' driver.
INFO - 2024-07-12 04:06:36 --> Session: Class initialized using 'CodeIgniter\Session\Handlers\FileHandler' driver.
INFO - 2024-07-12 04:08:54 --> Session: Class initialized using 'CodeIgniter\Session\Handlers\FileHandler' driver.
INFO - 2024-07-12 04:13:54 --> Session: Class initialized using 'CodeIgniter\Session\Handlers\FileHandler' driver.
INFO - 2024-07-12 04:13:55 --> Session: Class initialized using 'CodeIgniter\Session\Handlers\FileHandler' driver.
INFO - 2024-07-12 04:14:16 --> Session: Class initialized using 'CodeIgniter\Session\Handlers\FileHandler' driver.
INFO - 2024-07-12 04:14:19 --> Session: Class initialized using 'CodeIgniter\Session\Handlers\FileHandler' driver.
INFO - 2024-07-12 04:17:10 --> Session: Class initialized using 'CodeIgniter\Session\Handlers\FileHandler' driver.
INFO - 2024-07-12 04:17:26 --> Session: Class initialized using 'CodeIgniter\Session\Handlers\FileHandler' driver.
INFO - 2024-07-12 04:17:30 --> Session: Class initialized using 'CodeIgniter\Session\Handlers\FileHandler' driver.
INFO - 2024-07-12 04:18:29 --> Session: Class initialized using 'CodeIgniter\Session\Handlers\FileHandler' driver.
INFO - 2024-07-12 04:18:31 --> Session: Class initialized using 'CodeIgniter\Session\Handlers\FileHandler' driver.
INFO - 2024-07-12 04:18:41 --> Session: Class initialized using 'CodeIgniter\Session\Handlers\FileHandler' driver.
INFO - 2024-07-12 04:19:24 --> Session: Class initialized using 'CodeIgniter\Session\Handlers\FileHandler' driver.
INFO - 2024-07-12 04:19:30 --> Session: Class initialized using 'CodeIgniter\Session\Handlers\FileHandler' driver.
INFO - 2024-07-12 04:19:35 --> Session: Class initialized using 'CodeIgniter\Session\Handlers\FileHandler' driver.
INFO - 2024-07-12 04:19:49 --> Session: Class initialized using 'CodeIgniter\Session\Handlers\FileHandler' driver.
INFO - 2024-07-12 04:20:33 --> Session: Class initialized using 'CodeIgniter\Session\Handlers\FileHandler' driver.
INFO - 2024-07-12 04:20:46 --> Session: Class initialized using 'CodeIgniter\Session\Handlers\FileHandler' driver.
INFO - 2024-07-12 04:21:01 --> Session: Class initialized using 'CodeIgniter\Session\Handlers\FileHandler' driver.
INFO - 2024-07-12 04:21:15 --> Session: Class initialized using 'CodeIgniter\Session\Handlers\FileHandler' driver.
INFO - 2024-07-12 06:53:50 --> Session: Class initialized using 'CodeIgniter\Session\Handlers\FileHandler' driver.
INFO - 2024-07-12 06:54:12 --> Session: Class initialized using 'CodeIgniter\Session\Handlers\FileHandler' driver.
INFO - 2024-07-12 06:54:16 --> Session: Class initialized using 'CodeIgniter\Session\Handlers\FileHandler' driver.
INFO - 2024-07-12 06:54:23 --> Session: Class initialized using 'CodeIgniter\Session\Handlers\FileHandler' driver.
INFO - 2024-07-12 06:54:32 --> Session: Class initialized using 'CodeIgniter\Session\Handlers\FileHandler' driver.
