INFO - 2024-07-25 02:51:42 --> Session: Class initialized using 'CodeIgniter\Session\Handlers\FileHandler' driver.
ERROR - 2024-07-25 02:51:46 --> Error connecting to the database: mysqli_sql_exception: No connection could be made because the target machine actively refused it in C:\Users\ACER NITRO 5\Penyimpanan Utama\Documents\PKL\Web Code\7_marhab.kadinkotamalang.com\7\system\Database\MySQLi\Connection.php:173
Stack trace:
#0 C:\Users\ACER NITRO 5\Penyimpanan Utama\Documents\PKL\Web Code\7_marhab.kadinkotamalang.com\7\system\Database\MySQLi\Connection.php(173): mysqli->real_connect('localhost', 'root', Object(SensitiveParameterValue), 'u1658729_tujuh', 3306, '', 0)
#1 C:\Users\ACER NITRO 5\Penyimpanan Utama\Documents\PKL\Web Code\7_marhab.kadinkotamalang.com\7\system\Database\BaseConnection.php(391): CodeIgniter\Database\MySQLi\Connection->connect(false)
#2 C:\Users\ACER NITRO 5\Penyimpanan Utama\Documents\PKL\Web Code\7_marhab.kadinkotamalang.com\7\system\Database\BaseConnection.php(574): CodeIgniter\Database\BaseConnection->initialize()
#3 C:\Users\ACER NITRO 5\Penyimpanan Utama\Documents\PKL\Web Code\7_marhab.kadinkotamalang.com\7\system\Database\BaseBuilder.php(1616): CodeIgniter\Database\BaseConnection->query('SELECT *\nFROM `...', Array, false)
#4 C:\Users\ACER NITRO 5\Penyimpanan Utama\Documents\PKL\Web Code\7_marhab.kadinkotamalang.com\7\system\Model.php(241): CodeIgniter\Database\BaseBuilder->get()
#5 C:\Users\ACER NITRO 5\Penyimpanan Utama\Documents\PKL\Web Code\7_marhab.kadinkotamalang.com\7\system\BaseModel.php(618): CodeIgniter\Model->doFindAll(0, 0)
#6 C:\Users\ACER NITRO 5\Penyimpanan Utama\Documents\PKL\Web Code\7_marhab.kadinkotamalang.com\7\app\Controllers\user\Homectrl.php(29): CodeIgniter\BaseModel->findAll()
#7 C:\Users\ACER NITRO 5\Penyimpanan Utama\Documents\PKL\Web Code\7_marhab.kadinkotamalang.com\7\system\CodeIgniter.php(932): App\Controllers\user\Homectrl->index()
#8 C:\Users\ACER NITRO 5\Penyimpanan Utama\Documents\PKL\Web Code\7_marhab.kadinkotamalang.com\7\system\CodeIgniter.php(497): CodeIgniter\CodeIgniter->runController(Object(App\Controllers\user\Homectrl))
#9 C:\Users\ACER NITRO 5\Penyimpanan Utama\Documents\PKL\Web Code\7_marhab.kadinkotamalang.com\7\system\CodeIgniter.php(366): CodeIgniter\CodeIgniter->handleRequest(NULL, Object(Config\Cache), false)
#10 C:\Users\ACER NITRO 5\Penyimpanan Utama\Documents\PKL\Web Code\7_marhab.kadinkotamalang.com\7\public\index.php(67): CodeIgniter\CodeIgniter->run()
#11 C:\Users\ACER NITRO 5\Penyimpanan Utama\Documents\PKL\Web Code\7_marhab.kadinkotamalang.com\7\system\Commands\Server\rewrite.php(47): require_once('C:\\Users\\ACER N...')
#12 {main}

Next CodeIgniter\Database\Exceptions\DatabaseException: No connection could be made because the target machine actively refused it in C:\Users\ACER NITRO 5\Penyimpanan Utama\Documents\PKL\Web Code\7_marhab.kadinkotamalang.com\7\system\Database\MySQLi\Connection.php:218
Stack trace:
#0 C:\Users\ACER NITRO 5\Penyimpanan Utama\Documents\PKL\Web Code\7_marhab.kadinkotamalang.com\7\system\Database\BaseConnection.php(391): CodeIgniter\Database\MySQLi\Connection->connect(false)
#1 C:\Users\ACER NITRO 5\Penyimpanan Utama\Documents\PKL\Web Code\7_marhab.kadinkotamalang.com\7\system\Database\BaseConnection.php(574): CodeIgniter\Database\BaseConnection->initialize()
#2 C:\Users\ACER NITRO 5\Penyimpanan Utama\Documents\PKL\Web Code\7_marhab.kadinkotamalang.com\7\system\Database\BaseBuilder.php(1616): CodeIgniter\Database\BaseConnection->query('SELECT *\nFROM `...', Array, false)
#3 C:\Users\ACER NITRO 5\Penyimpanan Utama\Documents\PKL\Web Code\7_marhab.kadinkotamalang.com\7\system\Model.php(241): CodeIgniter\Database\BaseBuilder->get()
#4 C:\Users\ACER NITRO 5\Penyimpanan Utama\Documents\PKL\Web Code\7_marhab.kadinkotamalang.com\7\system\BaseModel.php(618): CodeIgniter\Model->doFindAll(0, 0)
#5 C:\Users\ACER NITRO 5\Penyimpanan Utama\Documents\PKL\Web Code\7_marhab.kadinkotamalang.com\7\app\Controllers\user\Homectrl.php(29): CodeIgniter\BaseModel->findAll()
#6 C:\Users\ACER NITRO 5\Penyimpanan Utama\Documents\PKL\Web Code\7_marhab.kadinkotamalang.com\7\system\CodeIgniter.php(932): App\Controllers\user\Homectrl->index()
#7 C:\Users\ACER NITRO 5\Penyimpanan Utama\Documents\PKL\Web Code\7_marhab.kadinkotamalang.com\7\system\CodeIgniter.php(497): CodeIgniter\CodeIgniter->runController(Object(App\Controllers\user\Homectrl))
#8 C:\Users\ACER NITRO 5\Penyimpanan Utama\Documents\PKL\Web Code\7_marhab.kadinkotamalang.com\7\system\CodeIgniter.php(366): CodeIgniter\CodeIgniter->handleRequest(NULL, Object(Config\Cache), false)
#9 C:\Users\ACER NITRO 5\Penyimpanan Utama\Documents\PKL\Web Code\7_marhab.kadinkotamalang.com\7\public\index.php(67): CodeIgniter\CodeIgniter->run()
#10 C:\Users\ACER NITRO 5\Penyimpanan Utama\Documents\PKL\Web Code\7_marhab.kadinkotamalang.com\7\system\Commands\Server\rewrite.php(47): require_once('C:\\Users\\ACER N...')
#11 {main}
CRITICAL - 2024-07-25 02:51:46 --> Unable to connect to the database.
Main connection [MySQLi]: No connection could be made because the target machine actively refused it
in SYSTEMPATH\Database\BaseConnection.php on line 427.
 1 SYSTEMPATH\Database\BaseConnection.php(574): CodeIgniter\Database\BaseConnection->initialize()
 2 SYSTEMPATH\Database\BaseBuilder.php(1616): CodeIgniter\Database\BaseConnection->query('SELECT *
FROM `tb_profil`', [], false)
 3 SYSTEMPATH\Model.php(241): CodeIgniter\Database\BaseBuilder->get()
 4 SYSTEMPATH\BaseModel.php(618): CodeIgniter\Model->doFindAll(0, 0)
 5 APPPATH\Controllers\user\Homectrl.php(29): CodeIgniter\BaseModel->findAll()
 6 SYSTEMPATH\CodeIgniter.php(932): App\Controllers\user\Homectrl->index()
 7 SYSTEMPATH\CodeIgniter.php(497): CodeIgniter\CodeIgniter->runController(Object(App\Controllers\user\Homectrl))
 8 SYSTEMPATH\CodeIgniter.php(366): CodeIgniter\CodeIgniter->handleRequest(null, Object(Config\Cache), false)
 9 FCPATH\index.php(67): CodeIgniter\CodeIgniter->run()
10 SYSTEMPATH\Commands\Server\rewrite.php(47): require_once('C:\\Users\\ACER NITRO 5\\Penyimpanan Utama\\Documents\\PKL\\Web Code\\7_marhab.kadinkotamalang.com\\7\\public\\index.php')
INFO - 2024-07-25 02:52:07 --> Session: Class initialized using 'CodeIgniter\Session\Handlers\FileHandler' driver.
INFO - 2024-07-25 02:52:57 --> Session: Class initialized using 'CodeIgniter\Session\Handlers\FileHandler' driver.
INFO - 2024-07-25 02:53:13 --> Session: Class initialized using 'CodeIgniter\Session\Handlers\FileHandler' driver.
INFO - 2024-07-25 02:53:23 --> Session: Class initialized using 'CodeIgniter\Session\Handlers\FileHandler' driver.
INFO - 2024-07-25 02:53:38 --> Session: Class initialized using 'CodeIgniter\Session\Handlers\FileHandler' driver.
INFO - 2024-07-25 02:53:41 --> Session: Class initialized using 'CodeIgniter\Session\Handlers\FileHandler' driver.
INFO - 2024-07-25 02:53:48 --> Session: Class initialized using 'CodeIgniter\Session\Handlers\FileHandler' driver.
INFO - 2024-07-25 02:53:52 --> Session: Class initialized using 'CodeIgniter\Session\Handlers\FileHandler' driver.
INFO - 2024-07-25 02:53:59 --> Session: Class initialized using 'CodeIgniter\Session\Handlers\FileHandler' driver.
INFO - 2024-07-25 02:54:02 --> Session: Class initialized using 'CodeIgniter\Session\Handlers\FileHandler' driver.
INFO - 2024-07-25 02:54:35 --> Session: Class initialized using 'CodeIgniter\Session\Handlers\FileHandler' driver.
INFO - 2024-07-25 02:54:41 --> Session: Class initialized using 'CodeIgniter\Session\Handlers\FileHandler' driver.
INFO - 2024-07-25 02:54:56 --> Session: Class initialized using 'CodeIgniter\Session\Handlers\FileHandler' driver.
INFO - 2024-07-25 02:57:22 --> Session: Class initialized using 'CodeIgniter\Session\Handlers\FileHandler' driver.
INFO - 2024-07-25 02:58:52 --> Session: Class initialized using 'CodeIgniter\Session\Handlers\FileHandler' driver.
INFO - 2024-07-25 02:59:12 --> Session: Class initialized using 'CodeIgniter\Session\Handlers\FileHandler' driver.
INFO - 2024-07-25 03:00:08 --> Session: Class initialized using 'CodeIgniter\Session\Handlers\FileHandler' driver.
INFO - 2024-07-25 03:00:13 --> CSRF token verified.
INFO - 2024-07-25 03:00:13 --> Session: Class initialized using 'CodeIgniter\Session\Handlers\FileHandler' driver.
INFO - 2024-07-25 03:00:13 --> Session: Class initialized using 'CodeIgniter\Session\Handlers\FileHandler' driver.
INFO - 2024-07-25 03:00:17 --> Session: Class initialized using 'CodeIgniter\Session\Handlers\FileHandler' driver.
INFO - 2024-07-25 03:01:22 --> Session: Class initialized using 'CodeIgniter\Session\Handlers\FileHandler' driver.
CRITICAL - 2024-07-25 03:01:22 --> Undefined variable $no_hp
in APPPATH\Views\user\layout\footer.php on line 11.
 1 APPPATH\Views\user\layout\footer.php(11): CodeIgniter\Debug\Exceptions->errorHandler(2, 'Undefined variable $no_hp', 'C:\\Users\\ACER NITRO 5\\Penyimpanan Utama\\Documents\\PKL\\Web Code\\7_marhab.kadinkotamalang.com\\7\\app\\Views\\user\\layout\\footer.php', 11)
 2 SYSTEMPATH\View\View.php(224): include('C:\\Users\\ACER NITRO 5\\Penyimpanan Utama\\Documents\\PKL\\Web Code\\7_marhab.kadinkotamalang.com\\7\\app\\Views\\user\\layout\\footer.php')
 3 SYSTEMPATH\View\View.php(227): CodeIgniter\View\View->CodeIgniter\View\{closure}()
 4 SYSTEMPATH\View\View.php(452): CodeIgniter\View\View->render('user/layout/footer', null, true)
 5 APPPATH\Views\user\template\template.php(80): CodeIgniter\View\View->include('user/layout/footer')
 6 SYSTEMPATH\View\View.php(224): include('C:\\Users\\ACER NITRO 5\\Penyimpanan Utama\\Documents\\PKL\\Web Code\\7_marhab.kadinkotamalang.com\\7\\app\\Views\\user\\template\\template.php')
 7 SYSTEMPATH\View\View.php(227): CodeIgniter\View\View->CodeIgniter\View\{closure}()
 8 SYSTEMPATH\View\View.php(240): CodeIgniter\View\View->render('user/template/template', [], true)
 9 SYSTEMPATH\Common.php(1180): CodeIgniter\View\View->render('user/products/index', [], true)
10 APPPATH\Controllers\user\Productsctrl.php(50): view('user/products/index', [...])
11 SYSTEMPATH\CodeIgniter.php(932): App\Controllers\user\Productsctrl->index()
12 SYSTEMPATH\CodeIgniter.php(497): CodeIgniter\CodeIgniter->runController(Object(App\Controllers\user\Productsctrl))
13 SYSTEMPATH\CodeIgniter.php(366): CodeIgniter\CodeIgniter->handleRequest(null, Object(Config\Cache), false)
14 FCPATH\index.php(67): CodeIgniter\CodeIgniter->run()
15 SYSTEMPATH\Commands\Server\rewrite.php(47): require_once('C:\\Users\\ACER NITRO 5\\Penyimpanan Utama\\Documents\\PKL\\Web Code\\7_marhab.kadinkotamalang.com\\7\\public\\index.php')
INFO - 2024-07-25 03:01:39 --> Session: Class initialized using 'CodeIgniter\Session\Handlers\FileHandler' driver.
CRITICAL - 2024-07-25 03:01:39 --> Object of class stdClass could not be converted to string
in APPPATH\Views\user\layout\footer.php on line 11.
 1 SYSTEMPATH\View\View.php(224): include()
 2 SYSTEMPATH\View\View.php(227): CodeIgniter\View\View->CodeIgniter\View\{closure}()
 3 SYSTEMPATH\View\View.php(452): CodeIgniter\View\View->render('user/layout/footer', null, true)
 4 APPPATH\Views\user\template\template.php(80): CodeIgniter\View\View->include('user/layout/footer')
 5 SYSTEMPATH\View\View.php(224): include('C:\\Users\\ACER NITRO 5\\Penyimpanan Utama\\Documents\\PKL\\Web Code\\7_marhab.kadinkotamalang.com\\7\\app\\Views\\user\\template\\template.php')
 6 SYSTEMPATH\View\View.php(227): CodeIgniter\View\View->CodeIgniter\View\{closure}()
 7 SYSTEMPATH\View\View.php(240): CodeIgniter\View\View->render('user/template/template', [], true)
 8 SYSTEMPATH\Common.php(1180): CodeIgniter\View\View->render('user/products/index', [], true)
 9 APPPATH\Controllers\user\Productsctrl.php(50): view('user/products/index', [...])
10 SYSTEMPATH\CodeIgniter.php(932): App\Controllers\user\Productsctrl->index()
11 SYSTEMPATH\CodeIgniter.php(497): CodeIgniter\CodeIgniter->runController(Object(App\Controllers\user\Productsctrl))
12 SYSTEMPATH\CodeIgniter.php(366): CodeIgniter\CodeIgniter->handleRequest(null, Object(Config\Cache), false)
13 FCPATH\index.php(67): CodeIgniter\CodeIgniter->run()
14 SYSTEMPATH\Commands\Server\rewrite.php(47): require_once('C:\\Users\\ACER NITRO 5\\Penyimpanan Utama\\Documents\\PKL\\Web Code\\7_marhab.kadinkotamalang.com\\7\\public\\index.php')
INFO - 2024-07-25 03:02:10 --> Session: Class initialized using 'CodeIgniter\Session\Handlers\FileHandler' driver.
INFO - 2024-07-25 03:06:49 --> Session: Class initialized using 'CodeIgniter\Session\Handlers\FileHandler' driver.
INFO - 2024-07-25 03:12:00 --> Session: Class initialized using 'CodeIgniter\Session\Handlers\FileHandler' driver.
INFO - 2024-07-25 03:12:49 --> Session: Class initialized using 'CodeIgniter\Session\Handlers\FileHandler' driver.
INFO - 2024-07-25 03:12:57 --> Session: Class initialized using 'CodeIgniter\Session\Handlers\FileHandler' driver.
INFO - 2024-07-25 03:40:18 --> Session: Class initialized using 'CodeIgniter\Session\Handlers\FileHandler' driver.
INFO - 2024-07-25 03:40:22 --> Session: Class initialized using 'CodeIgniter\Session\Handlers\FileHandler' driver.
INFO - 2024-07-25 03:40:25 --> Session: Class initialized using 'CodeIgniter\Session\Handlers\FileHandler' driver.
INFO - 2024-07-25 03:40:27 --> Session: Class initialized using 'CodeIgniter\Session\Handlers\FileHandler' driver.
INFO - 2024-07-25 03:40:31 --> Session: Class initialized using 'CodeIgniter\Session\Handlers\FileHandler' driver.
INFO - 2024-07-25 03:40:33 --> Session: Class initialized using 'CodeIgniter\Session\Handlers\FileHandler' driver.
INFO - 2024-07-25 03:40:37 --> Session: Class initialized using 'CodeIgniter\Session\Handlers\FileHandler' driver.
INFO - 2024-07-25 03:40:38 --> Session: Class initialized using 'CodeIgniter\Session\Handlers\FileHandler' driver.
INFO - 2024-07-25 03:40:46 --> Session: Class initialized using 'CodeIgniter\Session\Handlers\FileHandler' driver.
INFO - 2024-07-25 03:40:47 --> Session: Class initialized using 'CodeIgniter\Session\Handlers\FileHandler' driver.
INFO - 2024-07-25 03:40:49 --> Session: Class initialized using 'CodeIgniter\Session\Handlers\FileHandler' driver.
INFO - 2024-07-25 03:40:51 --> Session: Class initialized using 'CodeIgniter\Session\Handlers\FileHandler' driver.
INFO - 2024-07-25 03:45:18 --> Session: Class initialized using 'CodeIgniter\Session\Handlers\FileHandler' driver.
INFO - 2024-07-25 03:45:20 --> Session: Class initialized using 'CodeIgniter\Session\Handlers\FileHandler' driver.
INFO - 2024-07-25 03:45:42 --> Session: Class initialized using 'CodeIgniter\Session\Handlers\FileHandler' driver.
INFO - 2024-07-25 03:45:58 --> Session: Class initialized using 'CodeIgniter\Session\Handlers\FileHandler' driver.
INFO - 2024-07-25 03:46:15 --> Session: Class initialized using 'CodeIgniter\Session\Handlers\FileHandler' driver.
INFO - 2024-07-25 03:46:17 --> Session: Class initialized using 'CodeIgniter\Session\Handlers\FileHandler' driver.
INFO - 2024-07-25 03:46:18 --> Session: Class initialized using 'CodeIgniter\Session\Handlers\FileHandler' driver.
INFO - 2024-07-25 03:46:20 --> Session: Class initialized using 'CodeIgniter\Session\Handlers\FileHandler' driver.
INFO - 2024-07-25 03:46:21 --> Session: Class initialized using 'CodeIgniter\Session\Handlers\FileHandler' driver.
INFO - 2024-07-25 03:52:28 --> Session: Class initialized using 'CodeIgniter\Session\Handlers\FileHandler' driver.
INFO - 2024-07-25 03:54:13 --> Session: Class initialized using 'CodeIgniter\Session\Handlers\FileHandler' driver.
INFO - 2024-07-25 03:58:04 --> Session: Class initialized using 'CodeIgniter\Session\Handlers\FileHandler' driver.
INFO - 2024-07-25 03:58:07 --> Session: Class initialized using 'CodeIgniter\Session\Handlers\FileHandler' driver.
INFO - 2024-07-25 03:58:13 --> Session: Class initialized using 'CodeIgniter\Session\Handlers\FileHandler' driver.
INFO - 2024-07-25 03:58:15 --> Session: Class initialized using 'CodeIgniter\Session\Handlers\FileHandler' driver.
INFO - 2024-07-25 03:58:17 --> Session: Class initialized using 'CodeIgniter\Session\Handlers\FileHandler' driver.
INFO - 2024-07-25 03:59:40 --> Session: Class initialized using 'CodeIgniter\Session\Handlers\FileHandler' driver.
INFO - 2024-07-25 03:59:47 --> Session: Class initialized using 'CodeIgniter\Session\Handlers\FileHandler' driver.
INFO - 2024-07-25 08:52:29 --> Session: Class initialized using 'CodeIgniter\Session\Handlers\FileHandler' driver.
INFO - 2024-07-25 08:52:35 --> Session: Class initialized using 'CodeIgniter\Session\Handlers\FileHandler' driver.
INFO - 2024-07-25 08:54:56 --> Session: Class initialized using 'CodeIgniter\Session\Handlers\FileHandler' driver.
INFO - 2024-07-25 08:55:07 --> Session: Class initialized using 'CodeIgniter\Session\Handlers\FileHandler' driver.
INFO - 2024-07-25 08:57:10 --> Session: Class initialized using 'CodeIgniter\Session\Handlers\FileHandler' driver.
INFO - 2024-07-25 08:57:38 --> Session: Class initialized using 'CodeIgniter\Session\Handlers\FileHandler' driver.
INFO - 2024-07-25 08:57:42 --> Session: Class initialized using 'CodeIgniter\Session\Handlers\FileHandler' driver.
INFO - 2024-07-25 08:57:46 --> Session: Class initialized using 'CodeIgniter\Session\Handlers\FileHandler' driver.
INFO - 2024-07-25 08:59:16 --> CSRF token verified.
INFO - 2024-07-25 08:59:16 --> Session: Class initialized using 'CodeIgniter\Session\Handlers\FileHandler' driver.
INFO - 2024-07-25 08:59:16 --> Session: Class initialized using 'CodeIgniter\Session\Handlers\FileHandler' driver.
INFO - 2024-07-25 08:59:24 --> Session: Class initialized using 'CodeIgniter\Session\Handlers\FileHandler' driver.
