ERROR - 2024-10-05 05:52:31 --> Error connecting to the database: mysqli_sql_exception: No connection could be made because the target machine actively refused it in E:\Magang 2024\Project\competent-academy\competent\system\Database\MySQLi\Connection.php:173
Stack trace:
#0 E:\Magang 2024\Project\competent-academy\competent\system\Database\MySQLi\Connection.php(173): mysqli->real_connect('localhost', 'root', Object(SensitiveParameterValue), 'company_profile', 3306, '', 0)
#1 E:\Magang 2024\Project\competent-academy\competent\system\Database\BaseConnection.php(391): CodeIgniter\Database\MySQLi\Connection->connect(false)
#2 E:\Magang 2024\Project\competent-academy\competent\system\Database\BaseConnection.php(574): CodeIgniter\Database\BaseConnection->initialize()
#3 E:\Magang 2024\Project\competent-academy\competent\system\Database\BaseBuilder.php(1616): CodeIgniter\Database\BaseConnection->query('SELECT *\nFROM `...', Array, false)
#4 E:\Magang 2024\Project\competent-academy\competent\system\Model.php(268): CodeIgniter\Database\BaseBuilder->get()
#5 E:\Magang 2024\Project\competent-academy\competent\system\BaseModel.php(656): CodeIgniter\Model->doFirst()
#6 E:\Magang 2024\Project\competent-academy\competent\app\Controllers\user\Homectrl.php(33): CodeIgniter\BaseModel->first()
#7 E:\Magang 2024\Project\competent-academy\competent\system\CodeIgniter.php(932): App\Controllers\user\Homectrl->index()
#8 E:\Magang 2024\Project\competent-academy\competent\system\CodeIgniter.php(497): CodeIgniter\CodeIgniter->runController(Object(App\Controllers\user\Homectrl))
#9 E:\Magang 2024\Project\competent-academy\competent\system\CodeIgniter.php(366): CodeIgniter\CodeIgniter->handleRequest(NULL, Object(Config\Cache), false)
#10 E:\Magang 2024\Project\competent-academy\competent\public\index.php(67): CodeIgniter\CodeIgniter->run()
#11 E:\Magang 2024\Project\competent-academy\competent\system\Commands\Server\rewrite.php(47): require_once('E:\\Magang 2024\\...')
#12 {main}

Next CodeIgniter\Database\Exceptions\DatabaseException: No connection could be made because the target machine actively refused it in E:\Magang 2024\Project\competent-academy\competent\system\Database\MySQLi\Connection.php:218
Stack trace:
#0 E:\Magang 2024\Project\competent-academy\competent\system\Database\BaseConnection.php(391): CodeIgniter\Database\MySQLi\Connection->connect(false)
#1 E:\Magang 2024\Project\competent-academy\competent\system\Database\BaseConnection.php(574): CodeIgniter\Database\BaseConnection->initialize()
#2 E:\Magang 2024\Project\competent-academy\competent\system\Database\BaseBuilder.php(1616): CodeIgniter\Database\BaseConnection->query('SELECT *\nFROM `...', Array, false)
#3 E:\Magang 2024\Project\competent-academy\competent\system\Model.php(268): CodeIgniter\Database\BaseBuilder->get()
#4 E:\Magang 2024\Project\competent-academy\competent\system\BaseModel.php(656): CodeIgniter\Model->doFirst()
#5 E:\Magang 2024\Project\competent-academy\competent\app\Controllers\user\Homectrl.php(33): CodeIgniter\BaseModel->first()
#6 E:\Magang 2024\Project\competent-academy\competent\system\CodeIgniter.php(932): App\Controllers\user\Homectrl->index()
#7 E:\Magang 2024\Project\competent-academy\competent\system\CodeIgniter.php(497): CodeIgniter\CodeIgniter->runController(Object(App\Controllers\user\Homectrl))
#8 E:\Magang 2024\Project\competent-academy\competent\system\CodeIgniter.php(366): CodeIgniter\CodeIgniter->handleRequest(NULL, Object(Config\Cache), false)
#9 E:\Magang 2024\Project\competent-academy\competent\public\index.php(67): CodeIgniter\CodeIgniter->run()
#10 E:\Magang 2024\Project\competent-academy\competent\system\Commands\Server\rewrite.php(47): require_once('E:\\Magang 2024\\...')
#11 {main}
CRITICAL - 2024-10-05 05:52:31 --> Unable to connect to the database.
Main connection [MySQLi]: No connection could be made because the target machine actively refused it
in SYSTEMPATH\Database\BaseConnection.php on line 427.
 1 SYSTEMPATH\Database\BaseConnection.php(574): CodeIgniter\Database\BaseConnection->initialize()
 2 SYSTEMPATH\Database\BaseBuilder.php(1616): CodeIgniter\Database\BaseConnection->query('SELECT *
FROM `tb_meta`
WHERE `nama_halaman` = :nama_halaman:
 LIMIT 1', [...], false)
 3 SYSTEMPATH\Model.php(268): CodeIgniter\Database\BaseBuilder->get()
 4 SYSTEMPATH\BaseModel.php(656): CodeIgniter\Model->doFirst()
 5 APPPATH\Controllers\user\Homectrl.php(33): CodeIgniter\BaseModel->first()
 6 SYSTEMPATH\CodeIgniter.php(932): App\Controllers\user\Homectrl->index()
 7 SYSTEMPATH\CodeIgniter.php(497): CodeIgniter\CodeIgniter->runController(Object(App\Controllers\user\Homectrl))
 8 SYSTEMPATH\CodeIgniter.php(366): CodeIgniter\CodeIgniter->handleRequest(null, Object(Config\Cache), false)
 9 FCPATH\index.php(67): CodeIgniter\CodeIgniter->run()
10 SYSTEMPATH\Commands\Server\rewrite.php(47): require_once('E:\\Magang 2024\\Project\\competent-academy\\competent\\public\\index.php')
