INFO - 2024-09-28 01:55:40 --> Session: Class initialized using 'CodeIgniter\Session\Handlers\FileHandler' driver.
INFO - 2024-09-28 01:55:40 --> Session: Class initialized using 'CodeIgniter\Session\Handlers\FileHandler' driver.
ERROR - 2024-09-28 01:55:44 --> Error connecting to the database: mysqli_sql_exception: No connection could be made because the target machine actively refused it in E:\Magang 2024\Project\competent-academy\competent\system\Database\MySQLi\Connection.php:173
Stack trace:
#0 E:\Magang 2024\Project\competent-academy\competent\system\Database\MySQLi\Connection.php(173): mysqli->real_connect('localhost', 'root', Object(SensitiveParameterValue), 'company_profile', 3306, '', 0)
#1 E:\Magang 2024\Project\competent-academy\competent\system\Database\BaseConnection.php(391): CodeIgniter\Database\MySQLi\Connection->connect(false)
#2 E:\Magang 2024\Project\competent-academy\competent\system\Database\BaseConnection.php(574): CodeIgniter\Database\BaseConnection->initialize()
#3 E:\Magang 2024\Project\competent-academy\competent\system\Database\BaseBuilder.php(1616): CodeIgniter\Database\BaseConnection->query('SELECT *\nFROM `...', Array, false)
#4 E:\Magang 2024\Project\competent-academy\competent\system\Model.php(241): CodeIgniter\Database\BaseBuilder->get()
#5 E:\Magang 2024\Project\competent-academy\competent\system\BaseModel.php(618): CodeIgniter\Model->doFindAll(0, 0)
#6 E:\Magang 2024\Project\competent-academy\competent\app\Models\ArtikelModel.php(26): CodeIgniter\BaseModel->findAll()
#7 E:\Magang 2024\Project\competent-academy\competent\app\Controllers\user\Homectrl.php(30): App\Models\ArtikelModel->getArtikelTerbaru()
#8 E:\Magang 2024\Project\competent-academy\competent\system\CodeIgniter.php(932): App\Controllers\user\Homectrl->index()
#9 E:\Magang 2024\Project\competent-academy\competent\system\CodeIgniter.php(497): CodeIgniter\CodeIgniter->runController(Object(App\Controllers\user\Homectrl))
#10 E:\Magang 2024\Project\competent-academy\competent\system\CodeIgniter.php(366): CodeIgniter\CodeIgniter->handleRequest(NULL, Object(Config\Cache), false)
#11 E:\Magang 2024\Project\competent-academy\competent\public\index.php(67): CodeIgniter\CodeIgniter->run()
#12 E:\Magang 2024\Project\competent-academy\competent\system\Commands\Server\rewrite.php(47): require_once('E:\\Magang 2024\\...')
#13 {main}

Next CodeIgniter\Database\Exceptions\DatabaseException: No connection could be made because the target machine actively refused it in E:\Magang 2024\Project\competent-academy\competent\system\Database\MySQLi\Connection.php:218
Stack trace:
#0 E:\Magang 2024\Project\competent-academy\competent\system\Database\BaseConnection.php(391): CodeIgniter\Database\MySQLi\Connection->connect(false)
#1 E:\Magang 2024\Project\competent-academy\competent\system\Database\BaseConnection.php(574): CodeIgniter\Database\BaseConnection->initialize()
#2 E:\Magang 2024\Project\competent-academy\competent\system\Database\BaseBuilder.php(1616): CodeIgniter\Database\BaseConnection->query('SELECT *\nFROM `...', Array, false)
#3 E:\Magang 2024\Project\competent-academy\competent\system\Model.php(241): CodeIgniter\Database\BaseBuilder->get()
#4 E:\Magang 2024\Project\competent-academy\competent\system\BaseModel.php(618): CodeIgniter\Model->doFindAll(0, 0)
#5 E:\Magang 2024\Project\competent-academy\competent\app\Models\ArtikelModel.php(26): CodeIgniter\BaseModel->findAll()
#6 E:\Magang 2024\Project\competent-academy\competent\app\Controllers\user\Homectrl.php(30): App\Models\ArtikelModel->getArtikelTerbaru()
#7 E:\Magang 2024\Project\competent-academy\competent\system\CodeIgniter.php(932): App\Controllers\user\Homectrl->index()
#8 E:\Magang 2024\Project\competent-academy\competent\system\CodeIgniter.php(497): CodeIgniter\CodeIgniter->runController(Object(App\Controllers\user\Homectrl))
#9 E:\Magang 2024\Project\competent-academy\competent\system\CodeIgniter.php(366): CodeIgniter\CodeIgniter->handleRequest(NULL, Object(Config\Cache), false)
#10 E:\Magang 2024\Project\competent-academy\competent\public\index.php(67): CodeIgniter\CodeIgniter->run()
#11 E:\Magang 2024\Project\competent-academy\competent\system\Commands\Server\rewrite.php(47): require_once('E:\\Magang 2024\\...')
#12 {main}
CRITICAL - 2024-09-28 01:55:44 --> Unable to connect to the database.
Main connection [MySQLi]: No connection could be made because the target machine actively refused it
in SYSTEMPATH\Database\BaseConnection.php on line 427.
 1 SYSTEMPATH\Database\BaseConnection.php(574): CodeIgniter\Database\BaseConnection->initialize()
 2 SYSTEMPATH\Database\BaseBuilder.php(1616): CodeIgniter\Database\BaseConnection->query('SELECT *
FROM `tb_artikel`
ORDER BY `id_artikel` DESC', [], false)
 3 SYSTEMPATH\Model.php(241): CodeIgniter\Database\BaseBuilder->get()
 4 SYSTEMPATH\BaseModel.php(618): CodeIgniter\Model->doFindAll(0, 0)
 5 APPPATH\Models\ArtikelModel.php(26): CodeIgniter\BaseModel->findAll()
 6 APPPATH\Controllers\user\Homectrl.php(30): App\Models\ArtikelModel->getArtikelTerbaru()
 7 SYSTEMPATH\CodeIgniter.php(932): App\Controllers\user\Homectrl->index()
 8 SYSTEMPATH\CodeIgniter.php(497): CodeIgniter\CodeIgniter->runController(Object(App\Controllers\user\Homectrl))
 9 SYSTEMPATH\CodeIgniter.php(366): CodeIgniter\CodeIgniter->handleRequest(null, Object(Config\Cache), false)
10 FCPATH\index.php(67): CodeIgniter\CodeIgniter->run()
11 SYSTEMPATH\Commands\Server\rewrite.php(47): require_once('E:\\Magang 2024\\Project\\competent-academy\\competent\\public\\index.php')
INFO - 2024-09-28 01:55:48 --> Session: Class initialized using 'CodeIgniter\Session\Handlers\FileHandler' driver.
ERROR - 2024-09-28 01:55:52 --> Error connecting to the database: mysqli_sql_exception: No connection could be made because the target machine actively refused it in E:\Magang 2024\Project\competent-academy\competent\system\Database\MySQLi\Connection.php:173
Stack trace:
#0 E:\Magang 2024\Project\competent-academy\competent\system\Database\MySQLi\Connection.php(173): mysqli->real_connect('localhost', 'root', Object(SensitiveParameterValue), 'company_profile', 3306, '', 0)
#1 E:\Magang 2024\Project\competent-academy\competent\system\Database\BaseConnection.php(391): CodeIgniter\Database\MySQLi\Connection->connect(false)
#2 E:\Magang 2024\Project\competent-academy\competent\system\Database\BaseConnection.php(574): CodeIgniter\Database\BaseConnection->initialize()
#3 E:\Magang 2024\Project\competent-academy\competent\system\Database\BaseBuilder.php(1616): CodeIgniter\Database\BaseConnection->query('SELECT *\nFROM `...', Array, false)
#4 E:\Magang 2024\Project\competent-academy\competent\system\Model.php(241): CodeIgniter\Database\BaseBuilder->get()
#5 E:\Magang 2024\Project\competent-academy\competent\system\BaseModel.php(618): CodeIgniter\Model->doFindAll(0, 0)
#6 E:\Magang 2024\Project\competent-academy\competent\app\Models\ArtikelModel.php(26): CodeIgniter\BaseModel->findAll()
#7 E:\Magang 2024\Project\competent-academy\competent\app\Controllers\user\Homectrl.php(30): App\Models\ArtikelModel->getArtikelTerbaru()
#8 E:\Magang 2024\Project\competent-academy\competent\system\CodeIgniter.php(932): App\Controllers\user\Homectrl->index()
#9 E:\Magang 2024\Project\competent-academy\competent\system\CodeIgniter.php(497): CodeIgniter\CodeIgniter->runController(Object(App\Controllers\user\Homectrl))
#10 E:\Magang 2024\Project\competent-academy\competent\system\CodeIgniter.php(366): CodeIgniter\CodeIgniter->handleRequest(NULL, Object(Config\Cache), false)
#11 E:\Magang 2024\Project\competent-academy\competent\public\index.php(67): CodeIgniter\CodeIgniter->run()
#12 E:\Magang 2024\Project\competent-academy\competent\system\Commands\Server\rewrite.php(47): require_once('E:\\Magang 2024\\...')
#13 {main}

Next CodeIgniter\Database\Exceptions\DatabaseException: No connection could be made because the target machine actively refused it in E:\Magang 2024\Project\competent-academy\competent\system\Database\MySQLi\Connection.php:218
Stack trace:
#0 E:\Magang 2024\Project\competent-academy\competent\system\Database\BaseConnection.php(391): CodeIgniter\Database\MySQLi\Connection->connect(false)
#1 E:\Magang 2024\Project\competent-academy\competent\system\Database\BaseConnection.php(574): CodeIgniter\Database\BaseConnection->initialize()
#2 E:\Magang 2024\Project\competent-academy\competent\system\Database\BaseBuilder.php(1616): CodeIgniter\Database\BaseConnection->query('SELECT *\nFROM `...', Array, false)
#3 E:\Magang 2024\Project\competent-academy\competent\system\Model.php(241): CodeIgniter\Database\BaseBuilder->get()
#4 E:\Magang 2024\Project\competent-academy\competent\system\BaseModel.php(618): CodeIgniter\Model->doFindAll(0, 0)
#5 E:\Magang 2024\Project\competent-academy\competent\app\Models\ArtikelModel.php(26): CodeIgniter\BaseModel->findAll()
#6 E:\Magang 2024\Project\competent-academy\competent\app\Controllers\user\Homectrl.php(30): App\Models\ArtikelModel->getArtikelTerbaru()
#7 E:\Magang 2024\Project\competent-academy\competent\system\CodeIgniter.php(932): App\Controllers\user\Homectrl->index()
#8 E:\Magang 2024\Project\competent-academy\competent\system\CodeIgniter.php(497): CodeIgniter\CodeIgniter->runController(Object(App\Controllers\user\Homectrl))
#9 E:\Magang 2024\Project\competent-academy\competent\system\CodeIgniter.php(366): CodeIgniter\CodeIgniter->handleRequest(NULL, Object(Config\Cache), false)
#10 E:\Magang 2024\Project\competent-academy\competent\public\index.php(67): CodeIgniter\CodeIgniter->run()
#11 E:\Magang 2024\Project\competent-academy\competent\system\Commands\Server\rewrite.php(47): require_once('E:\\Magang 2024\\...')
#12 {main}
CRITICAL - 2024-09-28 01:55:52 --> Unable to connect to the database.
Main connection [MySQLi]: No connection could be made because the target machine actively refused it
in SYSTEMPATH\Database\BaseConnection.php on line 427.
 1 SYSTEMPATH\Database\BaseConnection.php(574): CodeIgniter\Database\BaseConnection->initialize()
 2 SYSTEMPATH\Database\BaseBuilder.php(1616): CodeIgniter\Database\BaseConnection->query('SELECT *
FROM `tb_artikel`
ORDER BY `id_artikel` DESC', [], false)
 3 SYSTEMPATH\Model.php(241): CodeIgniter\Database\BaseBuilder->get()
 4 SYSTEMPATH\BaseModel.php(618): CodeIgniter\Model->doFindAll(0, 0)
 5 APPPATH\Models\ArtikelModel.php(26): CodeIgniter\BaseModel->findAll()
 6 APPPATH\Controllers\user\Homectrl.php(30): App\Models\ArtikelModel->getArtikelTerbaru()
 7 SYSTEMPATH\CodeIgniter.php(932): App\Controllers\user\Homectrl->index()
 8 SYSTEMPATH\CodeIgniter.php(497): CodeIgniter\CodeIgniter->runController(Object(App\Controllers\user\Homectrl))
 9 SYSTEMPATH\CodeIgniter.php(366): CodeIgniter\CodeIgniter->handleRequest(null, Object(Config\Cache), false)
10 FCPATH\index.php(67): CodeIgniter\CodeIgniter->run()
11 SYSTEMPATH\Commands\Server\rewrite.php(47): require_once('E:\\Magang 2024\\Project\\competent-academy\\competent\\public\\index.php')
INFO - 2024-09-28 01:55:58 --> Session: Class initialized using 'CodeIgniter\Session\Handlers\FileHandler' driver.
INFO - 2024-09-28 01:56:04 --> Session: Class initialized using 'CodeIgniter\Session\Handlers\FileHandler' driver.
INFO - 2024-09-28 01:56:11 --> Session: Class initialized using 'CodeIgniter\Session\Handlers\FileHandler' driver.
INFO - 2024-09-28 01:56:15 --> CSRF token verified.
INFO - 2024-09-28 01:56:15 --> Session: Class initialized using 'CodeIgniter\Session\Handlers\FileHandler' driver.
INFO - 2024-09-28 01:56:15 --> Session: Class initialized using 'CodeIgniter\Session\Handlers\FileHandler' driver.
INFO - 2024-09-28 02:00:19 --> Session: Class initialized using 'CodeIgniter\Session\Handlers\FileHandler' driver.
INFO - 2024-09-28 02:00:19 --> Session: Class initialized using 'CodeIgniter\Session\Handlers\FileHandler' driver.
INFO - 2024-09-28 02:00:28 --> Session: Class initialized using 'CodeIgniter\Session\Handlers\FileHandler' driver.
INFO - 2024-09-28 02:00:28 --> Session: Class initialized using 'CodeIgniter\Session\Handlers\FileHandler' driver.
INFO - 2024-09-28 02:00:32 --> Session: Class initialized using 'CodeIgniter\Session\Handlers\FileHandler' driver.
INFO - 2024-09-28 02:00:33 --> Session: Class initialized using 'CodeIgniter\Session\Handlers\FileHandler' driver.
INFO - 2024-09-28 02:00:36 --> Session: Class initialized using 'CodeIgniter\Session\Handlers\FileHandler' driver.
INFO - 2024-09-28 02:00:38 --> Session: Class initialized using 'CodeIgniter\Session\Handlers\FileHandler' driver.
INFO - 2024-09-28 02:00:40 --> Session: Class initialized using 'CodeIgniter\Session\Handlers\FileHandler' driver.
INFO - 2024-09-28 02:00:42 --> Session: Class initialized using 'CodeIgniter\Session\Handlers\FileHandler' driver.
INFO - 2024-09-28 02:00:43 --> Session: Class initialized using 'CodeIgniter\Session\Handlers\FileHandler' driver.
INFO - 2024-09-28 02:00:45 --> Session: Class initialized using 'CodeIgniter\Session\Handlers\FileHandler' driver.
INFO - 2024-09-28 02:00:46 --> Session: Class initialized using 'CodeIgniter\Session\Handlers\FileHandler' driver.
INFO - 2024-09-28 02:00:48 --> Session: Class initialized using 'CodeIgniter\Session\Handlers\FileHandler' driver.
INFO - 2024-09-28 02:00:48 --> Session: Class initialized using 'CodeIgniter\Session\Handlers\FileHandler' driver.
INFO - 2024-09-28 02:00:48 --> Session: Class initialized using 'CodeIgniter\Session\Handlers\FileHandler' driver.
INFO - 2024-09-28 02:00:49 --> Session: Class initialized using 'CodeIgniter\Session\Handlers\FileHandler' driver.
INFO - 2024-09-28 02:00:50 --> Session: Class initialized using 'CodeIgniter\Session\Handlers\FileHandler' driver.
INFO - 2024-09-28 02:52:06 --> Session: Class initialized using 'CodeIgniter\Session\Handlers\FileHandler' driver.
INFO - 2024-09-28 02:52:08 --> Session: Class initialized using 'CodeIgniter\Session\Handlers\FileHandler' driver.
INFO - 2024-09-28 02:52:11 --> Session: Class initialized using 'CodeIgniter\Session\Handlers\FileHandler' driver.
INFO - 2024-09-28 02:52:17 --> Session: Class initialized using 'CodeIgniter\Session\Handlers\FileHandler' driver.
INFO - 2024-09-28 02:52:22 --> Session: Class initialized using 'CodeIgniter\Session\Handlers\FileHandler' driver.
INFO - 2024-09-28 02:52:24 --> Session: Class initialized using 'CodeIgniter\Session\Handlers\FileHandler' driver.
ERROR - 2024-09-28 02:52:24 --> mysqli_sql_exception: Table 'company_profile.meta' doesn't exist in E:\Magang 2024\Project\competent-academy\competent\system\Database\MySQLi\Connection.php:295
Stack trace:
#0 E:\Magang 2024\Project\competent-academy\competent\system\Database\MySQLi\Connection.php(295): mysqli->query('SELECT *\nFROM `...', 0)
#1 E:\Magang 2024\Project\competent-academy\competent\system\Database\BaseConnection.php(692): CodeIgniter\Database\MySQLi\Connection->execute('SELECT *\nFROM `...')
#2 E:\Magang 2024\Project\competent-academy\competent\system\Database\BaseConnection.php(606): CodeIgniter\Database\BaseConnection->simpleQuery('SELECT *\nFROM `...')
#3 E:\Magang 2024\Project\competent-academy\competent\system\Database\BaseBuilder.php(1616): CodeIgniter\Database\BaseConnection->query('SELECT *\nFROM `...', Array, false)
#4 E:\Magang 2024\Project\competent-academy\competent\system\Model.php(241): CodeIgniter\Database\BaseBuilder->get()
#5 E:\Magang 2024\Project\competent-academy\competent\system\BaseModel.php(618): CodeIgniter\Model->doFindAll(0, 0)
#6 E:\Magang 2024\Project\competent-academy\competent\app\Controllers\admin\MetaController.php(17): CodeIgniter\BaseModel->findAll()
#7 E:\Magang 2024\Project\competent-academy\competent\system\CodeIgniter.php(932): App\Controllers\admin\MetaController->index()
#8 E:\Magang 2024\Project\competent-academy\competent\system\CodeIgniter.php(497): CodeIgniter\CodeIgniter->runController(Object(App\Controllers\admin\MetaController))
#9 E:\Magang 2024\Project\competent-academy\competent\system\CodeIgniter.php(366): CodeIgniter\CodeIgniter->handleRequest(NULL, Object(Config\Cache), false)
#10 E:\Magang 2024\Project\competent-academy\competent\public\index.php(67): CodeIgniter\CodeIgniter->run()
#11 E:\Magang 2024\Project\competent-academy\competent\system\Commands\Server\rewrite.php(47): require_once('E:\\Magang 2024\\...')
#12 {main}
CRITICAL - 2024-09-28 02:52:24 --> Table 'company_profile.meta' doesn't exist
in SYSTEMPATH\Database\MySQLi\Connection.php on line 295.
 1 SYSTEMPATH\Database\MySQLi\Connection.php(295): mysqli->query('SELECT *
FROM `meta`', 0)
 2 SYSTEMPATH\Database\BaseConnection.php(692): CodeIgniter\Database\MySQLi\Connection->execute('SELECT *
FROM `meta`')
 3 SYSTEMPATH\Database\BaseConnection.php(606): CodeIgniter\Database\BaseConnection->simpleQuery('SELECT *
FROM `meta`')
 4 SYSTEMPATH\Database\BaseBuilder.php(1616): CodeIgniter\Database\BaseConnection->query('SELECT *
FROM `meta`', [], false)
 5 SYSTEMPATH\Model.php(241): CodeIgniter\Database\BaseBuilder->get()
 6 SYSTEMPATH\BaseModel.php(618): CodeIgniter\Model->doFindAll(0, 0)
 7 APPPATH\Controllers\admin\MetaController.php(17): CodeIgniter\BaseModel->findAll()
 8 SYSTEMPATH\CodeIgniter.php(932): App\Controllers\admin\MetaController->index()
 9 SYSTEMPATH\CodeIgniter.php(497): CodeIgniter\CodeIgniter->runController(Object(App\Controllers\admin\MetaController))
10 SYSTEMPATH\CodeIgniter.php(366): CodeIgniter\CodeIgniter->handleRequest(null, Object(Config\Cache), false)
11 FCPATH\index.php(67): CodeIgniter\CodeIgniter->run()
12 SYSTEMPATH\Commands\Server\rewrite.php(47): require_once('E:\\Magang 2024\\Project\\competent-academy\\competent\\public\\index.php')
INFO - 2024-09-28 02:52:52 --> Session: Class initialized using 'CodeIgniter\Session\Handlers\FileHandler' driver.
INFO - 2024-09-28 02:52:54 --> Session: Class initialized using 'CodeIgniter\Session\Handlers\FileHandler' driver.
INFO - 2024-09-28 02:53:39 --> Session: Class initialized using 'CodeIgniter\Session\Handlers\FileHandler' driver.
INFO - 2024-09-28 02:53:41 --> Session: Class initialized using 'CodeIgniter\Session\Handlers\FileHandler' driver.
INFO - 2024-09-28 02:53:41 --> Session: Class initialized using 'CodeIgniter\Session\Handlers\FileHandler' driver.
INFO - 2024-09-28 02:53:42 --> Session: Class initialized using 'CodeIgniter\Session\Handlers\FileHandler' driver.
INFO - 2024-09-28 02:57:38 --> Session: Class initialized using 'CodeIgniter\Session\Handlers\FileHandler' driver.
INFO - 2024-09-28 02:58:42 --> Session: Class initialized using 'CodeIgniter\Session\Handlers\FileHandler' driver.
INFO - 2024-09-28 02:58:49 --> Session: Class initialized using 'CodeIgniter\Session\Handlers\FileHandler' driver.
INFO - 2024-09-28 02:59:31 --> Session: Class initialized using 'CodeIgniter\Session\Handlers\FileHandler' driver.
INFO - 2024-09-28 02:59:41 --> Session: Class initialized using 'CodeIgniter\Session\Handlers\FileHandler' driver.
INFO - 2024-09-28 03:00:25 --> Session: Class initialized using 'CodeIgniter\Session\Handlers\FileHandler' driver.
INFO - 2024-09-28 03:01:03 --> CSRF token verified.
INFO - 2024-09-28 03:01:03 --> Session: Class initialized using 'CodeIgniter\Session\Handlers\FileHandler' driver.
ERROR - 2024-09-28 03:01:03 --> mysqli_sql_exception: Unknown column 'meta_description_en' in 'field list' in E:\Magang 2024\Project\competent-academy\competent\system\Database\MySQLi\Connection.php:295
Stack trace:
#0 E:\Magang 2024\Project\competent-academy\competent\system\Database\MySQLi\Connection.php(295): mysqli->query('INSERT INTO `tb...', 0)
#1 E:\Magang 2024\Project\competent-academy\competent\system\Database\BaseConnection.php(692): CodeIgniter\Database\MySQLi\Connection->execute('INSERT INTO `tb...')
#2 E:\Magang 2024\Project\competent-academy\competent\system\Database\BaseConnection.php(606): CodeIgniter\Database\BaseConnection->simpleQuery('INSERT INTO `tb...')
#3 E:\Magang 2024\Project\competent-academy\competent\system\Database\BaseBuilder.php(2309): CodeIgniter\Database\BaseConnection->query('INSERT INTO `tb...', Array, false)
#4 E:\Magang 2024\Project\competent-academy\competent\system\Model.php(330): CodeIgniter\Database\BaseBuilder->insert()
#5 E:\Magang 2024\Project\competent-academy\competent\system\BaseModel.php(782): CodeIgniter\Model->doInsert(Array)
#6 E:\Magang 2024\Project\competent-academy\competent\system\Model.php(730): CodeIgniter\BaseModel->insert(Array, false)
#7 E:\Magang 2024\Project\competent-academy\competent\system\BaseModel.php(692): CodeIgniter\Model->insert(Array, false)
#8 E:\Magang 2024\Project\competent-academy\competent\app\Controllers\admin\MetaController.php(67): CodeIgniter\BaseModel->save(Array)
#9 E:\Magang 2024\Project\competent-academy\competent\system\CodeIgniter.php(932): App\Controllers\admin\MetaController->proses_tambah()
#10 E:\Magang 2024\Project\competent-academy\competent\system\CodeIgniter.php(497): CodeIgniter\CodeIgniter->runController(Object(App\Controllers\admin\MetaController))
#11 E:\Magang 2024\Project\competent-academy\competent\system\CodeIgniter.php(366): CodeIgniter\CodeIgniter->handleRequest(NULL, Object(Config\Cache), false)
#12 E:\Magang 2024\Project\competent-academy\competent\public\index.php(67): CodeIgniter\CodeIgniter->run()
#13 E:\Magang 2024\Project\competent-academy\competent\system\Commands\Server\rewrite.php(47): require_once('E:\\Magang 2024\\...')
#14 {main}
CRITICAL - 2024-09-28 03:01:03 --> Unknown column 'meta_description_en' in 'field list'
in SYSTEMPATH\Database\MySQLi\Connection.php on line 295.
 1 SYSTEMPATH\Database\MySQLi\Connection.php(295): mysqli->query('INSERT INTO `tb_meta` (`meta_title_id`, `meta_title_en`, `meta_description_id`, `meta_description_en`) VALUES (\'Beranda | Competen Company Profile\', \'Home | Competen Company Profile\', \'Meta Description ID\', \'Meta Description EN\')', 0)
 2 SYSTEMPATH\Database\BaseConnection.php(692): CodeIgniter\Database\MySQLi\Connection->execute('INSERT INTO `tb_meta` (`meta_title_id`, `meta_title_en`, `meta_description_id`, `meta_description_en`) VALUES (\'Beranda | Competen Company Profile\', \'Home | Competen Company Profile\', \'Meta Description ID\', \'Meta Description EN\')')
 3 SYSTEMPATH\Database\BaseConnection.php(606): CodeIgniter\Database\BaseConnection->simpleQuery('INSERT INTO `tb_meta` (`meta_title_id`, `meta_title_en`, `meta_description_id`, `meta_description_en`) VALUES (\'Beranda | Competen Company Profile\', \'Home | Competen Company Profile\', \'Meta Description ID\', \'Meta Description EN\')')
 4 SYSTEMPATH\Database\BaseBuilder.php(2309): CodeIgniter\Database\BaseConnection->query('INSERT INTO `tb_meta` (`meta_title_id`, `meta_title_en`, `meta_description_id`, `meta_description_en`) VALUES (:meta_title_id:, :meta_title_en:, :meta_description_id:, :meta_description_en:)', [...], false)
 5 SYSTEMPATH\Model.php(330): CodeIgniter\Database\BaseBuilder->insert()
 6 SYSTEMPATH\BaseModel.php(782): CodeIgniter\Model->doInsert([...])
 7 SYSTEMPATH\Model.php(730): CodeIgniter\BaseModel->insert([...], false)
 8 SYSTEMPATH\BaseModel.php(692): CodeIgniter\Model->insert([...], false)
 9 APPPATH\Controllers\admin\MetaController.php(67): CodeIgniter\BaseModel->save([...])
10 SYSTEMPATH\CodeIgniter.php(932): App\Controllers\admin\MetaController->proses_tambah()
11 SYSTEMPATH\CodeIgniter.php(497): CodeIgniter\CodeIgniter->runController(Object(App\Controllers\admin\MetaController))
12 SYSTEMPATH\CodeIgniter.php(366): CodeIgniter\CodeIgniter->handleRequest(null, Object(Config\Cache), false)
13 FCPATH\index.php(67): CodeIgniter\CodeIgniter->run()
14 SYSTEMPATH\Commands\Server\rewrite.php(47): require_once('E:\\Magang 2024\\Project\\competent-academy\\competent\\public\\index.php')
INFO - 2024-09-28 03:01:22 --> CSRF token verified.
INFO - 2024-09-28 03:01:22 --> Session: Class initialized using 'CodeIgniter\Session\Handlers\FileHandler' driver.
INFO - 2024-09-28 03:01:22 --> Session: Class initialized using 'CodeIgniter\Session\Handlers\FileHandler' driver.
CRITICAL - 2024-09-28 03:01:22 --> Attempt to read property "meta_title_id" on array
in APPPATH\Views\admin\meta\index.php on line 40.
 1 APPPATH\Views\admin\meta\index.php(40): CodeIgniter\Debug\Exceptions->errorHandler(2, 'Attempt to read property "meta_title_id" on array', 'E:\\Magang 2024\\Project\\competent-academy\\competent\\app\\Views\\admin\\meta\\index.php', 40)
 2 SYSTEMPATH\View\View.php(224): include('E:\\Magang 2024\\Project\\competent-academy\\competent\\app\\Views\\admin\\meta\\index.php')
 3 SYSTEMPATH\View\View.php(227): CodeIgniter\View\View->CodeIgniter\View\{closure}()
 4 SYSTEMPATH\Common.php(1180): CodeIgniter\View\View->render('admin/meta/index', [], true)
 5 APPPATH\Controllers\admin\MetaController.php(19): view('admin/meta/index', [...])
 6 SYSTEMPATH\CodeIgniter.php(932): App\Controllers\admin\MetaController->index()
 7 SYSTEMPATH\CodeIgniter.php(497): CodeIgniter\CodeIgniter->runController(Object(App\Controllers\admin\MetaController))
 8 SYSTEMPATH\CodeIgniter.php(366): CodeIgniter\CodeIgniter->handleRequest(null, Object(Config\Cache), false)
 9 FCPATH\index.php(67): CodeIgniter\CodeIgniter->run()
10 SYSTEMPATH\Commands\Server\rewrite.php(47): require_once('E:\\Magang 2024\\Project\\competent-academy\\competent\\public\\index.php')
INFO - 2024-09-28 03:02:05 --> Session: Class initialized using 'CodeIgniter\Session\Handlers\FileHandler' driver.
CRITICAL - 2024-09-28 03:02:05 --> Attempt to read property "meta_title_id" on array
in APPPATH\Views\admin\meta\index.php on line 40.
 1 APPPATH\Views\admin\meta\index.php(40): CodeIgniter\Debug\Exceptions->errorHandler(2, 'Attempt to read property "meta_title_id" on array', 'E:\\Magang 2024\\Project\\competent-academy\\competent\\app\\Views\\admin\\meta\\index.php', 40)
 2 SYSTEMPATH\View\View.php(224): include('E:\\Magang 2024\\Project\\competent-academy\\competent\\app\\Views\\admin\\meta\\index.php')
 3 SYSTEMPATH\View\View.php(227): CodeIgniter\View\View->CodeIgniter\View\{closure}()
 4 SYSTEMPATH\Common.php(1180): CodeIgniter\View\View->render('admin/meta/index', [], true)
 5 APPPATH\Controllers\admin\MetaController.php(19): view('admin/meta/index', [...])
 6 SYSTEMPATH\CodeIgniter.php(932): App\Controllers\admin\MetaController->index()
 7 SYSTEMPATH\CodeIgniter.php(497): CodeIgniter\CodeIgniter->runController(Object(App\Controllers\admin\MetaController))
 8 SYSTEMPATH\CodeIgniter.php(366): CodeIgniter\CodeIgniter->handleRequest(null, Object(Config\Cache), false)
 9 FCPATH\index.php(67): CodeIgniter\CodeIgniter->run()
10 SYSTEMPATH\Commands\Server\rewrite.php(47): require_once('E:\\Magang 2024\\Project\\competent-academy\\competent\\public\\index.php')
INFO - 2024-09-28 03:03:42 --> Session: Class initialized using 'CodeIgniter\Session\Handlers\FileHandler' driver.
CRITICAL - 2024-09-28 03:03:42 --> Attempt to read property "nama_halaman" on array
in APPPATH\Views\admin\meta\index.php on line 41.
 1 APPPATH\Views\admin\meta\index.php(41): CodeIgniter\Debug\Exceptions->errorHandler(2, 'Attempt to read property "nama_halaman" on array', 'E:\\Magang 2024\\Project\\competent-academy\\competent\\app\\Views\\admin\\meta\\index.php', 41)
 2 SYSTEMPATH\View\View.php(224): include('E:\\Magang 2024\\Project\\competent-academy\\competent\\app\\Views\\admin\\meta\\index.php')
 3 SYSTEMPATH\View\View.php(227): CodeIgniter\View\View->CodeIgniter\View\{closure}()
 4 SYSTEMPATH\Common.php(1180): CodeIgniter\View\View->render('admin/meta/index', [], true)
 5 APPPATH\Controllers\admin\MetaController.php(19): view('admin/meta/index', [...])
 6 SYSTEMPATH\CodeIgniter.php(932): App\Controllers\admin\MetaController->index()
 7 SYSTEMPATH\CodeIgniter.php(497): CodeIgniter\CodeIgniter->runController(Object(App\Controllers\admin\MetaController))
 8 SYSTEMPATH\CodeIgniter.php(366): CodeIgniter\CodeIgniter->handleRequest(null, Object(Config\Cache), false)
 9 FCPATH\index.php(67): CodeIgniter\CodeIgniter->run()
10 SYSTEMPATH\Commands\Server\rewrite.php(47): require_once('E:\\Magang 2024\\Project\\competent-academy\\competent\\public\\index.php')
INFO - 2024-09-28 03:04:11 --> Session: Class initialized using 'CodeIgniter\Session\Handlers\FileHandler' driver.
CRITICAL - 2024-09-28 03:04:11 --> Attempt to read property "nama_halaman" on array
in APPPATH\Views\admin\meta\index.php on line 41.
 1 APPPATH\Views\admin\meta\index.php(41): CodeIgniter\Debug\Exceptions->errorHandler(2, 'Attempt to read property "nama_halaman" on array', 'E:\\Magang 2024\\Project\\competent-academy\\competent\\app\\Views\\admin\\meta\\index.php', 41)
 2 SYSTEMPATH\View\View.php(224): include('E:\\Magang 2024\\Project\\competent-academy\\competent\\app\\Views\\admin\\meta\\index.php')
 3 SYSTEMPATH\View\View.php(227): CodeIgniter\View\View->CodeIgniter\View\{closure}()
 4 SYSTEMPATH\Common.php(1180): CodeIgniter\View\View->render('admin/meta/index', [], true)
 5 APPPATH\Controllers\admin\MetaController.php(19): view('admin/meta/index', [...])
 6 SYSTEMPATH\CodeIgniter.php(932): App\Controllers\admin\MetaController->index()
 7 SYSTEMPATH\CodeIgniter.php(497): CodeIgniter\CodeIgniter->runController(Object(App\Controllers\admin\MetaController))
 8 SYSTEMPATH\CodeIgniter.php(366): CodeIgniter\CodeIgniter->handleRequest(null, Object(Config\Cache), false)
 9 FCPATH\index.php(67): CodeIgniter\CodeIgniter->run()
10 SYSTEMPATH\Commands\Server\rewrite.php(47): require_once('E:\\Magang 2024\\Project\\competent-academy\\competent\\public\\index.php')
INFO - 2024-09-28 03:04:20 --> Session: Class initialized using 'CodeIgniter\Session\Handlers\FileHandler' driver.
INFO - 2024-09-28 03:04:31 --> Session: Class initialized using 'CodeIgniter\Session\Handlers\FileHandler' driver.
INFO - 2024-09-28 03:05:00 --> Session: Class initialized using 'CodeIgniter\Session\Handlers\FileHandler' driver.
CRITICAL - 2024-09-28 03:05:00 --> Attempt to read property "nama_halaman" on array
in APPPATH\Views\admin\meta\index.php on line 41.
 1 APPPATH\Views\admin\meta\index.php(41): CodeIgniter\Debug\Exceptions->errorHandler(2, 'Attempt to read property "nama_halaman" on array', 'E:\\Magang 2024\\Project\\competent-academy\\competent\\app\\Views\\admin\\meta\\index.php', 41)
 2 SYSTEMPATH\View\View.php(224): include('E:\\Magang 2024\\Project\\competent-academy\\competent\\app\\Views\\admin\\meta\\index.php')
 3 SYSTEMPATH\View\View.php(227): CodeIgniter\View\View->CodeIgniter\View\{closure}()
 4 SYSTEMPATH\Common.php(1180): CodeIgniter\View\View->render('admin/meta/index', [], true)
 5 APPPATH\Controllers\admin\MetaController.php(21): view('admin/meta/index', [...])
 6 SYSTEMPATH\CodeIgniter.php(932): App\Controllers\admin\MetaController->index()
 7 SYSTEMPATH\CodeIgniter.php(497): CodeIgniter\CodeIgniter->runController(Object(App\Controllers\admin\MetaController))
 8 SYSTEMPATH\CodeIgniter.php(366): CodeIgniter\CodeIgniter->handleRequest(null, Object(Config\Cache), false)
 9 FCPATH\index.php(67): CodeIgniter\CodeIgniter->run()
10 SYSTEMPATH\Commands\Server\rewrite.php(47): require_once('E:\\Magang 2024\\Project\\competent-academy\\competent\\public\\index.php')
INFO - 2024-09-28 03:05:14 --> Session: Class initialized using 'CodeIgniter\Session\Handlers\FileHandler' driver.
CRITICAL - 2024-09-28 03:05:14 --> Attempt to read property "meta_title_id" on array
in APPPATH\Views\admin\meta\index.php on line 42.
 1 APPPATH\Views\admin\meta\index.php(42): CodeIgniter\Debug\Exceptions->errorHandler(2, 'Attempt to read property "meta_title_id" on array', 'E:\\Magang 2024\\Project\\competent-academy\\competent\\app\\Views\\admin\\meta\\index.php', 42)
 2 SYSTEMPATH\View\View.php(224): include('E:\\Magang 2024\\Project\\competent-academy\\competent\\app\\Views\\admin\\meta\\index.php')
 3 SYSTEMPATH\View\View.php(227): CodeIgniter\View\View->CodeIgniter\View\{closure}()
 4 SYSTEMPATH\Common.php(1180): CodeIgniter\View\View->render('admin/meta/index', [], true)
 5 APPPATH\Controllers\admin\MetaController.php(21): view('admin/meta/index', [...])
 6 SYSTEMPATH\CodeIgniter.php(932): App\Controllers\admin\MetaController->index()
 7 SYSTEMPATH\CodeIgniter.php(497): CodeIgniter\CodeIgniter->runController(Object(App\Controllers\admin\MetaController))
 8 SYSTEMPATH\CodeIgniter.php(366): CodeIgniter\CodeIgniter->handleRequest(null, Object(Config\Cache), false)
 9 FCPATH\index.php(67): CodeIgniter\CodeIgniter->run()
10 SYSTEMPATH\Commands\Server\rewrite.php(47): require_once('E:\\Magang 2024\\Project\\competent-academy\\competent\\public\\index.php')
INFO - 2024-09-28 03:06:20 --> Session: Class initialized using 'CodeIgniter\Session\Handlers\FileHandler' driver.
INFO - 2024-09-28 03:06:30 --> Session: Class initialized using 'CodeIgniter\Session\Handlers\FileHandler' driver.
INFO - 2024-09-28 03:07:03 --> CSRF token verified.
INFO - 2024-09-28 03:07:03 --> Session: Class initialized using 'CodeIgniter\Session\Handlers\FileHandler' driver.
INFO - 2024-09-28 03:07:03 --> Session: Class initialized using 'CodeIgniter\Session\Handlers\FileHandler' driver.
INFO - 2024-09-28 03:07:08 --> Session: Class initialized using 'CodeIgniter\Session\Handlers\FileHandler' driver.
CRITICAL - 2024-09-28 03:07:08 --> Undefined variable $produkData
in APPPATH\Views\admin\meta\edit.php on line 17.
 1 APPPATH\Views\admin\meta\edit.php(17): CodeIgniter\Debug\Exceptions->errorHandler(2, 'Undefined variable $produkData', 'E:\\Magang 2024\\Project\\competent-academy\\competent\\app\\Views\\admin\\meta\\edit.php', 17)
 2 SYSTEMPATH\View\View.php(224): include('E:\\Magang 2024\\Project\\competent-academy\\competent\\app\\Views\\admin\\meta\\edit.php')
 3 SYSTEMPATH\View\View.php(227): CodeIgniter\View\View->CodeIgniter\View\{closure}()
 4 SYSTEMPATH\Common.php(1180): CodeIgniter\View\View->render('admin/meta/edit', [], true)
 5 APPPATH\Controllers\admin\MetaController.php(89): view('admin/meta/edit', [...])
 6 SYSTEMPATH\CodeIgniter.php(932): App\Controllers\admin\MetaController->edit('2')
 7 SYSTEMPATH\CodeIgniter.php(497): CodeIgniter\CodeIgniter->runController(Object(App\Controllers\admin\MetaController))
 8 SYSTEMPATH\CodeIgniter.php(366): CodeIgniter\CodeIgniter->handleRequest(null, Object(Config\Cache), false)
 9 FCPATH\index.php(67): CodeIgniter\CodeIgniter->run()
10 SYSTEMPATH\Commands\Server\rewrite.php(47): require_once('E:\\Magang 2024\\Project\\competent-academy\\competent\\public\\index.php')
INFO - 2024-09-28 03:08:34 --> Session: Class initialized using 'CodeIgniter\Session\Handlers\FileHandler' driver.
CRITICAL - 2024-09-28 03:08:34 --> Undefined variable $meta
in APPPATH\Views\admin\meta\edit.php on line 19.
 1 APPPATH\Views\admin\meta\edit.php(19): CodeIgniter\Debug\Exceptions->errorHandler(2, 'Undefined variable $meta', 'E:\\Magang 2024\\Project\\competent-academy\\competent\\app\\Views\\admin\\meta\\edit.php', 19)
 2 SYSTEMPATH\View\View.php(224): include('E:\\Magang 2024\\Project\\competent-academy\\competent\\app\\Views\\admin\\meta\\edit.php')
 3 SYSTEMPATH\View\View.php(227): CodeIgniter\View\View->CodeIgniter\View\{closure}()
 4 SYSTEMPATH\Common.php(1180): CodeIgniter\View\View->render('admin/meta/edit', [], true)
 5 APPPATH\Controllers\admin\MetaController.php(89): view('admin/meta/edit', [...])
 6 SYSTEMPATH\CodeIgniter.php(932): App\Controllers\admin\MetaController->edit('2')
 7 SYSTEMPATH\CodeIgniter.php(497): CodeIgniter\CodeIgniter->runController(Object(App\Controllers\admin\MetaController))
 8 SYSTEMPATH\CodeIgniter.php(366): CodeIgniter\CodeIgniter->handleRequest(null, Object(Config\Cache), false)
 9 FCPATH\index.php(67): CodeIgniter\CodeIgniter->run()
10 SYSTEMPATH\Commands\Server\rewrite.php(47): require_once('E:\\Magang 2024\\Project\\competent-academy\\competent\\public\\index.php')
INFO - 2024-09-28 03:09:07 --> Session: Class initialized using 'CodeIgniter\Session\Handlers\FileHandler' driver.
INFO - 2024-09-28 03:09:09 --> Session: Class initialized using 'CodeIgniter\Session\Handlers\FileHandler' driver.
INFO - 2024-09-28 03:09:12 --> CSRF token verified.
INFO - 2024-09-28 03:09:12 --> Session: Class initialized using 'CodeIgniter\Session\Handlers\FileHandler' driver.
INFO - 2024-09-28 03:09:13 --> Session: Class initialized using 'CodeIgniter\Session\Handlers\FileHandler' driver.
INFO - 2024-09-28 03:09:17 --> Session: Class initialized using 'CodeIgniter\Session\Handlers\FileHandler' driver.
INFO - 2024-09-28 03:09:20 --> CSRF token verified.
INFO - 2024-09-28 03:09:20 --> Session: Class initialized using 'CodeIgniter\Session\Handlers\FileHandler' driver.
INFO - 2024-09-28 03:09:20 --> Session: Class initialized using 'CodeIgniter\Session\Handlers\FileHandler' driver.
INFO - 2024-09-28 03:09:29 --> Session: Class initialized using 'CodeIgniter\Session\Handlers\FileHandler' driver.
INFO - 2024-09-28 03:09:29 --> Session: Class initialized using 'CodeIgniter\Session\Handlers\FileHandler' driver.
INFO - 2024-09-28 03:09:34 --> Session: Class initialized using 'CodeIgniter\Session\Handlers\FileHandler' driver.
INFO - 2024-09-28 03:17:20 --> Session: Class initialized using 'CodeIgniter\Session\Handlers\FileHandler' driver.
INFO - 2024-09-28 03:18:22 --> Session: Class initialized using 'CodeIgniter\Session\Handlers\FileHandler' driver.
INFO - 2024-09-28 03:19:13 --> Session: Class initialized using 'CodeIgniter\Session\Handlers\FileHandler' driver.
INFO - 2024-09-28 03:19:21 --> Session: Class initialized using 'CodeIgniter\Session\Handlers\FileHandler' driver.
INFO - 2024-09-28 03:19:22 --> Session: Class initialized using 'CodeIgniter\Session\Handlers\FileHandler' driver.
INFO - 2024-09-28 03:22:26 --> Session: Class initialized using 'CodeIgniter\Session\Handlers\FileHandler' driver.
INFO - 2024-09-28 03:22:29 --> Session: Class initialized using 'CodeIgniter\Session\Handlers\FileHandler' driver.
INFO - 2024-09-28 03:23:43 --> Session: Class initialized using 'CodeIgniter\Session\Handlers\FileHandler' driver.
INFO - 2024-09-28 03:24:15 --> Session: Class initialized using 'CodeIgniter\Session\Handlers\FileHandler' driver.
INFO - 2024-09-28 03:24:38 --> Session: Class initialized using 'CodeIgniter\Session\Handlers\FileHandler' driver.
INFO - 2024-09-28 03:24:43 --> Session: Class initialized using 'CodeIgniter\Session\Handlers\FileHandler' driver.
INFO - 2024-09-28 03:24:44 --> Session: Class initialized using 'CodeIgniter\Session\Handlers\FileHandler' driver.
INFO - 2024-09-28 03:24:44 --> Session: Class initialized using 'CodeIgniter\Session\Handlers\FileHandler' driver.
INFO - 2024-09-28 03:24:44 --> Session: Class initialized using 'CodeIgniter\Session\Handlers\FileHandler' driver.
INFO - 2024-09-28 03:24:45 --> Session: Class initialized using 'CodeIgniter\Session\Handlers\FileHandler' driver.
INFO - 2024-09-28 03:24:47 --> Session: Class initialized using 'CodeIgniter\Session\Handlers\FileHandler' driver.
INFO - 2024-09-28 03:26:00 --> Session: Class initialized using 'CodeIgniter\Session\Handlers\FileHandler' driver.
INFO - 2024-09-28 03:26:18 --> CSRF token verified.
INFO - 2024-09-28 03:26:18 --> Session: Class initialized using 'CodeIgniter\Session\Handlers\FileHandler' driver.
INFO - 2024-09-28 03:26:19 --> Session: Class initialized using 'CodeIgniter\Session\Handlers\FileHandler' driver.
INFO - 2024-09-28 03:26:22 --> Session: Class initialized using 'CodeIgniter\Session\Handlers\FileHandler' driver.
INFO - 2024-09-28 03:27:00 --> CSRF token verified.
INFO - 2024-09-28 03:27:00 --> Session: Class initialized using 'CodeIgniter\Session\Handlers\FileHandler' driver.
INFO - 2024-09-28 03:27:00 --> Session: Class initialized using 'CodeIgniter\Session\Handlers\FileHandler' driver.
INFO - 2024-09-28 03:27:03 --> Session: Class initialized using 'CodeIgniter\Session\Handlers\FileHandler' driver.
INFO - 2024-09-28 03:27:38 --> CSRF token verified.
INFO - 2024-09-28 03:27:38 --> Session: Class initialized using 'CodeIgniter\Session\Handlers\FileHandler' driver.
INFO - 2024-09-28 03:27:38 --> Session: Class initialized using 'CodeIgniter\Session\Handlers\FileHandler' driver.
INFO - 2024-09-28 03:27:41 --> Session: Class initialized using 'CodeIgniter\Session\Handlers\FileHandler' driver.
INFO - 2024-09-28 03:28:20 --> CSRF token verified.
INFO - 2024-09-28 03:28:20 --> Session: Class initialized using 'CodeIgniter\Session\Handlers\FileHandler' driver.
INFO - 2024-09-28 03:28:20 --> Session: Class initialized using 'CodeIgniter\Session\Handlers\FileHandler' driver.
INFO - 2024-09-28 03:28:24 --> Session: Class initialized using 'CodeIgniter\Session\Handlers\FileHandler' driver.
INFO - 2024-09-28 03:29:07 --> CSRF token verified.
INFO - 2024-09-28 03:29:08 --> Session: Class initialized using 'CodeIgniter\Session\Handlers\FileHandler' driver.
INFO - 2024-09-28 03:29:08 --> Session: Class initialized using 'CodeIgniter\Session\Handlers\FileHandler' driver.
INFO - 2024-09-28 03:29:14 --> Session: Class initialized using 'CodeIgniter\Session\Handlers\FileHandler' driver.
INFO - 2024-09-28 03:29:45 --> CSRF token verified.
INFO - 2024-09-28 03:29:45 --> Session: Class initialized using 'CodeIgniter\Session\Handlers\FileHandler' driver.
INFO - 2024-09-28 03:29:45 --> Session: Class initialized using 'CodeIgniter\Session\Handlers\FileHandler' driver.
INFO - 2024-09-28 03:31:01 --> Session: Class initialized using 'CodeIgniter\Session\Handlers\FileHandler' driver.
INFO - 2024-09-28 03:31:03 --> Session: Class initialized using 'CodeIgniter\Session\Handlers\FileHandler' driver.
INFO - 2024-09-28 03:31:52 --> Session: Class initialized using 'CodeIgniter\Session\Handlers\FileHandler' driver.
INFO - 2024-09-28 03:31:55 --> Session: Class initialized using 'CodeIgniter\Session\Handlers\FileHandler' driver.
INFO - 2024-09-28 03:31:59 --> Session: Class initialized using 'CodeIgniter\Session\Handlers\FileHandler' driver.
INFO - 2024-09-28 03:32:00 --> Session: Class initialized using 'CodeIgniter\Session\Handlers\FileHandler' driver.
INFO - 2024-09-28 03:33:01 --> Session: Class initialized using 'CodeIgniter\Session\Handlers\FileHandler' driver.
INFO - 2024-09-28 03:33:04 --> Session: Class initialized using 'CodeIgniter\Session\Handlers\FileHandler' driver.
INFO - 2024-09-28 03:33:08 --> Session: Class initialized using 'CodeIgniter\Session\Handlers\FileHandler' driver.
INFO - 2024-09-28 03:33:11 --> Session: Class initialized using 'CodeIgniter\Session\Handlers\FileHandler' driver.
INFO - 2024-09-28 03:33:32 --> Session: Class initialized using 'CodeIgniter\Session\Handlers\FileHandler' driver.
INFO - 2024-09-28 03:33:34 --> Session: Class initialized using 'CodeIgniter\Session\Handlers\FileHandler' driver.
INFO - 2024-09-28 03:33:36 --> Session: Class initialized using 'CodeIgniter\Session\Handlers\FileHandler' driver.
INFO - 2024-09-28 03:35:19 --> Session: Class initialized using 'CodeIgniter\Session\Handlers\FileHandler' driver.
INFO - 2024-09-28 03:35:21 --> Session: Class initialized using 'CodeIgniter\Session\Handlers\FileHandler' driver.
INFO - 2024-09-28 03:35:21 --> Session: Class initialized using 'CodeIgniter\Session\Handlers\FileHandler' driver.
INFO - 2024-09-28 03:35:30 --> Session: Class initialized using 'CodeIgniter\Session\Handlers\FileHandler' driver.
INFO - 2024-09-28 03:36:24 --> Session: Class initialized using 'CodeIgniter\Session\Handlers\FileHandler' driver.
INFO - 2024-09-28 03:36:26 --> Session: Class initialized using 'CodeIgniter\Session\Handlers\FileHandler' driver.
INFO - 2024-09-28 03:37:32 --> Session: Class initialized using 'CodeIgniter\Session\Handlers\FileHandler' driver.
INFO - 2024-09-28 03:37:35 --> Session: Class initialized using 'CodeIgniter\Session\Handlers\FileHandler' driver.
INFO - 2024-09-28 03:38:29 --> Session: Class initialized using 'CodeIgniter\Session\Handlers\FileHandler' driver.
INFO - 2024-09-28 03:38:39 --> Session: Class initialized using 'CodeIgniter\Session\Handlers\FileHandler' driver.
INFO - 2024-09-28 03:38:48 --> Session: Class initialized using 'CodeIgniter\Session\Handlers\FileHandler' driver.
INFO - 2024-09-28 03:38:51 --> Session: Class initialized using 'CodeIgniter\Session\Handlers\FileHandler' driver.
INFO - 2024-09-28 03:38:53 --> Session: Class initialized using 'CodeIgniter\Session\Handlers\FileHandler' driver.
INFO - 2024-09-28 03:38:54 --> Session: Class initialized using 'CodeIgniter\Session\Handlers\FileHandler' driver.
INFO - 2024-09-28 03:38:56 --> Session: Class initialized using 'CodeIgniter\Session\Handlers\FileHandler' driver.
INFO - 2024-09-28 03:38:57 --> Session: Class initialized using 'CodeIgniter\Session\Handlers\FileHandler' driver.
INFO - 2024-09-28 03:39:01 --> Session: Class initialized using 'CodeIgniter\Session\Handlers\FileHandler' driver.
INFO - 2024-09-28 03:39:04 --> Session: Class initialized using 'CodeIgniter\Session\Handlers\FileHandler' driver.
CRITICAL - 2024-09-28 03:39:04 --> Cannot use object of type stdClass as array
in APPPATH\Views\user\template\template.php on line 17.
 1 SYSTEMPATH\View\View.php(224): include()
 2 SYSTEMPATH\View\View.php(227): CodeIgniter\View\View->CodeIgniter\View\{closure}()
 3 SYSTEMPATH\View\View.php(240): CodeIgniter\View\View->render('user/template/template', [], true)
 4 SYSTEMPATH\Common.php(1180): CodeIgniter\View\View->render('user/artikel/detail', [], true)
 5 APPPATH\Controllers\user\Artikelctrl.php(95): view('user/artikel/detail', [...])
 6 SYSTEMPATH\CodeIgniter.php(932): App\Controllers\user\Artikelctrl->detail('eng-test')
 7 SYSTEMPATH\CodeIgniter.php(497): CodeIgniter\CodeIgniter->runController(Object(App\Controllers\user\Artikelctrl))
 8 SYSTEMPATH\CodeIgniter.php(366): CodeIgniter\CodeIgniter->handleRequest(null, Object(Config\Cache), false)
 9 FCPATH\index.php(67): CodeIgniter\CodeIgniter->run()
10 SYSTEMPATH\Commands\Server\rewrite.php(47): require_once('E:\\Magang 2024\\Project\\competent-academy\\competent\\public\\index.php')
INFO - 2024-09-28 03:39:18 --> Session: Class initialized using 'CodeIgniter\Session\Handlers\FileHandler' driver.
INFO - 2024-09-28 03:39:22 --> Session: Class initialized using 'CodeIgniter\Session\Handlers\FileHandler' driver.
INFO - 2024-09-28 04:14:37 --> Session: Class initialized using 'CodeIgniter\Session\Handlers\FileHandler' driver.
INFO - 2024-09-28 04:14:46 --> Session: Class initialized using 'CodeIgniter\Session\Handlers\FileHandler' driver.
INFO - 2024-09-28 04:14:47 --> Session: Class initialized using 'CodeIgniter\Session\Handlers\FileHandler' driver.
INFO - 2024-09-28 04:15:27 --> Session: Class initialized using 'CodeIgniter\Session\Handlers\FileHandler' driver.
INFO - 2024-09-28 04:15:29 --> Session: Class initialized using 'CodeIgniter\Session\Handlers\FileHandler' driver.
INFO - 2024-09-28 04:17:48 --> Session: Class initialized using 'CodeIgniter\Session\Handlers\FileHandler' driver.
INFO - 2024-09-28 04:17:50 --> Session: Class initialized using 'CodeIgniter\Session\Handlers\FileHandler' driver.
INFO - 2024-09-28 04:18:08 --> Session: Class initialized using 'CodeIgniter\Session\Handlers\FileHandler' driver.
INFO - 2024-09-28 04:18:21 --> Session: Class initialized using 'CodeIgniter\Session\Handlers\FileHandler' driver.
INFO - 2024-09-28 04:20:26 --> Session: Class initialized using 'CodeIgniter\Session\Handlers\FileHandler' driver.
INFO - 2024-09-28 04:20:30 --> Session: Class initialized using 'CodeIgniter\Session\Handlers\FileHandler' driver.
INFO - 2024-09-28 04:20:34 --> Session: Class initialized using 'CodeIgniter\Session\Handlers\FileHandler' driver.
INFO - 2024-09-28 04:20:38 --> Session: Class initialized using 'CodeIgniter\Session\Handlers\FileHandler' driver.
INFO - 2024-09-28 05:46:47 --> Session: Class initialized using 'CodeIgniter\Session\Handlers\FileHandler' driver.
INFO - 2024-09-28 05:46:50 --> Session: Class initialized using 'CodeIgniter\Session\Handlers\FileHandler' driver.
INFO - 2024-09-28 05:46:51 --> Session: Class initialized using 'CodeIgniter\Session\Handlers\FileHandler' driver.
INFO - 2024-09-28 05:46:56 --> Session: Class initialized using 'CodeIgniter\Session\Handlers\FileHandler' driver.
INFO - 2024-09-28 05:46:57 --> Session: Class initialized using 'CodeIgniter\Session\Handlers\FileHandler' driver.
INFO - 2024-09-28 05:57:13 --> Session: Class initialized using 'CodeIgniter\Session\Handlers\FileHandler' driver.
INFO - 2024-09-28 05:57:15 --> Session: Class initialized using 'CodeIgniter\Session\Handlers\FileHandler' driver.
INFO - 2024-09-28 05:57:16 --> Session: Class initialized using 'CodeIgniter\Session\Handlers\FileHandler' driver.
INFO - 2024-09-28 05:57:23 --> Session: Class initialized using 'CodeIgniter\Session\Handlers\FileHandler' driver.
